13:44:44.470 [com.simulation.restaurant] DEBUG Logger               - Configured Logger
13:44:44.527 [com.simulation.restaurant] DEBUG GameApplication      - Logging settings
Title: Restaurant Simulation
Version: 0.0
Width: 800
Height: 600
Fullscreen: false
Intro: false
Profiling: false
Single step:false
App Mode: DEVELOPER
Menu Key: ESCAPE
Stage Style: DECORATED
Scene Factory: class com.almasb.fxgl.app.scene.SceneFactory

13:44:45.121 [JavaFX Application Thread] DEBUG FXGLApplication      - Initializing FXGL
13:44:45.135 [JavaFX Application Thread] INFO  Engine               - FXGL-17.2 (20.08.2022 16.50) on LINUX (J:21.0.5 FX:18)
13:44:45.136 [JavaFX Application Thread] DEBUG Engine               - JRE Vendor Name: Red Hat, Inc.
13:44:45.137 [JavaFX Application Thread] DEBUG Engine               - Running on OS: Linux version 6.11.8-200.fc40.x86_64
13:44:45.137 [JavaFX Application Thread] DEBUG Engine               - Architecture: amd64
13:44:45.138 [JavaFX Application Thread] INFO  Engine               - Source code and latest versions at: https://github.com/AlmasB/FXGL
13:44:45.138 [JavaFX Application Thread] INFO  Engine               -       Ask questions and discuss at: https://github.com/AlmasB/FXGL/discussions
13:44:45.139 [JavaFX Application Thread] INFO  Engine               -              Join the FXGL chat at: https://gitter.im/AlmasB/FXGL
13:44:45.646 [JavaFX Application Thread] DEBUG PrimaryStageWindow   - Creating a JavaFX scene
13:44:46.008 [JavaFX Application Thread] DEBUG PrimaryStageWindow   - Target settings size: 800.0 x 600.0
13:44:46.009 [JavaFX Application Thread] DEBUG PrimaryStageWindow   - Scaled scene size:    800.0 x 600.0
13:44:46.009 [JavaFX Application Thread] DEBUG PrimaryStageWindow   - Scaled ratio: (1.0, 1.0)
13:44:46.013 [JavaFX Application Thread] DEBUG PrimaryStageWindow   - Set initial scene to FXGLStartupScene
13:44:46.044 [JavaFX Application Thread] DEBUG PrimaryStageWindow   - Opening main window
13:44:46.262 [JavaFX Application Thread] DEBUG PrimaryStageWindow   - Window border size: (8.0, 38.0)
13:44:46.263 [JavaFX Application Thread] DEBUG PrimaryStageWindow   - Scaled size: 800.0 x 600.0
13:44:46.263 [JavaFX Application Thread] DEBUG PrimaryStageWindow   - Scaled ratio: (1.0, 1.0)
13:44:46.264 [JavaFX Application Thread] DEBUG PrimaryStageWindow   - Scene size: 800.0 x 600.0
13:44:46.265 [JavaFX Application Thread] DEBUG PrimaryStageWindow   - Stage size: 808.0 x 638.0
13:44:46.286 [FXGL Background Thread 1 ] DEBUG Engine               - Initializing environment variables
13:44:46.391 [FXGL Background Thread 1 ] DEBUG FXGLAssetLoaderServi - User app class for loading assets: class com.simulation.restaurant.App
13:44:46.392 [FXGL Background Thread 1 ] DEBUG GameApplicationServi - Applying CSS: fxgl_dark.css
13:44:46.394 [FXGL Background Thread 1 ] DEBUG FXGLAssetLoaderServi - Loading from file system: jar:file:/home/diego/.m2/repository/com/github/almasb/fxgl/17.2/fxgl-17.2.jar!/fxglassets/ui/css/fxgl_dark.css
13:44:46.542 [FXGL Background Thread 1 ] DEBUG GameApplicationServi - Initializing application scenes
13:44:46.682 [FXGL Background Thread 1 ] DEBUG GameWorld            - Game world initialized
13:44:47.020 [FXGL Background Thread 1 ] DEBUG PhysicsWorld         - Physics world initialized: appHeight=600, physics.ppm=50.0
13:44:47.027 [FXGL Background Thread 1 ] DEBUG PhysicsWorld         - Using strategy: BRUTE_FORCE
13:44:47.064 [FXGL Background Thread 1 ] DEBUG GameScene            - Game scene initialized: 800x600
13:44:47.119 [FXGL Background Thread 1 ] DEBUG FXGL.DefaultMenu     - createMenuBodyGameMenu()
13:44:47.181 [FXGL Background Thread 1 ] DEBUG FXGL.DefaultMenu     - createOptionsMenu()
13:44:47.234 [FXGL Background Thread 1 ] DEBUG FXGLAssetLoaderServi - Loading from file system: jar:file:/home/diego/.m2/repository/com/github/almasb/fxgl/17.2/fxgl-17.2.jar!/fxglassets/textures/particles/smoke.png
13:44:47.614 [FXGL Background Thread 1 ] DEBUG FXGLAssetLoaderServi - Loading from file system: jar:file:/home/diego/.m2/repository/com/github/almasb/fxgl/17.2/fxgl-17.2.jar!/fxglassets/textures/particles/trace_horizontal.png
13:44:47.691 [FXGL Background Thread 1 ] DEBUG GameApplicationServi - Application scenes initialized
13:44:47.734 [FXGL Background Thread 1 ] DEBUG SystemBundleService  - Loading FXGL system data
13:44:47.745 [FXGL Background Thread 1 ] DEBUG FileSystemAccess     - Reading from: /home/diego/Documentos/concurrente/Restaurant/personal/restaurant-simulation/system/fxgl.bundle
13:44:47.769 [FXGL Background Thread 1 ] DEBUG SystemBundleService  - Bundle FXGL: {}
13:44:47.770 [FXGL Background Thread 1 ] DEBUG UpdaterService       - Checking for updates
13:44:47.782 [FXGL Background Thread 4 ] DEBUG FXGLApplication      - Loading fonts
13:44:47.784 [FXGL Background Thread 4 ] DEBUG FXGLAssetLoaderServi - Loading from file system: jar:file:/home/diego/.m2/repository/com/github/almasb/fxgl/17.2/fxgl-17.2.jar!/fxglassets/ui/fonts/VarelaRound-Regular.ttf
13:44:47.784 [FXGL Background Thread 1 ] DEBUG FXGLApplication      - Loading default localization
13:44:47.786 [FXGL Background Thread 1 ] DEBUG FXGLAssetLoaderServi - Loading from file system: jar:file:/home/diego/.m2/repository/com/github/almasb/fxgl/17.2/fxgl-17.2.jar!/fxglassets/languages/english.lang
13:44:47.808 [FXGL Background Thread 4 ] DEBUG FXGLAssetLoaderServi - Loading from file system: jar:file:/home/diego/.m2/repository/com/github/almasb/fxgl/17.2/fxgl-17.2.jar!/fxglassets/ui/fonts/Abel-Regular.ttf
13:44:47.812 [FXGL Background Thread 4 ] DEBUG FXGLAssetLoaderServi - Loading from file system: jar:file:/home/diego/.m2/repository/com/github/almasb/fxgl/17.2/fxgl-17.2.jar!/fxglassets/ui/fonts/TerminalLandMono-Regular.otf
13:44:47.820 [FXGL Background Thread 4 ] DEBUG FXGLAssetLoaderServi - Loading from file system: jar:file:/home/diego/.m2/repository/com/github/almasb/fxgl/17.2/fxgl-17.2.jar!/fxglassets/ui/fonts/Courier-Prime.ttf
13:44:47.830 [FXGL Background Thread 1 ] INFO  FXGLApplication      - FXGL initialization took: 1.544 sec
13:44:47.833 [JavaFX Application Thread] DEBUG FXGLAssetLoaderServi - Loading from file system: jar:file:/home/diego/.m2/repository/com/github/almasb/fxgl/17.2/fxgl-17.2.jar!/fxglassets/textures/fxgl_icon.png
13:44:47.930 [JavaFX Application Thread] DEBUG FXGLAssetLoaderServi - Loading from file system: jar:file:/home/diego/.m2/repository/com/github/almasb/fxgl/17.2/fxgl-17.2.jar!/fxglassets/textures/fxgl_default_cursor.png
13:44:47.960 [JavaFX Application Thread] DEBUG Input                - Registered new binding: Screenshot - CTRL+8
13:44:47.962 [JavaFX Application Thread] DEBUG Input                - Registered new binding: System info dump - CTRL+9
13:44:47.963 [JavaFX Application Thread] DEBUG Input                - Registered new binding: Restart - CTRL+R
13:44:47.965 [JavaFX Application Thread] DEBUG Input                - Registered new binding: Toggle Debug Camera - CTRL+7
13:44:47.971 [JavaFX Application Thread] DEBUG LoopRunner           - Starting loop
13:44:47.971 [JavaFX Application Thread] DEBUG LoopRunner           - Initializing JavaFX AnimationTimerLoop
13:44:47.976 [JavaFX Application Thread] DEBUG GameApplicationServi - Starting new game
13:44:47.978 [JavaFX Application Thread] DEBUG Input                - Clearing active input actions
13:44:48.014 [JavaFX Application Thread] DEBUG GameApplicationServi - Removing overlay from FXGLStartupScene and adding to FXGLLoadingScene
13:44:48.016 [JavaFX Application Thread] DEBUG PrimaryStageWindow   - FXGLStartupScene -> FXGLLoadingScene
13:44:48.016 [JavaFX Application Thread] DEBUG GameApplicationServi - Clearing previous game
13:44:48.016 [JavaFX Application Thread] DEBUG GameScene            - Clearing game scene
13:44:48.017 [JavaFX Application Thread] DEBUG GameWorld            - Clearing game world
13:44:48.017 [JavaFX Application Thread] DEBUG PhysicsWorld         - Clearing physics world
13:44:48.021 [JavaFX Application Thread] DEBUG FXGLApplication      - Registering font factories with UI factory
13:44:48.022 [FXGL Background Thread 1 ] DEBUG FXGLApplication      - Initializing game
13:44:48.028 [FXGL Background Thread 1 ] DEBUG FXGLAssetLoaderServi - Loading from file system: file:/home/diego/Documentos/concurrente/Restaurant/personal/restaurant-simulation/target/classes/assets/textures/floor.png
13:44:48.064 [FXGL Background Thread 1 ] DEBUG FXGLAssetLoaderServi - Loading from file system: file:/home/diego/Documentos/concurrente/Restaurant/personal/restaurant-simulation/target/classes/assets/textures/table.png
13:44:48.068 [FXGL Background Thread 1 ] DEBUG FXGLAssetLoaderServi - Loading from file system: file:/home/diego/Documentos/concurrente/Restaurant/personal/restaurant-simulation/target/classes/assets/textures/receptionist.png
13:44:48.108 [FXGL Background Thread 1 ] DEBUG FXGLAssetLoaderServi - Loading from file system: file:/home/diego/Documentos/concurrente/Restaurant/personal/restaurant-simulation/target/classes/assets/textures/girl2.png
13:44:48.133 [FXGL Background Thread 1 ] DEBUG FXGLAssetLoaderServi - Loading from file system: file:/home/diego/Documentos/concurrente/Restaurant/personal/restaurant-simulation/target/classes/assets/textures/kitchen.png
13:44:48.154 [FXGL Background Thread 1 ] DEBUG FXGLAssetLoaderServi - Loading from file system: file:/home/diego/Documentos/concurrente/Restaurant/personal/restaurant-simulation/target/classes/assets/textures/chef.png
13:44:48.170 [FXGL Background Thread 1 ] DEBUG FXGLAssetLoaderServi - Loading from file system: file:/home/diego/Documentos/concurrente/Restaurant/personal/restaurant-simulation/target/classes/assets/textures/tables.png
13:44:48.215 [FXGL Background Thread 1 ] DEBUG FXGLAssetLoaderServi - Loading from file system: file:/home/diego/Documentos/concurrente/Restaurant/personal/restaurant-simulation/target/classes/assets/textures/mesera.png
13:44:48.251 [FXGL Background Thread 1 ] DEBUG FXGLAssetLoaderServi - Loading from file system: file:/home/diego/Documentos/concurrente/Restaurant/personal/restaurant-simulation/target/classes/assets/textures/food.png
13:44:48.268 [FXGL Background Thread 1 ] WARN  GameWorld            - Entity is already attached to world
13:44:48.269 [FXGL Background Thread 1 ] WARN  GameWorld            - Entity is already attached to world
13:44:48.270 [FXGL Background Thread 1 ] WARN  GameWorld            - Entity is already attached to world
13:44:48.270 [FXGL Background Thread 1 ] WARN  GameWorld            - Entity is already attached to world
13:44:48.270 [FXGL Background Thread 1 ] WARN  GameWorld            - Entity is already attached to world
13:44:48.271 [FXGL Background Thread 1 ] WARN  GameWorld            - Entity is already attached to world
13:44:48.271 [FXGL Background Thread 1 ] WARN  GameWorld            - Entity is already attached to world
13:44:48.271 [FXGL Background Thread 1 ] WARN  GameWorld            - Entity is already attached to world
13:44:48.271 [FXGL Background Thread 1 ] WARN  GameWorld            - Entity is already attached to world
13:44:48.272 [FXGL Background Thread 1 ] WARN  GameWorld            - Entity is already attached to world
13:44:48.272 [FXGL Background Thread 1 ] WARN  GameWorld            - Entity is already attached to world
13:44:48.272 [FXGL Background Thread 1 ] WARN  GameWorld            - Entity is already attached to world
13:44:48.273 [FXGL Background Thread 1 ] WARN  GameWorld            - Entity is already attached to world
13:44:48.273 [FXGL Background Thread 1 ] WARN  GameWorld            - Entity is already attached to world
13:44:48.273 [FXGL Background Thread 1 ] WARN  GameWorld            - Entity is already attached to world
13:44:48.273 [FXGL Background Thread 1 ] WARN  GameWorld            - Entity is already attached to world
13:44:48.274 [FXGL Background Thread 1 ] WARN  GameWorld            - Entity is already attached to world
13:44:48.274 [FXGL Background Thread 1 ] WARN  GameWorld            - Entity is already attached to world
13:44:48.278 [FXGL Background Thread 1 ] WARN  GameWorld            - Entity is already attached to world
13:44:48.279 [FXGL Background Thread 1 ] WARN  GameWorld            - Entity is already attached to world
13:44:48.279 [FXGL Background Thread 1 ] WARN  GameWorld            - Entity is already attached to world
13:44:48.306 [FXGL Background Thread 1 ] INFO  FXGLApplication      - Game initialization took: 0.284 sec
13:44:48.335 [JavaFX Application Thread] DEBUG FXGLAssetLoaderServi - Loading from file system: file:/home/diego/Documentos/concurrente/Restaurant/personal/restaurant-simulation/target/classes/assets/textures/boy.png
13:44:48.354 [JavaFX Application Thread] DEBUG Input                - Clearing active input actions
13:44:48.386 [JavaFX Application Thread] DEBUG GameApplicationServi - Removing overlay from FXGLLoadingScene and adding to GameScene
13:44:48.387 [JavaFX Application Thread] DEBUG PrimaryStageWindow   - FXGLLoadingScene -> GameScene
13:44:48.389 [JavaFX Application Thread] DEBUG FXGLAssetLoaderServi - Loading from file system: file:/home/diego/Documentos/concurrente/Restaurant/personal/restaurant-simulation/target/classes/assets/textures/boy2.png
13:44:49.437 [FXGL Background Thread 2 ] INFO  UpdaterService       - Your current version:  17.2
13:44:49.439 [FXGL Background Thread 2 ] INFO  UpdaterService       - Latest stable version: 21.1
13:44:50.777 [FXGL Background Thread 3 ] DEBUG Engine               - Logging environment variables
13:44:50.787 [FXGL Background Thread 3 ] DEBUG Engine               - achievements: []
13:44:50.788 [FXGL Background Thread 3 ] DEBUG Engine               - actualHeight: 600.0
13:44:50.788 [FXGL Background Thread 3 ] DEBUG Engine               - actualHeightProperty: ReadOnlyDoubleProperty [value: 600.0]
13:44:50.789 [FXGL Background Thread 3 ] DEBUG Engine               - actualWidth: 800.0
13:44:50.789 [FXGL Background Thread 3 ] DEBUG Engine               - actualWidthProperty: ReadOnlyDoubleProperty [value: 800.0]
13:44:50.789 [FXGL Background Thread 3 ] DEBUG Engine               - appIcon: fxgl_icon.png
13:44:50.789 [FXGL Background Thread 3 ] DEBUG Engine               - applicationMode: DEVELOPER
13:44:50.792 [FXGL Background Thread 3 ] DEBUG Engine               - cSSList: [fxgl_dark.css]
13:44:50.792 [FXGL Background Thread 3 ] DEBUG Engine               - collisionDetectionStrategy: BRUTE_FORCE
13:44:50.795 [FXGL Background Thread 3 ] DEBUG Engine               - configClass: Optional.empty
13:44:50.795 [FXGL Background Thread 3 ] DEBUG Engine               - credits: []
13:44:50.797 [FXGL Background Thread 3 ] DEBUG Engine               - defaultCursor: CursorInfo(imageName=fxgl_default_cursor.png, hotspotX=7.0, hotspotY=6.0)
13:44:50.799 [FXGL Background Thread 3 ] DEBUG Engine               - devBBoxColorProperty: ObjectProperty [value: 0xff0000ff]
13:44:50.800 [FXGL Background Thread 3 ] DEBUG Engine               - devEnableDebugCameraProperty: BooleanProperty [value: false]
13:44:50.800 [FXGL Background Thread 3 ] DEBUG Engine               - devSensorColorProperty: ObjectProperty [value: 0xffff00ff]
13:44:50.801 [FXGL Background Thread 3 ] DEBUG Engine               - devShowBBoxProperty: BooleanProperty [value: false]
13:44:50.801 [FXGL Background Thread 3 ] DEBUG Engine               - devShowPositionProperty: BooleanProperty [value: false]
13:44:50.801 [FXGL Background Thread 3 ] DEBUG Engine               - enabledMenuItems: []
13:44:50.801 [FXGL Background Thread 3 ] DEBUG Engine               - engineServices: [class com.almasb.fxgl.app.services.FXGLAssetLoaderService, class com.almasb.fxgl.app.FXGLApplication$GameApplicationService, class com.almasb.fxgl.app.services.FXGLDialogService, class com.almasb.fxgl.app.services.IOTaskExecutorService, class com.almasb.fxgl.io.FileSystemService, class com.almasb.fxgl.localization.LocalizationService, class com.almasb.fxgl.app.services.SystemBundleService, class com.almasb.fxgl.profile.SaveLoadService, class com.almasb.fxgl.ui.FXGLUIFactoryServiceProvider, class com.almasb.fxgl.ui.FXGLDialogFactoryServiceProvider, class com.almasb.fxgl.audio.AudioPlayer, class com.almasb.fxgl.notification.impl.NotificationServiceProvider, class com.almasb.fxgl.achievement.AchievementService, class com.almasb.fxgl.cutscene.CutsceneService, class com.almasb.fxgl.minigames.MiniGameService, class com.almasb.fxgl.net.NetService, class com.almasb.fxgl.app.services.UpdaterService, class com.almasb.fxgl.dev.DevService]
13:44:50.802 [FXGL Background Thread 3 ] DEBUG Engine               - fontGame: Abel-Regular.ttf
13:44:50.802 [FXGL Background Thread 3 ] DEBUG Engine               - fontMono: TerminalLandMono-Regular.otf
13:44:50.802 [FXGL Background Thread 3 ] DEBUG Engine               - fontText: Courier-Prime.ttf
13:44:50.802 [FXGL Background Thread 3 ] DEBUG Engine               - fontUI: VarelaRound-Regular.ttf
13:44:50.804 [FXGL Background Thread 3 ] DEBUG Engine               - fullScreen: BooleanProperty [value: false]
13:44:50.805 [FXGL Background Thread 3 ] DEBUG Engine               - gameDifficulty: MEDIUM
13:44:50.805 [FXGL Background Thread 3 ] DEBUG Engine               - gameDifficultyProperty: ObjectProperty [value: MEDIUM]
13:44:50.805 [FXGL Background Thread 3 ] DEBUG Engine               - globalMusicVolume: 0.5
13:44:50.805 [FXGL Background Thread 3 ] DEBUG Engine               - globalMusicVolumeProperty: DoubleProperty [value: 0.5]
13:44:50.806 [FXGL Background Thread 3 ] DEBUG Engine               - globalSoundVolume: 0.5
13:44:50.806 [FXGL Background Thread 3 ] DEBUG Engine               - globalSoundVolumeProperty: DoubleProperty [value: 0.5]
13:44:50.806 [FXGL Background Thread 3 ] DEBUG Engine               - height: 600
13:44:50.806 [FXGL Background Thread 3 ] DEBUG Engine               - is3D: false
13:44:50.806 [FXGL Background Thread 3 ] DEBUG Engine               - isAndroid: false
13:44:50.806 [FXGL Background Thread 3 ] DEBUG Engine               - isBrowser: false
13:44:50.807 [FXGL Background Thread 3 ] DEBUG Engine               - isClickFeedbackEnabled: false
13:44:50.807 [FXGL Background Thread 3 ] DEBUG Engine               - isCloseConfirmation: false
13:44:50.807 [FXGL Background Thread 3 ] DEBUG Engine               - isDesktop: true
13:44:50.807 [FXGL Background Thread 3 ] DEBUG Engine               - isDeveloperMenuEnabled: false
13:44:50.807 [FXGL Background Thread 3 ] DEBUG Engine               - isEmbedded: false
13:44:50.807 [FXGL Background Thread 3 ] DEBUG Engine               - isEntityPreloadEnabled: true
13:44:50.808 [FXGL Background Thread 3 ] DEBUG Engine               - isExperimentalTiledLargeMap: false
13:44:50.808 [FXGL Background Thread 3 ] DEBUG Engine               - isFileSystemWriteAllowed: true
13:44:50.808 [FXGL Background Thread 3 ] DEBUG Engine               - isFullScreenAllowed: false
13:44:50.808 [FXGL Background Thread 3 ] DEBUG Engine               - isFullScreenFromStart: false
13:44:50.808 [FXGL Background Thread 3 ] DEBUG Engine               - isGameMenuEnabled: true
13:44:50.808 [FXGL Background Thread 3 ] DEBUG Engine               - isIOS: false
13:44:50.809 [FXGL Background Thread 3 ] DEBUG Engine               - isIntroEnabled: false
13:44:50.809 [FXGL Background Thread 3 ] DEBUG Engine               - isLinux: true
13:44:50.809 [FXGL Background Thread 3 ] DEBUG Engine               - isMac: false
13:44:50.809 [FXGL Background Thread 3 ] DEBUG Engine               - isMainMenuEnabled: false
13:44:50.809 [FXGL Background Thread 3 ] DEBUG Engine               - isManualResizeEnabled: false
13:44:50.809 [FXGL Background Thread 3 ] DEBUG Engine               - isMobile: false
13:44:50.810 [FXGL Background Thread 3 ] DEBUG Engine               - isNative: false
13:44:50.811 [FXGL Background Thread 3 ] DEBUG Engine               - isPauseMusicWhenMinimized: true
13:44:50.811 [FXGL Background Thread 3 ] DEBUG Engine               - isPreserveResizeRatio: false
13:44:50.811 [FXGL Background Thread 3 ] DEBUG Engine               - isProfilingEnabled: false
13:44:50.811 [FXGL Background Thread 3 ] DEBUG Engine               - isScaleAffectedOnResize: true
13:44:50.811 [FXGL Background Thread 3 ] DEBUG Engine               - isSingleStep: false
13:44:50.812 [FXGL Background Thread 3 ] DEBUG Engine               - isUserProfileEnabled: false
13:44:50.812 [FXGL Background Thread 3 ] DEBUG Engine               - isWindows: false
13:44:50.812 [FXGL Background Thread 3 ] DEBUG Engine               - language: ObjectProperty [value: ENGLISH]
13:44:50.812 [FXGL Background Thread 3 ] DEBUG Engine               - menuKey: ESCAPE
13:44:50.812 [FXGL Background Thread 3 ] DEBUG Engine               - mouseSensitivity: 0.2
13:44:50.812 [FXGL Background Thread 3 ] DEBUG Engine               - notificationViewClass: class com.almasb.fxgl.notification.view.XboxNotificationView
13:44:50.813 [FXGL Background Thread 3 ] DEBUG Engine               - pixelsPerMeter: 50.0
13:44:50.814 [FXGL Background Thread 3 ] DEBUG Engine               - platform: LINUX
13:44:50.814 [FXGL Background Thread 3 ] DEBUG Engine               - prefHeightProperty: ReadOnlyDoubleProperty [value: 600.0]
13:44:50.814 [FXGL Background Thread 3 ] DEBUG Engine               - prefWidthProperty: ReadOnlyDoubleProperty [value: 800.0]
13:44:50.815 [FXGL Background Thread 3 ] DEBUG Engine               - profileDir: profiles/
13:44:50.815 [FXGL Background Thread 3 ] DEBUG Engine               - profileName: StringProperty [value: DEFAULT]
13:44:50.815 [FXGL Background Thread 3 ] DEBUG Engine               - randomSeed: -1
13:44:50.816 [FXGL Background Thread 3 ] DEBUG Engine               - runtimeInfo: RuntimeInfo(platform=LINUX, version=17.2, build=20.08.2022 16.50)
13:44:50.816 [FXGL Background Thread 3 ] DEBUG Engine               - saveFileExt: sav
13:44:50.817 [FXGL Background Thread 3 ] DEBUG Engine               - scaledHeightProp$fxgl: DoubleProperty [bound, value: 600.0]
13:44:50.817 [FXGL Background Thread 3 ] DEBUG Engine               - scaledWidthProp$fxgl: DoubleProperty [bound, value: 800.0]
13:44:50.817 [FXGL Background Thread 3 ] DEBUG Engine               - sceneFactory: com.almasb.fxgl.app.scene.SceneFactory@313703d4
13:44:50.817 [FXGL Background Thread 3 ] DEBUG Engine               - secondsIn24h: 60
13:44:50.817 [FXGL Background Thread 3 ] DEBUG Engine               - soundMenuBack: menu/back.wav
13:44:50.817 [FXGL Background Thread 3 ] DEBUG Engine               - soundMenuPress: menu/press.wav
13:44:50.817 [FXGL Background Thread 3 ] DEBUG Engine               - soundMenuSelect: menu/select.wav
13:44:50.818 [FXGL Background Thread 3 ] DEBUG Engine               - soundNotification: core/notification.wav
13:44:50.818 [FXGL Background Thread 3 ] DEBUG Engine               - stageStyle: DECORATED
13:44:50.818 [FXGL Background Thread 3 ] DEBUG Engine               - supportedLanguages: [ENGLISH, FRENCH, GERMAN, HUNGARIAN, RUSSIAN]
13:44:50.818 [FXGL Background Thread 3 ] DEBUG Engine               - ticksPerSecond: -1
13:44:50.818 [FXGL Background Thread 3 ] DEBUG Engine               - title: Restaurant Simulation
13:44:50.818 [FXGL Background Thread 3 ] DEBUG Engine               - urlGithub: https://github.com/AlmasB/FXGL
13:44:50.819 [FXGL Background Thread 3 ] DEBUG Engine               - urlLeaderboard: http://fxgl-top.herokuapp.com/
13:44:50.819 [FXGL Background Thread 3 ] DEBUG Engine               - urlPOM: https://raw.githubusercontent.com/AlmasB/FXGL/release/README.md
13:44:50.819 [FXGL Background Thread 3 ] DEBUG Engine               - userAppClass: class com.simulation.restaurant.App
13:44:50.819 [FXGL Background Thread 3 ] DEBUG Engine               - version: 0.0
13:44:50.819 [FXGL Background Thread 3 ] DEBUG Engine               - versionCheckDays: 7
13:44:50.820 [FXGL Background Thread 3 ] DEBUG Engine               - width: 800
13:44:50.820 [FXGL Background Thread 3 ] DEBUG Engine               - Logging services
13:44:50.820 [FXGL Background Thread 3 ] DEBUG Engine               - class com.almasb.fxgl.app.services.FXGLAssetLoaderService
13:44:50.820 [FXGL Background Thread 3 ] DEBUG Engine               - class com.almasb.fxgl.app.FXGLApplication$GameApplicationService
13:44:50.820 [FXGL Background Thread 3 ] DEBUG Engine               - class com.almasb.fxgl.app.services.FXGLDialogService
13:44:50.820 [FXGL Background Thread 3 ] DEBUG Engine               - class com.almasb.fxgl.app.services.IOTaskExecutorService
13:44:50.820 [FXGL Background Thread 3 ] DEBUG Engine               - class com.almasb.fxgl.io.FileSystemService
13:44:50.821 [FXGL Background Thread 3 ] DEBUG Engine               - class com.almasb.fxgl.localization.LocalizationService
13:44:50.821 [FXGL Background Thread 3 ] DEBUG Engine               - class com.almasb.fxgl.app.services.SystemBundleService
13:44:50.821 [FXGL Background Thread 3 ] DEBUG Engine               - class com.almasb.fxgl.profile.SaveLoadService
13:44:50.821 [FXGL Background Thread 3 ] DEBUG Engine               - class com.almasb.fxgl.ui.FXGLUIFactoryServiceProvider
13:44:50.821 [FXGL Background Thread 3 ] DEBUG Engine               - class com.almasb.fxgl.ui.FXGLDialogFactoryServiceProvider
13:44:50.821 [FXGL Background Thread 3 ] DEBUG Engine               - class com.almasb.fxgl.audio.AudioPlayer
13:44:50.821 [FXGL Background Thread 3 ] DEBUG Engine               - class com.almasb.fxgl.notification.impl.NotificationServiceProvider
13:44:50.822 [FXGL Background Thread 3 ] DEBUG Engine               - class com.almasb.fxgl.achievement.AchievementService
13:44:50.822 [FXGL Background Thread 3 ] DEBUG Engine               - class com.almasb.fxgl.cutscene.CutsceneService
13:44:50.822 [FXGL Background Thread 3 ] DEBUG Engine               - class com.almasb.fxgl.minigames.MiniGameService
13:44:50.822 [FXGL Background Thread 3 ] DEBUG Engine               - class com.almasb.fxgl.net.NetService
13:44:50.822 [FXGL Background Thread 3 ] DEBUG Engine               - class com.almasb.fxgl.app.services.UpdaterService
13:44:50.822 [FXGL Background Thread 3 ] DEBUG Engine               - class com.almasb.fxgl.dev.DevService
13:44:52.576 [JavaFX Application Thread] DEBUG FXGLAssetLoaderServi - Loading from file system: file:/home/diego/Documentos/concurrente/Restaurant/personal/restaurant-simulation/target/classes/assets/textures/boy3.png
13:45:20.018 [JavaFX Application Thread] DEBUG FXGLApplication      - Exiting FXGL
13:45:20.019 [JavaFX Application Thread] DEBUG LoopRunner           - Stopping loop
13:45:20.019 [JavaFX Application Thread] DEBUG SystemBundleService  - Saving FXGL system data
13:45:20.027 [JavaFX Application Thread] DEBUG FileSystemAccess     - Writing to: /home/diego/Documentos/concurrente/Restaurant/personal/restaurant-simulation/system/fxgl.bundle
13:45:20.038 [JavaFX Application Thread] DEBUG Async                - Shutting down background threads
13:45:20.039 [JavaFX Application Thread] DEBUG PrimaryStageWindow   - Closing main window
13:45:20.047 [JavaFX Application Thread] DEBUG Logger               - Closing Logger
