14:00:04.050 [com.simulation.restaurant] DEBUG Logger               - Configured Logger
14:00:04.100 [com.simulation.restaurant] DEBUG GameApplication      - Logging settings
Title: Restaurant Simulation
Version: 0.0
Width: 800
Height: 600
Fullscreen: false
Intro: false
Profiling: false
Single step:false
App Mode: DEVELOPER
Menu Key: ESCAPE
Stage Style: DECORATED
Scene Factory: class com.almasb.fxgl.app.scene.SceneFactory

14:00:04.677 [JavaFX Application Thread] DEBUG FXGLApplication      - Initializing FXGL
14:00:04.688 [JavaFX Application Thread] INFO  Engine               - FXGL-17.2 (20.08.2022 16.50) on LINUX (J:21.0.5 FX:18)
14:00:04.689 [JavaFX Application Thread] DEBUG Engine               - JRE Vendor Name: Red Hat, Inc.
14:00:04.689 [JavaFX Application Thread] DEBUG Engine               - Running on OS: Linux version 6.11.8-200.fc40.x86_64
14:00:04.690 [JavaFX Application Thread] DEBUG Engine               - Architecture: amd64
14:00:04.690 [JavaFX Application Thread] INFO  Engine               - Source code and latest versions at: https://github.com/AlmasB/FXGL
14:00:04.691 [JavaFX Application Thread] INFO  Engine               -       Ask questions and discuss at: https://github.com/AlmasB/FXGL/discussions
14:00:04.691 [JavaFX Application Thread] INFO  Engine               -              Join the FXGL chat at: https://gitter.im/AlmasB/FXGL
14:00:05.029 [JavaFX Application Thread] DEBUG PrimaryStageWindow   - Creating a JavaFX scene
14:00:05.279 [JavaFX Application Thread] DEBUG PrimaryStageWindow   - Target settings size: 800.0 x 600.0
14:00:05.280 [JavaFX Application Thread] DEBUG PrimaryStageWindow   - Scaled scene size:    800.0 x 600.0
14:00:05.281 [JavaFX Application Thread] DEBUG PrimaryStageWindow   - Scaled ratio: (1.0, 1.0)
14:00:05.284 [JavaFX Application Thread] DEBUG PrimaryStageWindow   - Set initial scene to FXGLStartupScene
14:00:05.312 [JavaFX Application Thread] DEBUG PrimaryStageWindow   - Opening main window
14:00:05.540 [JavaFX Application Thread] DEBUG PrimaryStageWindow   - Window border size: (8.0, 38.0)
14:00:05.541 [JavaFX Application Thread] DEBUG PrimaryStageWindow   - Scaled size: 800.0 x 600.0
14:00:05.542 [JavaFX Application Thread] DEBUG PrimaryStageWindow   - Scaled ratio: (1.0, 1.0)
14:00:05.543 [JavaFX Application Thread] DEBUG PrimaryStageWindow   - Scene size: 800.0 x 600.0
14:00:05.544 [JavaFX Application Thread] DEBUG PrimaryStageWindow   - Stage size: 808.0 x 638.0
14:00:05.570 [FXGL Background Thread 1 ] DEBUG Engine               - Initializing environment variables
14:00:05.705 [FXGL Background Thread 1 ] DEBUG FXGLAssetLoaderServi - User app class for loading assets: class com.simulation.restaurant.App
14:00:05.707 [FXGL Background Thread 1 ] DEBUG GameApplicationServi - Applying CSS: fxgl_dark.css
14:00:05.709 [FXGL Background Thread 1 ] DEBUG FXGLAssetLoaderServi - Loading from file system: jar:file:/home/diego/.m2/repository/com/github/almasb/fxgl/17.2/fxgl-17.2.jar!/fxglassets/ui/css/fxgl_dark.css
14:00:05.960 [FXGL Background Thread 1 ] DEBUG GameApplicationServi - Initializing application scenes
14:00:06.210 [FXGL Background Thread 1 ] DEBUG GameWorld            - Game world initialized
14:00:06.488 [FXGL Background Thread 1 ] DEBUG PhysicsWorld         - Physics world initialized: appHeight=600, physics.ppm=50.0
14:00:06.488 [FXGL Background Thread 1 ] DEBUG PhysicsWorld         - Using strategy: BRUTE_FORCE
14:00:06.501 [FXGL Background Thread 1 ] DEBUG GameScene            - Game scene initialized: 800x600
14:00:06.536 [FXGL Background Thread 1 ] DEBUG FXGL.DefaultMenu     - createMenuBodyGameMenu()
14:00:06.586 [FXGL Background Thread 1 ] DEBUG FXGL.DefaultMenu     - createOptionsMenu()
14:00:06.622 [FXGL Background Thread 1 ] DEBUG FXGLAssetLoaderServi - Loading from file system: jar:file:/home/diego/.m2/repository/com/github/almasb/fxgl/17.2/fxgl-17.2.jar!/fxglassets/textures/particles/smoke.png
14:00:06.914 [FXGL Background Thread 1 ] DEBUG FXGLAssetLoaderServi - Loading from file system: jar:file:/home/diego/.m2/repository/com/github/almasb/fxgl/17.2/fxgl-17.2.jar!/fxglassets/textures/particles/trace_horizontal.png
14:00:06.999 [FXGL Background Thread 1 ] DEBUG GameApplicationServi - Application scenes initialized
14:00:07.048 [FXGL Background Thread 1 ] DEBUG SystemBundleService  - Loading FXGL system data
14:00:07.064 [FXGL Background Thread 1 ] DEBUG FileSystemAccess     - Reading from: /home/diego/Documentos/concurrente/Restaurant/personal/restaurant-simulation/system/fxgl.bundle
14:00:07.090 [FXGL Background Thread 1 ] DEBUG SystemBundleService  - Bundle FXGL: {}
14:00:07.090 [FXGL Background Thread 1 ] DEBUG UpdaterService       - Checking for updates
14:00:07.108 [FXGL Background Thread 1 ] DEBUG FXGLApplication      - Loading default localization
14:00:07.108 [FXGL Background Thread 4 ] DEBUG FXGLApplication      - Loading fonts
14:00:07.109 [FXGL Background Thread 4 ] DEBUG FXGLAssetLoaderServi - Loading from file system: jar:file:/home/diego/.m2/repository/com/github/almasb/fxgl/17.2/fxgl-17.2.jar!/fxglassets/ui/fonts/VarelaRound-Regular.ttf
14:00:07.109 [FXGL Background Thread 1 ] DEBUG FXGLAssetLoaderServi - Loading from file system: jar:file:/home/diego/.m2/repository/com/github/almasb/fxgl/17.2/fxgl-17.2.jar!/fxglassets/languages/english.lang
14:00:07.138 [FXGL Background Thread 4 ] DEBUG FXGLAssetLoaderServi - Loading from file system: jar:file:/home/diego/.m2/repository/com/github/almasb/fxgl/17.2/fxgl-17.2.jar!/fxglassets/ui/fonts/Abel-Regular.ttf
14:00:07.149 [FXGL Background Thread 4 ] DEBUG FXGLAssetLoaderServi - Loading from file system: jar:file:/home/diego/.m2/repository/com/github/almasb/fxgl/17.2/fxgl-17.2.jar!/fxglassets/ui/fonts/TerminalLandMono-Regular.otf
14:00:07.157 [FXGL Background Thread 4 ] DEBUG FXGLAssetLoaderServi - Loading from file system: jar:file:/home/diego/.m2/repository/com/github/almasb/fxgl/17.2/fxgl-17.2.jar!/fxglassets/ui/fonts/Courier-Prime.ttf
14:00:07.168 [JavaFX Application Thread] DEBUG FXGLApplication      - Registering font factories with UI factory
14:00:07.186 [FXGL Background Thread 1 ] INFO  FXGLApplication      - FXGL initialization took: 1.615 sec
14:00:07.192 [JavaFX Application Thread] DEBUG FXGLAssetLoaderServi - Loading from file system: jar:file:/home/diego/.m2/repository/com/github/almasb/fxgl/17.2/fxgl-17.2.jar!/fxglassets/textures/fxgl_icon.png
14:00:07.273 [JavaFX Application Thread] DEBUG FXGLAssetLoaderServi - Loading from file system: jar:file:/home/diego/.m2/repository/com/github/almasb/fxgl/17.2/fxgl-17.2.jar!/fxglassets/textures/fxgl_default_cursor.png
14:00:07.307 [JavaFX Application Thread] DEBUG Input                - Registered new binding: Screenshot - CTRL+8
14:00:07.309 [JavaFX Application Thread] DEBUG Input                - Registered new binding: System info dump - CTRL+9
14:00:07.310 [JavaFX Application Thread] DEBUG Input                - Registered new binding: Restart - CTRL+R
14:00:07.313 [JavaFX Application Thread] DEBUG Input                - Registered new binding: Toggle Debug Camera - CTRL+7
14:00:07.322 [JavaFX Application Thread] DEBUG LoopRunner           - Starting loop
14:00:07.323 [JavaFX Application Thread] DEBUG LoopRunner           - Initializing JavaFX AnimationTimerLoop
14:00:07.332 [JavaFX Application Thread] DEBUG GameApplicationServi - Starting new game
14:00:07.333 [JavaFX Application Thread] DEBUG Input                - Clearing active input actions
14:00:07.402 [JavaFX Application Thread] DEBUG GameApplicationServi - Removing overlay from FXGLStartupScene and adding to FXGLLoadingScene
14:00:07.403 [JavaFX Application Thread] DEBUG PrimaryStageWindow   - FXGLStartupScene -> FXGLLoadingScene
14:00:07.404 [JavaFX Application Thread] DEBUG GameApplicationServi - Clearing previous game
14:00:07.404 [JavaFX Application Thread] DEBUG GameScene            - Clearing game scene
14:00:07.404 [JavaFX Application Thread] DEBUG GameWorld            - Clearing game world
14:00:07.405 [JavaFX Application Thread] DEBUG PhysicsWorld         - Clearing physics world
14:00:07.413 [FXGL Background Thread 1 ] DEBUG FXGLApplication      - Initializing game
14:00:07.418 [FXGL Background Thread 1 ] DEBUG FXGLAssetLoaderServi - Loading from file system: file:/home/diego/Documentos/concurrente/Restaurant/personal/restaurant-simulation/target/classes/assets/textures/floor.png
14:00:07.447 [FXGL Background Thread 1 ] DEBUG FXGLAssetLoaderServi - Loading from file system: file:/home/diego/Documentos/concurrente/Restaurant/personal/restaurant-simulation/target/classes/assets/textures/table.png
14:00:07.452 [FXGL Background Thread 1 ] DEBUG FXGLAssetLoaderServi - Loading from file system: file:/home/diego/Documentos/concurrente/Restaurant/personal/restaurant-simulation/target/classes/assets/textures/receptionist.png
14:00:07.478 [FXGL Background Thread 1 ] DEBUG FXGLAssetLoaderServi - Loading from file system: file:/home/diego/Documentos/concurrente/Restaurant/personal/restaurant-simulation/target/classes/assets/textures/girl2.png
14:00:07.536 [FXGL Background Thread 1 ] DEBUG FXGLAssetLoaderServi - Loading from file system: file:/home/diego/Documentos/concurrente/Restaurant/personal/restaurant-simulation/target/classes/assets/textures/kitchen.png
14:00:07.587 [FXGL Background Thread 1 ] DEBUG FXGLAssetLoaderServi - Loading from file system: file:/home/diego/Documentos/concurrente/Restaurant/personal/restaurant-simulation/target/classes/assets/textures/chef.png
14:00:07.631 [FXGL Background Thread 1 ] DEBUG FXGLAssetLoaderServi - Loading from file system: file:/home/diego/Documentos/concurrente/Restaurant/personal/restaurant-simulation/target/classes/assets/textures/tables.png
14:00:07.756 [FXGL Background Thread 1 ] DEBUG FXGLAssetLoaderServi - Loading from file system: file:/home/diego/Documentos/concurrente/Restaurant/personal/restaurant-simulation/target/classes/assets/textures/mesera.png
14:00:07.792 [FXGL Background Thread 1 ] DEBUG FXGLAssetLoaderServi - Loading from file system: file:/home/diego/Documentos/concurrente/Restaurant/personal/restaurant-simulation/target/classes/assets/textures/food.png
14:00:07.816 [FXGL Background Thread 1 ] WARN  GameWorld            - Entity is already attached to world
14:00:07.818 [FXGL Background Thread 1 ] WARN  GameWorld            - Entity is already attached to world
14:00:07.819 [FXGL Background Thread 1 ] WARN  GameWorld            - Entity is already attached to world
14:00:07.819 [FXGL Background Thread 1 ] WARN  GameWorld            - Entity is already attached to world
14:00:07.820 [FXGL Background Thread 1 ] WARN  GameWorld            - Entity is already attached to world
14:00:07.820 [FXGL Background Thread 1 ] WARN  GameWorld            - Entity is already attached to world
14:00:07.820 [FXGL Background Thread 1 ] WARN  GameWorld            - Entity is already attached to world
14:00:07.821 [FXGL Background Thread 1 ] WARN  GameWorld            - Entity is already attached to world
14:00:07.821 [FXGL Background Thread 1 ] WARN  GameWorld            - Entity is already attached to world
14:00:07.822 [FXGL Background Thread 1 ] WARN  GameWorld            - Entity is already attached to world
14:00:07.822 [FXGL Background Thread 1 ] WARN  GameWorld            - Entity is already attached to world
14:00:07.822 [FXGL Background Thread 1 ] WARN  GameWorld            - Entity is already attached to world
14:00:07.822 [FXGL Background Thread 1 ] WARN  GameWorld            - Entity is already attached to world
14:00:07.823 [FXGL Background Thread 1 ] WARN  GameWorld            - Entity is already attached to world
14:00:07.823 [FXGL Background Thread 1 ] WARN  GameWorld            - Entity is already attached to world
14:00:07.824 [FXGL Background Thread 1 ] WARN  GameWorld            - Entity is already attached to world
14:00:07.826 [FXGL Background Thread 1 ] WARN  GameWorld            - Entity is already attached to world
14:00:07.827 [FXGL Background Thread 1 ] WARN  GameWorld            - Entity is already attached to world
14:00:07.828 [FXGL Background Thread 1 ] WARN  GameWorld            - Entity is already attached to world
14:00:07.829 [FXGL Background Thread 1 ] WARN  GameWorld            - Entity is already attached to world
14:00:07.829 [FXGL Background Thread 1 ] WARN  GameWorld            - Entity is already attached to world
14:00:07.873 [FXGL Background Thread 1 ] INFO  FXGLApplication      - Game initialization took: 0.460 sec
14:00:07.888 [JavaFX Application Thread] DEBUG Input                - Clearing active input actions
14:00:07.975 [JavaFX Application Thread] DEBUG GameApplicationServi - Removing overlay from FXGLLoadingScene and adding to GameScene
14:00:07.976 [JavaFX Application Thread] DEBUG PrimaryStageWindow   - FXGLLoadingScene -> GameScene
14:00:07.988 [JavaFX Application Thread] DEBUG FXGLAssetLoaderServi - Loading from file system: file:/home/diego/Documentos/concurrente/Restaurant/personal/restaurant-simulation/target/classes/assets/textures/boy3.png
14:00:08.090 [JavaFX Application Thread] DEBUG FXGLAssetLoaderServi - Loading from file system: file:/home/diego/Documentos/concurrente/Restaurant/personal/restaurant-simulation/target/classes/assets/textures/boy2.png
14:00:10.100 [FXGL Background Thread 3 ] DEBUG Engine               - Logging environment variables
14:00:10.103 [FXGL Background Thread 3 ] DEBUG Engine               - achievements: []
14:00:10.103 [FXGL Background Thread 3 ] DEBUG Engine               - actualHeight: 600.0
14:00:10.104 [FXGL Background Thread 3 ] DEBUG Engine               - actualHeightProperty: ReadOnlyDoubleProperty [value: 600.0]
14:00:10.104 [FXGL Background Thread 3 ] DEBUG Engine               - actualWidth: 800.0
14:00:10.104 [FXGL Background Thread 3 ] DEBUG Engine               - actualWidthProperty: ReadOnlyDoubleProperty [value: 800.0]
14:00:10.105 [FXGL Background Thread 3 ] DEBUG Engine               - appIcon: fxgl_icon.png
14:00:10.105 [FXGL Background Thread 3 ] DEBUG Engine               - applicationMode: DEVELOPER
14:00:10.105 [FXGL Background Thread 3 ] DEBUG Engine               - cSSList: [fxgl_dark.css]
14:00:10.106 [FXGL Background Thread 3 ] DEBUG Engine               - collisionDetectionStrategy: BRUTE_FORCE
14:00:10.106 [FXGL Background Thread 3 ] DEBUG Engine               - configClass: Optional.empty
14:00:10.106 [FXGL Background Thread 3 ] DEBUG Engine               - credits: []
14:00:10.108 [FXGL Background Thread 3 ] DEBUG Engine               - defaultCursor: CursorInfo(imageName=fxgl_default_cursor.png, hotspotX=7.0, hotspotY=6.0)
14:00:10.109 [FXGL Background Thread 3 ] DEBUG Engine               - devBBoxColorProperty: ObjectProperty [value: 0xff0000ff]
14:00:10.110 [FXGL Background Thread 3 ] DEBUG Engine               - devEnableDebugCameraProperty: BooleanProperty [value: false]
14:00:10.111 [FXGL Background Thread 3 ] DEBUG Engine               - devSensorColorProperty: ObjectProperty [value: 0xffff00ff]
14:00:10.111 [FXGL Background Thread 3 ] DEBUG Engine               - devShowBBoxProperty: BooleanProperty [value: false]
14:00:10.111 [FXGL Background Thread 3 ] DEBUG Engine               - devShowPositionProperty: BooleanProperty [value: false]
14:00:10.111 [FXGL Background Thread 3 ] DEBUG Engine               - enabledMenuItems: []
14:00:10.112 [FXGL Background Thread 3 ] DEBUG Engine               - engineServices: [class com.almasb.fxgl.app.services.FXGLAssetLoaderService, class com.almasb.fxgl.app.FXGLApplication$GameApplicationService, class com.almasb.fxgl.app.services.FXGLDialogService, class com.almasb.fxgl.app.services.IOTaskExecutorService, class com.almasb.fxgl.io.FileSystemService, class com.almasb.fxgl.localization.LocalizationService, class com.almasb.fxgl.app.services.SystemBundleService, class com.almasb.fxgl.profile.SaveLoadService, class com.almasb.fxgl.ui.FXGLUIFactoryServiceProvider, class com.almasb.fxgl.ui.FXGLDialogFactoryServiceProvider, class com.almasb.fxgl.audio.AudioPlayer, class com.almasb.fxgl.notification.impl.NotificationServiceProvider, class com.almasb.fxgl.achievement.AchievementService, class com.almasb.fxgl.cutscene.CutsceneService, class com.almasb.fxgl.minigames.MiniGameService, class com.almasb.fxgl.net.NetService, class com.almasb.fxgl.app.services.UpdaterService, class com.almasb.fxgl.dev.DevService]
14:00:10.112 [FXGL Background Thread 3 ] DEBUG Engine               - fontGame: Abel-Regular.ttf
14:00:10.113 [FXGL Background Thread 3 ] DEBUG Engine               - fontMono: TerminalLandMono-Regular.otf
14:00:10.113 [FXGL Background Thread 3 ] DEBUG Engine               - fontText: Courier-Prime.ttf
14:00:10.113 [FXGL Background Thread 3 ] DEBUG Engine               - fontUI: VarelaRound-Regular.ttf
14:00:10.113 [FXGL Background Thread 3 ] DEBUG Engine               - fullScreen: BooleanProperty [value: false]
14:00:10.114 [FXGL Background Thread 3 ] DEBUG Engine               - gameDifficulty: MEDIUM
14:00:10.115 [FXGL Background Thread 3 ] DEBUG Engine               - gameDifficultyProperty: ObjectProperty [value: MEDIUM]
14:00:10.115 [FXGL Background Thread 3 ] DEBUG Engine               - globalMusicVolume: 0.5
14:00:10.116 [FXGL Background Thread 3 ] DEBUG Engine               - globalMusicVolumeProperty: DoubleProperty [value: 0.5]
14:00:10.116 [FXGL Background Thread 3 ] DEBUG Engine               - globalSoundVolume: 0.5
14:00:10.117 [FXGL Background Thread 3 ] DEBUG Engine               - globalSoundVolumeProperty: DoubleProperty [value: 0.5]
14:00:10.117 [FXGL Background Thread 3 ] DEBUG Engine               - height: 600
14:00:10.117 [FXGL Background Thread 3 ] DEBUG Engine               - is3D: false
14:00:10.118 [FXGL Background Thread 3 ] DEBUG Engine               - isAndroid: false
14:00:10.118 [FXGL Background Thread 3 ] DEBUG Engine               - isBrowser: false
14:00:10.118 [FXGL Background Thread 3 ] DEBUG Engine               - isClickFeedbackEnabled: false
14:00:10.118 [FXGL Background Thread 3 ] DEBUG Engine               - isCloseConfirmation: false
14:00:10.119 [FXGL Background Thread 3 ] DEBUG Engine               - isDesktop: true
14:00:10.119 [FXGL Background Thread 3 ] DEBUG Engine               - isDeveloperMenuEnabled: false
14:00:10.119 [FXGL Background Thread 3 ] DEBUG Engine               - isEmbedded: false
14:00:10.120 [FXGL Background Thread 3 ] DEBUG Engine               - isEntityPreloadEnabled: true
14:00:10.120 [FXGL Background Thread 3 ] DEBUG Engine               - isExperimentalTiledLargeMap: false
14:00:10.120 [FXGL Background Thread 3 ] DEBUG Engine               - isFileSystemWriteAllowed: true
14:00:10.121 [FXGL Background Thread 3 ] DEBUG Engine               - isFullScreenAllowed: false
14:00:10.121 [FXGL Background Thread 3 ] DEBUG Engine               - isFullScreenFromStart: false
14:00:10.121 [FXGL Background Thread 3 ] DEBUG Engine               - isGameMenuEnabled: true
14:00:10.121 [FXGL Background Thread 3 ] DEBUG Engine               - isIOS: false
14:00:10.122 [FXGL Background Thread 3 ] DEBUG Engine               - isIntroEnabled: false
14:00:10.122 [FXGL Background Thread 3 ] DEBUG Engine               - isLinux: true
14:00:10.122 [FXGL Background Thread 3 ] DEBUG Engine               - isMac: false
14:00:10.123 [FXGL Background Thread 3 ] DEBUG Engine               - isMainMenuEnabled: false
14:00:10.123 [FXGL Background Thread 3 ] DEBUG Engine               - isManualResizeEnabled: false
14:00:10.123 [FXGL Background Thread 3 ] DEBUG Engine               - isMobile: false
14:00:10.124 [FXGL Background Thread 3 ] DEBUG Engine               - isNative: false
14:00:10.124 [FXGL Background Thread 3 ] DEBUG Engine               - isPauseMusicWhenMinimized: true
14:00:10.124 [FXGL Background Thread 3 ] DEBUG Engine               - isPreserveResizeRatio: false
14:00:10.125 [FXGL Background Thread 3 ] DEBUG Engine               - isProfilingEnabled: false
14:00:10.125 [FXGL Background Thread 3 ] DEBUG Engine               - isScaleAffectedOnResize: true
14:00:10.125 [FXGL Background Thread 3 ] DEBUG Engine               - isSingleStep: false
14:00:10.126 [FXGL Background Thread 3 ] DEBUG Engine               - isUserProfileEnabled: false
14:00:10.126 [FXGL Background Thread 3 ] DEBUG Engine               - isWindows: false
14:00:10.126 [FXGL Background Thread 3 ] DEBUG Engine               - language: ObjectProperty [value: ENGLISH]
14:00:10.126 [FXGL Background Thread 3 ] DEBUG Engine               - menuKey: ESCAPE
14:00:10.127 [FXGL Background Thread 3 ] DEBUG Engine               - mouseSensitivity: 0.2
14:00:10.127 [FXGL Background Thread 3 ] DEBUG Engine               - notificationViewClass: class com.almasb.fxgl.notification.view.XboxNotificationView
14:00:10.128 [FXGL Background Thread 3 ] DEBUG Engine               - pixelsPerMeter: 50.0
14:00:10.128 [FXGL Background Thread 3 ] DEBUG Engine               - platform: LINUX
14:00:10.128 [FXGL Background Thread 3 ] DEBUG Engine               - prefHeightProperty: ReadOnlyDoubleProperty [value: 600.0]
14:00:10.129 [FXGL Background Thread 3 ] DEBUG Engine               - prefWidthProperty: ReadOnlyDoubleProperty [value: 800.0]
14:00:10.129 [FXGL Background Thread 3 ] DEBUG Engine               - profileDir: profiles/
14:00:10.130 [FXGL Background Thread 3 ] DEBUG Engine               - profileName: StringProperty [value: DEFAULT]
14:00:10.130 [FXGL Background Thread 3 ] DEBUG Engine               - randomSeed: -1
14:00:10.132 [FXGL Background Thread 3 ] DEBUG Engine               - runtimeInfo: RuntimeInfo(platform=LINUX, version=17.2, build=20.08.2022 16.50)
14:00:10.132 [FXGL Background Thread 3 ] DEBUG Engine               - saveFileExt: sav
14:00:10.133 [FXGL Background Thread 3 ] DEBUG Engine               - scaledHeightProp$fxgl: DoubleProperty [bound, value: 600.0]
14:00:10.133 [FXGL Background Thread 3 ] DEBUG Engine               - scaledWidthProp$fxgl: DoubleProperty [bound, value: 800.0]
14:00:10.133 [FXGL Background Thread 3 ] DEBUG Engine               - sceneFactory: com.almasb.fxgl.app.scene.SceneFactory@7cbf72b0
14:00:10.134 [FXGL Background Thread 3 ] DEBUG Engine               - secondsIn24h: 60
14:00:10.134 [FXGL Background Thread 3 ] DEBUG Engine               - soundMenuBack: menu/back.wav
14:00:10.134 [FXGL Background Thread 3 ] DEBUG Engine               - soundMenuPress: menu/press.wav
14:00:10.134 [FXGL Background Thread 3 ] DEBUG Engine               - soundMenuSelect: menu/select.wav
14:00:10.135 [FXGL Background Thread 3 ] DEBUG Engine               - soundNotification: core/notification.wav
14:00:10.135 [FXGL Background Thread 3 ] DEBUG Engine               - stageStyle: DECORATED
14:00:10.135 [FXGL Background Thread 3 ] DEBUG Engine               - supportedLanguages: [ENGLISH, FRENCH, GERMAN, HUNGARIAN, RUSSIAN]
14:00:10.135 [FXGL Background Thread 3 ] DEBUG Engine               - ticksPerSecond: -1
14:00:10.136 [FXGL Background Thread 3 ] DEBUG Engine               - title: Restaurant Simulation
14:00:10.136 [FXGL Background Thread 3 ] DEBUG Engine               - urlGithub: https://github.com/AlmasB/FXGL
14:00:10.136 [FXGL Background Thread 3 ] DEBUG Engine               - urlLeaderboard: http://fxgl-top.herokuapp.com/
14:00:10.137 [FXGL Background Thread 3 ] DEBUG Engine               - urlPOM: https://raw.githubusercontent.com/AlmasB/FXGL/release/README.md
14:00:10.137 [FXGL Background Thread 3 ] DEBUG Engine               - userAppClass: class com.simulation.restaurant.App
14:00:10.137 [FXGL Background Thread 3 ] DEBUG Engine               - version: 0.0
14:00:10.138 [FXGL Background Thread 3 ] DEBUG Engine               - versionCheckDays: 7
14:00:10.138 [FXGL Background Thread 3 ] DEBUG Engine               - width: 800
14:00:10.138 [FXGL Background Thread 3 ] DEBUG Engine               - Logging services
14:00:10.138 [FXGL Background Thread 3 ] DEBUG Engine               - class com.almasb.fxgl.app.services.FXGLAssetLoaderService
14:00:10.139 [FXGL Background Thread 3 ] DEBUG Engine               - class com.almasb.fxgl.app.FXGLApplication$GameApplicationService
14:00:10.139 [FXGL Background Thread 3 ] DEBUG Engine               - class com.almasb.fxgl.app.services.FXGLDialogService
14:00:10.139 [FXGL Background Thread 3 ] DEBUG Engine               - class com.almasb.fxgl.app.services.IOTaskExecutorService
14:00:10.140 [FXGL Background Thread 3 ] DEBUG Engine               - class com.almasb.fxgl.io.FileSystemService
14:00:10.140 [FXGL Background Thread 3 ] DEBUG Engine               - class com.almasb.fxgl.localization.LocalizationService
14:00:10.140 [FXGL Background Thread 3 ] DEBUG Engine               - class com.almasb.fxgl.app.services.SystemBundleService
14:00:10.140 [FXGL Background Thread 3 ] DEBUG Engine               - class com.almasb.fxgl.profile.SaveLoadService
14:00:10.141 [FXGL Background Thread 3 ] DEBUG Engine               - class com.almasb.fxgl.ui.FXGLUIFactoryServiceProvider
14:00:10.141 [FXGL Background Thread 3 ] DEBUG Engine               - class com.almasb.fxgl.ui.FXGLDialogFactoryServiceProvider
14:00:10.141 [FXGL Background Thread 3 ] DEBUG Engine               - class com.almasb.fxgl.audio.AudioPlayer
14:00:10.141 [FXGL Background Thread 3 ] DEBUG Engine               - class com.almasb.fxgl.notification.impl.NotificationServiceProvider
14:00:10.142 [FXGL Background Thread 3 ] DEBUG Engine               - class com.almasb.fxgl.achievement.AchievementService
14:00:10.142 [FXGL Background Thread 3 ] DEBUG Engine               - class com.almasb.fxgl.cutscene.CutsceneService
14:00:10.142 [FXGL Background Thread 3 ] DEBUG Engine               - class com.almasb.fxgl.minigames.MiniGameService
14:00:10.142 [FXGL Background Thread 3 ] DEBUG Engine               - class com.almasb.fxgl.net.NetService
14:00:10.142 [FXGL Background Thread 3 ] DEBUG Engine               - class com.almasb.fxgl.app.services.UpdaterService
14:00:10.142 [FXGL Background Thread 3 ] DEBUG Engine               - class com.almasb.fxgl.dev.DevService
14:00:10.884 [JavaFX Application Thread] DEBUG FXGLAssetLoaderServi - Loading from file system: file:/home/diego/Documentos/concurrente/Restaurant/personal/restaurant-simulation/target/classes/assets/textures/boy.png
14:00:12.018 [FXGL Background Thread 2 ] WARN  UpdaterService       - Failed to find updates: java.net.SocketException: La red es inaccesible
14:00:31.644 [JavaFX Application Thread] DEBUG FXGLApplication      - Exiting FXGL
14:00:31.644 [JavaFX Application Thread] DEBUG LoopRunner           - Stopping loop
14:00:31.645 [JavaFX Application Thread] DEBUG SystemBundleService  - Saving FXGL system data
14:00:31.653 [JavaFX Application Thread] DEBUG FileSystemAccess     - Writing to: /home/diego/Documentos/concurrente/Restaurant/personal/restaurant-simulation/system/fxgl.bundle
14:00:31.683 [JavaFX Application Thread] DEBUG Async                - Shutting down background threads
14:00:31.684 [JavaFX Application Thread] DEBUG PrimaryStageWindow   - Closing main window
14:00:31.690 [JavaFX Application Thread] DEBUG Logger               - Closing Logger
