13:44:14.729 [com.simulation.restaurant] DEBUG Logger               - Configured Logger
13:44:14.828 [com.simulation.restaurant] DEBUG GameApplication      - Logging settings
Title: Restaurant Simulation
Version: 0.0
Width: 800
Height: 600
Fullscreen: false
Intro: false
Profiling: false
Single step:false
App Mode: DEVELOPER
Menu Key: ESCAPE
Stage Style: DECORATED
Scene Factory: class com.almasb.fxgl.app.scene.SceneFactory

13:44:16.058 [JavaFX Application Thread] DEBUG FXGLApplication      - Initializing FXGL
13:44:16.083 [JavaFX Application Thread] INFO  Engine               - FXGL-17.2 (20.08.2022 16.50) on LINUX (J:21.0.5 FX:18)
13:44:16.084 [JavaFX Application Thread] DEBUG Engine               - JRE Vendor Name: Red Hat, Inc.
13:44:16.086 [JavaFX Application Thread] DEBUG Engine               - Running on OS: Linux version 6.11.8-200.fc40.x86_64
13:44:16.086 [JavaFX Application Thread] DEBUG Engine               - Architecture: amd64
13:44:16.087 [JavaFX Application Thread] INFO  Engine               - Source code and latest versions at: https://github.com/AlmasB/FXGL
13:44:16.090 [JavaFX Application Thread] INFO  Engine               -       Ask questions and discuss at: https://github.com/AlmasB/FXGL/discussions
13:44:16.091 [JavaFX Application Thread] INFO  Engine               -              Join the FXGL chat at: https://gitter.im/AlmasB/FXGL
13:44:16.815 [JavaFX Application Thread] DEBUG PrimaryStageWindow   - Creating a JavaFX scene
13:44:17.205 [JavaFX Application Thread] DEBUG PrimaryStageWindow   - Target settings size: 800.0 x 600.0
13:44:17.206 [JavaFX Application Thread] DEBUG PrimaryStageWindow   - Scaled scene size:    800.0 x 600.0
13:44:17.207 [JavaFX Application Thread] DEBUG PrimaryStageWindow   - Scaled ratio: (1.0, 1.0)
13:44:17.218 [JavaFX Application Thread] DEBUG PrimaryStageWindow   - Set initial scene to FXGLStartupScene
13:44:17.257 [JavaFX Application Thread] DEBUG PrimaryStageWindow   - Opening main window
13:44:17.648 [JavaFX Application Thread] DEBUG PrimaryStageWindow   - Window border size: (8.0, 38.0)
13:44:17.649 [JavaFX Application Thread] DEBUG PrimaryStageWindow   - Scaled size: 800.0 x 600.0
13:44:17.653 [JavaFX Application Thread] DEBUG PrimaryStageWindow   - Scaled ratio: (1.0, 1.0)
13:44:17.654 [JavaFX Application Thread] DEBUG PrimaryStageWindow   - Scene size: 800.0 x 600.0
13:44:17.655 [JavaFX Application Thread] DEBUG PrimaryStageWindow   - Stage size: 808.0 x 638.0
13:44:17.699 [FXGL Background Thread 1 ] DEBUG Engine               - Initializing environment variables
13:44:17.869 [FXGL Background Thread 1 ] DEBUG FXGLAssetLoaderServi - User app class for loading assets: class com.simulation.restaurant.App
13:44:17.871 [FXGL Background Thread 1 ] DEBUG GameApplicationServi - Applying CSS: fxgl_dark.css
13:44:17.875 [FXGL Background Thread 1 ] DEBUG FXGLAssetLoaderServi - Loading from file system: jar:file:/home/diego/.m2/repository/com/github/almasb/fxgl/17.2/fxgl-17.2.jar!/fxglassets/ui/css/fxgl_dark.css
13:44:18.168 [FXGL Background Thread 1 ] DEBUG GameApplicationServi - Initializing application scenes
13:44:18.347 [FXGL Background Thread 1 ] DEBUG GameWorld            - Game world initialized
13:44:18.656 [FXGL Background Thread 1 ] DEBUG PhysicsWorld         - Physics world initialized: appHeight=600, physics.ppm=50.0
13:44:18.657 [FXGL Background Thread 1 ] DEBUG PhysicsWorld         - Using strategy: BRUTE_FORCE
13:44:18.675 [FXGL Background Thread 1 ] DEBUG GameScene            - Game scene initialized: 800x600
13:44:18.732 [FXGL Background Thread 1 ] DEBUG FXGL.DefaultMenu     - createMenuBodyGameMenu()
13:44:18.822 [FXGL Background Thread 1 ] DEBUG FXGL.DefaultMenu     - createOptionsMenu()
13:44:18.884 [FXGL Background Thread 1 ] DEBUG FXGLAssetLoaderServi - Loading from file system: jar:file:/home/diego/.m2/repository/com/github/almasb/fxgl/17.2/fxgl-17.2.jar!/fxglassets/textures/particles/smoke.png
13:44:19.306 [FXGL Background Thread 1 ] DEBUG FXGLAssetLoaderServi - Loading from file system: jar:file:/home/diego/.m2/repository/com/github/almasb/fxgl/17.2/fxgl-17.2.jar!/fxglassets/textures/particles/trace_horizontal.png
13:44:19.393 [FXGL Background Thread 1 ] DEBUG GameApplicationServi - Application scenes initialized
13:44:19.440 [FXGL Background Thread 1 ] DEBUG SystemBundleService  - Loading FXGL system data
13:44:19.453 [FXGL Background Thread 1 ] DEBUG FileSystemAccess     - Reading from: /home/diego/Documentos/concurrente/Restaurant/personal/restaurant-simulation/system/fxgl.bundle
13:44:19.477 [FXGL Background Thread 1 ] DEBUG SystemBundleService  - Bundle FXGL: {}
13:44:19.478 [FXGL Background Thread 1 ] DEBUG UpdaterService       - Checking for updates
13:44:19.493 [FXGL Background Thread 1 ] DEBUG FXGLApplication      - Loading default localization
13:44:19.493 [FXGL Background Thread 4 ] DEBUG FXGLApplication      - Loading fonts
13:44:19.494 [FXGL Background Thread 4 ] DEBUG FXGLAssetLoaderServi - Loading from file system: jar:file:/home/diego/.m2/repository/com/github/almasb/fxgl/17.2/fxgl-17.2.jar!/fxglassets/ui/fonts/VarelaRound-Regular.ttf
13:44:19.494 [FXGL Background Thread 1 ] DEBUG FXGLAssetLoaderServi - Loading from file system: jar:file:/home/diego/.m2/repository/com/github/almasb/fxgl/17.2/fxgl-17.2.jar!/fxglassets/languages/english.lang
13:44:19.528 [FXGL Background Thread 4 ] DEBUG FXGLAssetLoaderServi - Loading from file system: jar:file:/home/diego/.m2/repository/com/github/almasb/fxgl/17.2/fxgl-17.2.jar!/fxglassets/ui/fonts/Abel-Regular.ttf
13:44:19.535 [FXGL Background Thread 4 ] DEBUG FXGLAssetLoaderServi - Loading from file system: jar:file:/home/diego/.m2/repository/com/github/almasb/fxgl/17.2/fxgl-17.2.jar!/fxglassets/ui/fonts/TerminalLandMono-Regular.otf
13:44:19.540 [FXGL Background Thread 4 ] DEBUG FXGLAssetLoaderServi - Loading from file system: jar:file:/home/diego/.m2/repository/com/github/almasb/fxgl/17.2/fxgl-17.2.jar!/fxglassets/ui/fonts/Courier-Prime.ttf
13:44:19.552 [JavaFX Application Thread] DEBUG FXGLApplication      - Registering font factories with UI factory
13:44:19.554 [FXGL Background Thread 1 ] INFO  FXGLApplication      - FXGL initialization took: 1.854 sec
13:44:19.562 [JavaFX Application Thread] DEBUG FXGLAssetLoaderServi - Loading from file system: jar:file:/home/diego/.m2/repository/com/github/almasb/fxgl/17.2/fxgl-17.2.jar!/fxglassets/textures/fxgl_icon.png
13:44:19.660 [JavaFX Application Thread] DEBUG FXGLAssetLoaderServi - Loading from file system: jar:file:/home/diego/.m2/repository/com/github/almasb/fxgl/17.2/fxgl-17.2.jar!/fxglassets/textures/fxgl_default_cursor.png
13:44:19.694 [JavaFX Application Thread] DEBUG Input                - Registered new binding: Screenshot - CTRL+8
13:44:19.696 [JavaFX Application Thread] DEBUG Input                - Registered new binding: System info dump - CTRL+9
13:44:19.697 [JavaFX Application Thread] DEBUG Input                - Registered new binding: Restart - CTRL+R
13:44:19.700 [JavaFX Application Thread] DEBUG Input                - Registered new binding: Toggle Debug Camera - CTRL+7
13:44:19.706 [JavaFX Application Thread] DEBUG LoopRunner           - Starting loop
13:44:19.707 [JavaFX Application Thread] DEBUG LoopRunner           - Initializing JavaFX AnimationTimerLoop
13:44:19.712 [JavaFX Application Thread] DEBUG GameApplicationServi - Starting new game
13:44:19.714 [JavaFX Application Thread] DEBUG Input                - Clearing active input actions
13:44:19.758 [JavaFX Application Thread] DEBUG GameApplicationServi - Removing overlay from FXGLStartupScene and adding to FXGLLoadingScene
13:44:19.760 [JavaFX Application Thread] DEBUG PrimaryStageWindow   - FXGLStartupScene -> FXGLLoadingScene
13:44:19.761 [JavaFX Application Thread] DEBUG GameApplicationServi - Clearing previous game
13:44:19.761 [JavaFX Application Thread] DEBUG GameScene            - Clearing game scene
13:44:19.761 [JavaFX Application Thread] DEBUG GameWorld            - Clearing game world
13:44:19.761 [JavaFX Application Thread] DEBUG PhysicsWorld         - Clearing physics world
13:44:19.766 [FXGL Background Thread 1 ] DEBUG FXGLApplication      - Initializing game
13:44:19.775 [FXGL Background Thread 1 ] DEBUG FXGLAssetLoaderServi - Loading from file system: file:/home/diego/Documentos/concurrente/Restaurant/personal/restaurant-simulation/target/classes/assets/textures/floor.png
13:44:19.803 [FXGL Background Thread 1 ] DEBUG FXGLAssetLoaderServi - Loading from file system: file:/home/diego/Documentos/concurrente/Restaurant/personal/restaurant-simulation/target/classes/assets/textures/table.png
13:44:19.824 [FXGL Background Thread 1 ] DEBUG FXGLAssetLoaderServi - Loading from file system: file:/home/diego/Documentos/concurrente/Restaurant/personal/restaurant-simulation/target/classes/assets/textures/receptionist.png
13:44:19.851 [FXGL Background Thread 1 ] DEBUG FXGLAssetLoaderServi - Loading from file system: file:/home/diego/Documentos/concurrente/Restaurant/personal/restaurant-simulation/target/classes/assets/textures/girl2.png
13:44:19.945 [FXGL Background Thread 1 ] DEBUG FXGLAssetLoaderServi - Loading from file system: file:/home/diego/Documentos/concurrente/Restaurant/personal/restaurant-simulation/target/classes/assets/textures/kitchen.png
13:44:19.994 [FXGL Background Thread 1 ] DEBUG FXGLAssetLoaderServi - Loading from file system: file:/home/diego/Documentos/concurrente/Restaurant/personal/restaurant-simulation/target/classes/assets/textures/chef.png
13:44:20.035 [FXGL Background Thread 1 ] DEBUG FXGLAssetLoaderServi - Loading from file system: file:/home/diego/Documentos/concurrente/Restaurant/personal/restaurant-simulation/target/classes/assets/textures/tables.png
13:44:20.162 [FXGL Background Thread 1 ] DEBUG FXGLAssetLoaderServi - Loading from file system: file:/home/diego/Documentos/concurrente/Restaurant/personal/restaurant-simulation/target/classes/assets/textures/mesera.png
13:44:20.204 [FXGL Background Thread 1 ] DEBUG FXGLAssetLoaderServi - Loading from file system: file:/home/diego/Documentos/concurrente/Restaurant/personal/restaurant-simulation/target/classes/assets/textures/food.png
13:44:20.238 [FXGL Background Thread 1 ] WARN  GameWorld            - Entity is already attached to world
13:44:20.243 [FXGL Background Thread 1 ] WARN  GameWorld            - Entity is already attached to world
13:44:20.244 [FXGL Background Thread 1 ] WARN  GameWorld            - Entity is already attached to world
13:44:20.246 [FXGL Background Thread 1 ] WARN  GameWorld            - Entity is already attached to world
13:44:20.246 [FXGL Background Thread 1 ] WARN  GameWorld            - Entity is already attached to world
13:44:20.246 [FXGL Background Thread 1 ] WARN  GameWorld            - Entity is already attached to world
13:44:20.251 [FXGL Background Thread 1 ] WARN  GameWorld            - Entity is already attached to world
13:44:20.251 [FXGL Background Thread 1 ] WARN  GameWorld            - Entity is already attached to world
13:44:20.252 [FXGL Background Thread 1 ] WARN  GameWorld            - Entity is already attached to world
13:44:20.252 [FXGL Background Thread 1 ] WARN  GameWorld            - Entity is already attached to world
13:44:20.252 [FXGL Background Thread 1 ] WARN  GameWorld            - Entity is already attached to world
13:44:20.253 [FXGL Background Thread 1 ] WARN  GameWorld            - Entity is already attached to world
13:44:20.253 [FXGL Background Thread 1 ] WARN  GameWorld            - Entity is already attached to world
13:44:20.253 [FXGL Background Thread 1 ] WARN  GameWorld            - Entity is already attached to world
13:44:20.257 [FXGL Background Thread 1 ] WARN  GameWorld            - Entity is already attached to world
13:44:20.258 [FXGL Background Thread 1 ] WARN  GameWorld            - Entity is already attached to world
13:44:20.263 [FXGL Background Thread 1 ] WARN  GameWorld            - Entity is already attached to world
13:44:20.265 [FXGL Background Thread 1 ] WARN  GameWorld            - Entity is already attached to world
13:44:20.267 [FXGL Background Thread 1 ] WARN  GameWorld            - Entity is already attached to world
13:44:20.268 [FXGL Background Thread 1 ] WARN  GameWorld            - Entity is already attached to world
13:44:20.268 [FXGL Background Thread 1 ] WARN  GameWorld            - Entity is already attached to world
13:44:20.330 [JavaFX Application Thread] DEBUG LoopRunner           - Pausing loop
13:44:20.332 [FXGL Background Thread 1 ] INFO  FXGLApplication      - Game initialization took: 0.563 sec
13:44:20.354 [JavaFX Application Thread] DEBUG Input                - Clearing active input actions
13:44:20.474 [JavaFX Application Thread] DEBUG GameApplicationServi - Removing overlay from FXGLLoadingScene and adding to GameScene
13:44:20.475 [JavaFX Application Thread] DEBUG PrimaryStageWindow   - FXGLLoadingScene -> GameScene
13:44:20.528 [JavaFX Application Thread] DEBUG FXGLAssetLoaderServi - Loading from file system: file:/home/diego/Documentos/concurrente/Restaurant/personal/restaurant-simulation/target/classes/assets/textures/boy3.png
13:44:20.558 [JavaFX Application Thread] DEBUG FXGLAssetLoaderServi - Loading from file system: file:/home/diego/Documentos/concurrente/Restaurant/personal/restaurant-simulation/target/classes/assets/textures/boy.png
13:44:22.486 [FXGL Background Thread 3 ] DEBUG Engine               - Logging environment variables
13:44:22.487 [FXGL Background Thread 3 ] DEBUG Engine               - achievements: []
13:44:22.488 [FXGL Background Thread 3 ] DEBUG Engine               - actualHeight: 600.0
13:44:22.491 [FXGL Background Thread 3 ] DEBUG Engine               - actualHeightProperty: ReadOnlyDoubleProperty [value: 600.0]
13:44:22.491 [FXGL Background Thread 3 ] DEBUG Engine               - actualWidth: 800.0
13:44:22.492 [FXGL Background Thread 3 ] DEBUG Engine               - actualWidthProperty: ReadOnlyDoubleProperty [value: 800.0]
13:44:22.492 [FXGL Background Thread 3 ] DEBUG Engine               - appIcon: fxgl_icon.png
13:44:22.495 [FXGL Background Thread 3 ] DEBUG Engine               - applicationMode: DEVELOPER
13:44:22.496 [FXGL Background Thread 3 ] DEBUG Engine               - cSSList: [fxgl_dark.css]
13:44:22.496 [FXGL Background Thread 3 ] DEBUG Engine               - collisionDetectionStrategy: BRUTE_FORCE
13:44:22.496 [FXGL Background Thread 3 ] DEBUG Engine               - configClass: Optional.empty
13:44:22.496 [FXGL Background Thread 3 ] DEBUG Engine               - credits: []
13:44:22.498 [FXGL Background Thread 3 ] DEBUG Engine               - defaultCursor: CursorInfo(imageName=fxgl_default_cursor.png, hotspotX=7.0, hotspotY=6.0)
13:44:22.499 [FXGL Background Thread 3 ] DEBUG Engine               - devBBoxColorProperty: ObjectProperty [value: 0xff0000ff]
13:44:22.500 [FXGL Background Thread 3 ] DEBUG Engine               - devEnableDebugCameraProperty: BooleanProperty [value: false]
13:44:22.500 [FXGL Background Thread 3 ] DEBUG Engine               - devSensorColorProperty: ObjectProperty [value: 0xffff00ff]
13:44:22.501 [FXGL Background Thread 3 ] DEBUG Engine               - devShowBBoxProperty: BooleanProperty [value: false]
13:44:22.501 [FXGL Background Thread 3 ] DEBUG Engine               - devShowPositionProperty: BooleanProperty [value: false]
13:44:22.501 [FXGL Background Thread 3 ] DEBUG Engine               - enabledMenuItems: []
13:44:22.502 [FXGL Background Thread 3 ] DEBUG Engine               - engineServices: [class com.almasb.fxgl.app.services.FXGLAssetLoaderService, class com.almasb.fxgl.app.FXGLApplication$GameApplicationService, class com.almasb.fxgl.app.services.FXGLDialogService, class com.almasb.fxgl.app.services.IOTaskExecutorService, class com.almasb.fxgl.io.FileSystemService, class com.almasb.fxgl.localization.LocalizationService, class com.almasb.fxgl.app.services.SystemBundleService, class com.almasb.fxgl.profile.SaveLoadService, class com.almasb.fxgl.ui.FXGLUIFactoryServiceProvider, class com.almasb.fxgl.ui.FXGLDialogFactoryServiceProvider, class com.almasb.fxgl.audio.AudioPlayer, class com.almasb.fxgl.notification.impl.NotificationServiceProvider, class com.almasb.fxgl.achievement.AchievementService, class com.almasb.fxgl.cutscene.CutsceneService, class com.almasb.fxgl.minigames.MiniGameService, class com.almasb.fxgl.net.NetService, class com.almasb.fxgl.app.services.UpdaterService, class com.almasb.fxgl.dev.DevService]
13:44:22.504 [FXGL Background Thread 3 ] DEBUG Engine               - fontGame: Abel-Regular.ttf
13:44:22.504 [FXGL Background Thread 3 ] DEBUG Engine               - fontMono: TerminalLandMono-Regular.otf
13:44:22.504 [FXGL Background Thread 3 ] DEBUG Engine               - fontText: Courier-Prime.ttf
13:44:22.504 [FXGL Background Thread 3 ] DEBUG Engine               - fontUI: VarelaRound-Regular.ttf
13:44:22.505 [FXGL Background Thread 3 ] DEBUG Engine               - fullScreen: BooleanProperty [value: false]
13:44:22.505 [FXGL Background Thread 3 ] DEBUG Engine               - gameDifficulty: MEDIUM
13:44:22.505 [FXGL Background Thread 3 ] DEBUG Engine               - gameDifficultyProperty: ObjectProperty [value: MEDIUM]
13:44:22.505 [FXGL Background Thread 3 ] DEBUG Engine               - globalMusicVolume: 0.5
13:44:22.506 [FXGL Background Thread 3 ] DEBUG Engine               - globalMusicVolumeProperty: DoubleProperty [value: 0.5]
13:44:22.506 [FXGL Background Thread 3 ] DEBUG Engine               - globalSoundVolume: 0.5
13:44:22.506 [FXGL Background Thread 3 ] DEBUG Engine               - globalSoundVolumeProperty: DoubleProperty [value: 0.5]
13:44:22.506 [FXGL Background Thread 3 ] DEBUG Engine               - height: 600
13:44:22.506 [FXGL Background Thread 3 ] DEBUG Engine               - is3D: false
13:44:22.511 [FXGL Background Thread 3 ] DEBUG Engine               - isAndroid: false
13:44:22.511 [FXGL Background Thread 3 ] DEBUG Engine               - isBrowser: false
13:44:22.511 [FXGL Background Thread 3 ] DEBUG Engine               - isClickFeedbackEnabled: false
13:44:22.511 [FXGL Background Thread 3 ] DEBUG Engine               - isCloseConfirmation: false
13:44:22.511 [FXGL Background Thread 3 ] DEBUG Engine               - isDesktop: true
13:44:22.513 [FXGL Background Thread 3 ] DEBUG Engine               - isDeveloperMenuEnabled: false
13:44:22.513 [FXGL Background Thread 3 ] DEBUG Engine               - isEmbedded: false
13:44:22.513 [FXGL Background Thread 3 ] DEBUG Engine               - isEntityPreloadEnabled: true
13:44:22.513 [FXGL Background Thread 3 ] DEBUG Engine               - isExperimentalTiledLargeMap: false
13:44:22.516 [FXGL Background Thread 3 ] DEBUG Engine               - isFileSystemWriteAllowed: true
13:44:22.517 [FXGL Background Thread 3 ] DEBUG Engine               - isFullScreenAllowed: false
13:44:22.517 [FXGL Background Thread 3 ] DEBUG Engine               - isFullScreenFromStart: false
13:44:22.517 [FXGL Background Thread 3 ] DEBUG Engine               - isGameMenuEnabled: true
13:44:22.517 [FXGL Background Thread 3 ] DEBUG Engine               - isIOS: false
13:44:22.517 [FXGL Background Thread 3 ] DEBUG Engine               - isIntroEnabled: false
13:44:22.517 [FXGL Background Thread 3 ] DEBUG Engine               - isLinux: true
13:44:22.517 [FXGL Background Thread 3 ] DEBUG Engine               - isMac: false
13:44:22.518 [FXGL Background Thread 3 ] DEBUG Engine               - isMainMenuEnabled: false
13:44:22.518 [FXGL Background Thread 3 ] DEBUG Engine               - isManualResizeEnabled: false
13:44:22.518 [FXGL Background Thread 3 ] DEBUG Engine               - isMobile: false
13:44:22.518 [FXGL Background Thread 3 ] DEBUG Engine               - isNative: false
13:44:22.518 [FXGL Background Thread 3 ] DEBUG Engine               - isPauseMusicWhenMinimized: true
13:44:22.518 [FXGL Background Thread 3 ] DEBUG Engine               - isPreserveResizeRatio: false
13:44:22.518 [FXGL Background Thread 3 ] DEBUG Engine               - isProfilingEnabled: false
13:44:22.519 [FXGL Background Thread 3 ] DEBUG Engine               - isScaleAffectedOnResize: true
13:44:22.519 [FXGL Background Thread 3 ] DEBUG Engine               - isSingleStep: false
13:44:22.519 [FXGL Background Thread 3 ] DEBUG Engine               - isUserProfileEnabled: false
13:44:22.519 [FXGL Background Thread 3 ] DEBUG Engine               - isWindows: false
13:44:22.519 [FXGL Background Thread 3 ] DEBUG Engine               - language: ObjectProperty [value: ENGLISH]
13:44:22.519 [FXGL Background Thread 3 ] DEBUG Engine               - menuKey: ESCAPE
13:44:22.524 [FXGL Background Thread 3 ] DEBUG Engine               - mouseSensitivity: 0.2
13:44:22.524 [FXGL Background Thread 3 ] DEBUG Engine               - notificationViewClass: class com.almasb.fxgl.notification.view.XboxNotificationView
13:44:22.524 [FXGL Background Thread 3 ] DEBUG Engine               - pixelsPerMeter: 50.0
13:44:22.526 [FXGL Background Thread 3 ] DEBUG Engine               - platform: LINUX
13:44:22.526 [FXGL Background Thread 3 ] DEBUG Engine               - prefHeightProperty: ReadOnlyDoubleProperty [value: 600.0]
13:44:22.526 [FXGL Background Thread 3 ] DEBUG Engine               - prefWidthProperty: ReadOnlyDoubleProperty [value: 800.0]
13:44:22.526 [FXGL Background Thread 3 ] DEBUG Engine               - profileDir: profiles/
13:44:22.527 [FXGL Background Thread 3 ] DEBUG Engine               - profileName: StringProperty [value: DEFAULT]
13:44:22.527 [FXGL Background Thread 3 ] DEBUG Engine               - randomSeed: -1
13:44:22.528 [FXGL Background Thread 3 ] DEBUG Engine               - runtimeInfo: RuntimeInfo(platform=LINUX, version=17.2, build=20.08.2022 16.50)
13:44:22.528 [FXGL Background Thread 3 ] DEBUG Engine               - saveFileExt: sav
13:44:22.532 [FXGL Background Thread 3 ] DEBUG Engine               - scaledHeightProp$fxgl: DoubleProperty [bound, value: 600.0]
13:44:22.534 [FXGL Background Thread 3 ] DEBUG Engine               - scaledWidthProp$fxgl: DoubleProperty [bound, value: 800.0]
13:44:22.534 [FXGL Background Thread 3 ] DEBUG Engine               - sceneFactory: com.almasb.fxgl.app.scene.SceneFactory@a05f6ba
13:44:22.539 [FXGL Background Thread 3 ] DEBUG Engine               - secondsIn24h: 60
13:44:22.539 [FXGL Background Thread 3 ] DEBUG Engine               - soundMenuBack: menu/back.wav
13:44:22.539 [FXGL Background Thread 3 ] DEBUG Engine               - soundMenuPress: menu/press.wav
13:44:22.539 [FXGL Background Thread 3 ] DEBUG Engine               - soundMenuSelect: menu/select.wav
13:44:22.539 [FXGL Background Thread 3 ] DEBUG Engine               - soundNotification: core/notification.wav
13:44:22.540 [FXGL Background Thread 3 ] DEBUG Engine               - stageStyle: DECORATED
13:44:22.540 [FXGL Background Thread 3 ] DEBUG Engine               - supportedLanguages: [ENGLISH, FRENCH, GERMAN, HUNGARIAN, RUSSIAN]
13:44:22.540 [FXGL Background Thread 3 ] DEBUG Engine               - ticksPerSecond: -1
13:44:22.540 [FXGL Background Thread 3 ] DEBUG Engine               - title: Restaurant Simulation
13:44:22.540 [FXGL Background Thread 3 ] DEBUG Engine               - urlGithub: https://github.com/AlmasB/FXGL
13:44:22.540 [FXGL Background Thread 3 ] DEBUG Engine               - urlLeaderboard: http://fxgl-top.herokuapp.com/
13:44:22.540 [FXGL Background Thread 3 ] DEBUG Engine               - urlPOM: https://raw.githubusercontent.com/AlmasB/FXGL/release/README.md
13:44:22.541 [FXGL Background Thread 3 ] DEBUG Engine               - userAppClass: class com.simulation.restaurant.App
13:44:22.541 [FXGL Background Thread 3 ] DEBUG Engine               - version: 0.0
13:44:22.541 [FXGL Background Thread 3 ] DEBUG Engine               - versionCheckDays: 7
13:44:22.541 [FXGL Background Thread 3 ] DEBUG Engine               - width: 800
13:44:22.541 [FXGL Background Thread 3 ] DEBUG Engine               - Logging services
13:44:22.541 [FXGL Background Thread 3 ] DEBUG Engine               - class com.almasb.fxgl.app.services.FXGLAssetLoaderService
13:44:22.541 [FXGL Background Thread 3 ] DEBUG Engine               - class com.almasb.fxgl.app.FXGLApplication$GameApplicationService
13:44:22.542 [FXGL Background Thread 3 ] DEBUG Engine               - class com.almasb.fxgl.app.services.FXGLDialogService
13:44:22.542 [FXGL Background Thread 3 ] DEBUG Engine               - class com.almasb.fxgl.app.services.IOTaskExecutorService
13:44:22.546 [FXGL Background Thread 3 ] DEBUG Engine               - class com.almasb.fxgl.io.FileSystemService
13:44:22.546 [FXGL Background Thread 3 ] DEBUG Engine               - class com.almasb.fxgl.localization.LocalizationService
13:44:22.546 [FXGL Background Thread 3 ] DEBUG Engine               - class com.almasb.fxgl.app.services.SystemBundleService
13:44:22.546 [FXGL Background Thread 3 ] DEBUG Engine               - class com.almasb.fxgl.profile.SaveLoadService
13:44:22.546 [FXGL Background Thread 3 ] DEBUG Engine               - class com.almasb.fxgl.ui.FXGLUIFactoryServiceProvider
13:44:22.548 [FXGL Background Thread 3 ] DEBUG Engine               - class com.almasb.fxgl.ui.FXGLDialogFactoryServiceProvider
13:44:22.549 [FXGL Background Thread 3 ] DEBUG Engine               - class com.almasb.fxgl.audio.AudioPlayer
13:44:22.549 [FXGL Background Thread 3 ] DEBUG Engine               - class com.almasb.fxgl.notification.impl.NotificationServiceProvider
13:44:22.549 [FXGL Background Thread 3 ] DEBUG Engine               - class com.almasb.fxgl.achievement.AchievementService
13:44:22.549 [FXGL Background Thread 3 ] DEBUG Engine               - class com.almasb.fxgl.cutscene.CutsceneService
13:44:22.549 [FXGL Background Thread 3 ] DEBUG Engine               - class com.almasb.fxgl.minigames.MiniGameService
13:44:22.549 [FXGL Background Thread 3 ] DEBUG Engine               - class com.almasb.fxgl.net.NetService
13:44:22.549 [FXGL Background Thread 3 ] DEBUG Engine               - class com.almasb.fxgl.app.services.UpdaterService
13:44:22.550 [FXGL Background Thread 3 ] DEBUG Engine               - class com.almasb.fxgl.dev.DevService
13:44:26.007 [FXGL Background Thread 2 ] INFO  UpdaterService       - Your current version:  17.2
13:44:26.008 [FXGL Background Thread 2 ] INFO  UpdaterService       - Latest stable version: 21.1
13:44:28.405 [JavaFX Application Thread] DEBUG FXGLAssetLoaderServi - Loading from file system: file:/home/diego/Documentos/concurrente/Restaurant/personal/restaurant-simulation/target/classes/assets/textures/boy2.png
13:44:30.168 [JavaFX Application Thread] DEBUG LoopRunner           - Resuming loop
13:44:33.650 [JavaFX Application Thread] DEBUG FXGLApplication      - Exiting FXGL
13:44:33.650 [JavaFX Application Thread] DEBUG LoopRunner           - Stopping loop
13:44:33.650 [JavaFX Application Thread] DEBUG SystemBundleService  - Saving FXGL system data
13:44:33.659 [JavaFX Application Thread] DEBUG FileSystemAccess     - Writing to: /home/diego/Documentos/concurrente/Restaurant/personal/restaurant-simulation/system/fxgl.bundle
13:44:33.670 [JavaFX Application Thread] DEBUG Async                - Shutting down background threads
13:44:33.671 [JavaFX Application Thread] DEBUG PrimaryStageWindow   - Closing main window
13:44:33.677 [JavaFX Application Thread] DEBUG Logger               - Closing Logger
