13:31:05.451 [com.simulation.restaurant] DEBUG Logger               - Configured Logger
13:31:05.517 [com.simulation.restaurant] DEBUG GameApplication      - Logging settings
Title: Restaurant Simulation
Version: 0.0
Width: 800
Height: 600
Fullscreen: false
Intro: false
Profiling: false
Single step:false
App Mode: DEVELOPER
Menu Key: ESCAPE
Stage Style: DECORATED
Scene Factory: class com.almasb.fxgl.app.scene.SceneFactory

13:31:06.225 [JavaFX Application Thread] DEBUG FXGLApplication      - Initializing FXGL
13:31:06.236 [JavaFX Application Thread] INFO  Engine               - FXGL-17.2 (20.08.2022 16.50) on LINUX (J:21.0.5 FX:18)
13:31:06.236 [JavaFX Application Thread] DEBUG Engine               - JRE Vendor Name: Red Hat, Inc.
13:31:06.237 [JavaFX Application Thread] DEBUG Engine               - Running on OS: Linux version 6.11.8-200.fc40.x86_64
13:31:06.238 [JavaFX Application Thread] DEBUG Engine               - Architecture: amd64
13:31:06.238 [JavaFX Application Thread] INFO  Engine               - Source code and latest versions at: https://github.com/AlmasB/FXGL
13:31:06.238 [JavaFX Application Thread] INFO  Engine               -       Ask questions and discuss at: https://github.com/AlmasB/FXGL/discussions
13:31:06.239 [JavaFX Application Thread] INFO  Engine               -              Join the FXGL chat at: https://gitter.im/AlmasB/FXGL
13:31:06.590 [JavaFX Application Thread] DEBUG PrimaryStageWindow   - Creating a JavaFX scene
13:31:06.918 [JavaFX Application Thread] DEBUG PrimaryStageWindow   - Target settings size: 800.0 x 600.0
13:31:06.919 [JavaFX Application Thread] DEBUG PrimaryStageWindow   - Scaled scene size:    800.0 x 600.0
13:31:06.920 [JavaFX Application Thread] DEBUG PrimaryStageWindow   - Scaled ratio: (1.0, 1.0)
13:31:06.923 [JavaFX Application Thread] DEBUG PrimaryStageWindow   - Set initial scene to FXGLStartupScene
13:31:06.956 [JavaFX Application Thread] DEBUG PrimaryStageWindow   - Opening main window
13:31:07.231 [JavaFX Application Thread] DEBUG PrimaryStageWindow   - Window border size: (8.0, 38.0)
13:31:07.233 [JavaFX Application Thread] DEBUG PrimaryStageWindow   - Scaled size: 800.0 x 600.0
13:31:07.235 [JavaFX Application Thread] DEBUG PrimaryStageWindow   - Scaled ratio: (1.0, 1.0)
13:31:07.237 [JavaFX Application Thread] DEBUG PrimaryStageWindow   - Scene size: 800.0 x 600.0
13:31:07.238 [JavaFX Application Thread] DEBUG PrimaryStageWindow   - Stage size: 808.0 x 638.0
13:31:07.272 [FXGL Background Thread 1 ] DEBUG Engine               - Initializing environment variables
13:31:07.415 [FXGL Background Thread 1 ] DEBUG FXGLAssetLoaderServi - User app class for loading assets: class com.simulation.restaurant.App
13:31:07.416 [FXGL Background Thread 1 ] DEBUG GameApplicationServi - Applying CSS: fxgl_dark.css
13:31:07.418 [FXGL Background Thread 1 ] DEBUG FXGLAssetLoaderServi - Loading from file system: jar:file:/home/diego/.m2/repository/com/github/almasb/fxgl/17.2/fxgl-17.2.jar!/fxglassets/ui/css/fxgl_dark.css
13:31:07.557 [FXGL Background Thread 1 ] DEBUG GameApplicationServi - Initializing application scenes
13:31:07.702 [FXGL Background Thread 1 ] DEBUG GameWorld            - Game world initialized
13:31:07.934 [FXGL Background Thread 1 ] DEBUG PhysicsWorld         - Physics world initialized: appHeight=600, physics.ppm=50.0
13:31:07.935 [FXGL Background Thread 1 ] DEBUG PhysicsWorld         - Using strategy: BRUTE_FORCE
13:31:07.948 [FXGL Background Thread 1 ] DEBUG GameScene            - Game scene initialized: 800x600
13:31:07.990 [FXGL Background Thread 1 ] DEBUG FXGL.DefaultMenu     - createMenuBodyGameMenu()
13:31:08.039 [FXGL Background Thread 1 ] DEBUG FXGL.DefaultMenu     - createOptionsMenu()
13:31:08.077 [FXGL Background Thread 1 ] DEBUG FXGLAssetLoaderServi - Loading from file system: jar:file:/home/diego/.m2/repository/com/github/almasb/fxgl/17.2/fxgl-17.2.jar!/fxglassets/textures/particles/smoke.png
13:31:08.391 [FXGL Background Thread 1 ] DEBUG FXGLAssetLoaderServi - Loading from file system: jar:file:/home/diego/.m2/repository/com/github/almasb/fxgl/17.2/fxgl-17.2.jar!/fxglassets/textures/particles/trace_horizontal.png
13:31:08.464 [FXGL Background Thread 1 ] DEBUG GameApplicationServi - Application scenes initialized
13:31:08.505 [FXGL Background Thread 1 ] DEBUG SystemBundleService  - Loading FXGL system data
13:31:08.517 [FXGL Background Thread 1 ] DEBUG FileSystemAccess     - Reading from: /home/diego/Documentos/concurrente/Restaurant/personal/restaurant-simulation/system/fxgl.bundle
13:31:08.541 [FXGL Background Thread 1 ] DEBUG SystemBundleService  - Bundle FXGL: {}
13:31:08.542 [FXGL Background Thread 1 ] DEBUG UpdaterService       - Checking for updates
13:31:08.560 [FXGL Background Thread 4 ] DEBUG FXGLApplication      - Loading fonts
13:31:08.560 [FXGL Background Thread 1 ] DEBUG FXGLApplication      - Loading default localization
13:31:08.561 [FXGL Background Thread 4 ] DEBUG FXGLAssetLoaderServi - Loading from file system: jar:file:/home/diego/.m2/repository/com/github/almasb/fxgl/17.2/fxgl-17.2.jar!/fxglassets/ui/fonts/VarelaRound-Regular.ttf
13:31:08.562 [FXGL Background Thread 1 ] DEBUG FXGLAssetLoaderServi - Loading from file system: jar:file:/home/diego/.m2/repository/com/github/almasb/fxgl/17.2/fxgl-17.2.jar!/fxglassets/languages/english.lang
13:31:08.585 [FXGL Background Thread 4 ] DEBUG FXGLAssetLoaderServi - Loading from file system: jar:file:/home/diego/.m2/repository/com/github/almasb/fxgl/17.2/fxgl-17.2.jar!/fxglassets/ui/fonts/Abel-Regular.ttf
13:31:08.590 [FXGL Background Thread 4 ] DEBUG FXGLAssetLoaderServi - Loading from file system: jar:file:/home/diego/.m2/repository/com/github/almasb/fxgl/17.2/fxgl-17.2.jar!/fxglassets/ui/fonts/TerminalLandMono-Regular.otf
13:31:08.596 [FXGL Background Thread 4 ] DEBUG FXGLAssetLoaderServi - Loading from file system: jar:file:/home/diego/.m2/repository/com/github/almasb/fxgl/17.2/fxgl-17.2.jar!/fxglassets/ui/fonts/Courier-Prime.ttf
13:31:08.607 [JavaFX Application Thread] DEBUG FXGLApplication      - Registering font factories with UI factory
13:31:08.614 [FXGL Background Thread 1 ] INFO  FXGLApplication      - FXGL initialization took: 1.342 sec
13:31:08.617 [JavaFX Application Thread] DEBUG FXGLAssetLoaderServi - Loading from file system: jar:file:/home/diego/.m2/repository/com/github/almasb/fxgl/17.2/fxgl-17.2.jar!/fxglassets/textures/fxgl_icon.png
13:31:08.693 [JavaFX Application Thread] DEBUG FXGLAssetLoaderServi - Loading from file system: jar:file:/home/diego/.m2/repository/com/github/almasb/fxgl/17.2/fxgl-17.2.jar!/fxglassets/textures/fxgl_default_cursor.png
13:31:08.727 [JavaFX Application Thread] DEBUG Input                - Registered new binding: Screenshot - CTRL+8
13:31:08.729 [JavaFX Application Thread] DEBUG Input                - Registered new binding: System info dump - CTRL+9
13:31:08.730 [JavaFX Application Thread] DEBUG Input                - Registered new binding: Restart - CTRL+R
13:31:08.732 [JavaFX Application Thread] DEBUG Input                - Registered new binding: Toggle Debug Camera - CTRL+7
13:31:08.739 [JavaFX Application Thread] DEBUG LoopRunner           - Starting loop
13:31:08.740 [JavaFX Application Thread] DEBUG LoopRunner           - Initializing JavaFX AnimationTimerLoop
13:31:08.744 [JavaFX Application Thread] DEBUG GameApplicationServi - Starting new game
13:31:08.745 [JavaFX Application Thread] DEBUG Input                - Clearing active input actions
13:31:08.814 [JavaFX Application Thread] DEBUG GameApplicationServi - Removing overlay from FXGLStartupScene and adding to FXGLLoadingScene
13:31:08.817 [JavaFX Application Thread] DEBUG PrimaryStageWindow   - FXGLStartupScene -> FXGLLoadingScene
13:31:08.818 [JavaFX Application Thread] DEBUG GameApplicationServi - Clearing previous game
13:31:08.821 [JavaFX Application Thread] DEBUG GameScene            - Clearing game scene
13:31:08.821 [JavaFX Application Thread] DEBUG GameWorld            - Clearing game world
13:31:08.821 [JavaFX Application Thread] DEBUG PhysicsWorld         - Clearing physics world
13:31:08.831 [FXGL Background Thread 1 ] DEBUG FXGLApplication      - Initializing game
13:31:08.838 [FXGL Background Thread 1 ] DEBUG FXGLAssetLoaderServi - Loading from file system: file:/home/diego/Documentos/concurrente/Restaurant/personal/restaurant-simulation/target/classes/assets/textures/floor.png
13:31:08.860 [FXGL Background Thread 1 ] DEBUG FXGLAssetLoaderServi - Loading from file system: file:/home/diego/Documentos/concurrente/Restaurant/personal/restaurant-simulation/target/classes/assets/textures/table.png
13:31:08.865 [FXGL Background Thread 1 ] DEBUG FXGLAssetLoaderServi - Loading from file system: file:/home/diego/Documentos/concurrente/Restaurant/personal/restaurant-simulation/target/classes/assets/textures/receptionist.png
13:31:08.919 [FXGL Background Thread 1 ] DEBUG FXGLAssetLoaderServi - Loading from file system: file:/home/diego/Documentos/concurrente/Restaurant/personal/restaurant-simulation/target/classes/assets/textures/girl2.png
13:31:08.968 [FXGL Background Thread 1 ] DEBUG FXGLAssetLoaderServi - Loading from file system: file:/home/diego/Documentos/concurrente/Restaurant/personal/restaurant-simulation/target/classes/assets/textures/kitchen.png
13:31:09.001 [FXGL Background Thread 1 ] DEBUG FXGLAssetLoaderServi - Loading from file system: file:/home/diego/Documentos/concurrente/Restaurant/personal/restaurant-simulation/target/classes/assets/textures/chef.png
13:31:09.039 [FXGL Background Thread 1 ] DEBUG FXGLAssetLoaderServi - Loading from file system: file:/home/diego/Documentos/concurrente/Restaurant/personal/restaurant-simulation/target/classes/assets/textures/tables.png
13:31:09.094 [FXGL Background Thread 1 ] DEBUG FXGLAssetLoaderServi - Loading from file system: file:/home/diego/Documentos/concurrente/Restaurant/personal/restaurant-simulation/target/classes/assets/textures/mesera.png
13:31:09.131 [FXGL Background Thread 1 ] DEBUG FXGLAssetLoaderServi - Loading from file system: file:/home/diego/Documentos/concurrente/Restaurant/personal/restaurant-simulation/target/classes/assets/textures/food.png
13:31:09.168 [FXGL Background Thread 1 ] WARN  GameWorld            - Entity is already attached to world
13:31:09.176 [FXGL Background Thread 1 ] WARN  GameWorld            - Entity is already attached to world
13:31:09.178 [FXGL Background Thread 1 ] WARN  GameWorld            - Entity is already attached to world
13:31:09.179 [FXGL Background Thread 1 ] WARN  GameWorld            - Entity is already attached to world
13:31:09.180 [FXGL Background Thread 1 ] WARN  GameWorld            - Entity is already attached to world
13:31:09.180 [FXGL Background Thread 1 ] WARN  GameWorld            - Entity is already attached to world
13:31:09.181 [FXGL Background Thread 1 ] WARN  GameWorld            - Entity is already attached to world
13:31:09.181 [FXGL Background Thread 1 ] WARN  GameWorld            - Entity is already attached to world
13:31:09.182 [FXGL Background Thread 1 ] WARN  GameWorld            - Entity is already attached to world
13:31:09.182 [FXGL Background Thread 1 ] WARN  GameWorld            - Entity is already attached to world
13:31:09.182 [FXGL Background Thread 1 ] WARN  GameWorld            - Entity is already attached to world
13:31:09.183 [FXGL Background Thread 1 ] WARN  GameWorld            - Entity is already attached to world
13:31:09.183 [FXGL Background Thread 1 ] WARN  GameWorld            - Entity is already attached to world
13:31:09.183 [FXGL Background Thread 1 ] WARN  GameWorld            - Entity is already attached to world
13:31:09.184 [FXGL Background Thread 1 ] WARN  GameWorld            - Entity is already attached to world
13:31:09.184 [FXGL Background Thread 1 ] WARN  GameWorld            - Entity is already attached to world
13:31:09.184 [FXGL Background Thread 1 ] WARN  GameWorld            - Entity is already attached to world
13:31:09.185 [FXGL Background Thread 1 ] WARN  GameWorld            - Entity is already attached to world
13:31:09.185 [FXGL Background Thread 1 ] WARN  GameWorld            - Entity is already attached to world
13:31:09.185 [FXGL Background Thread 1 ] WARN  GameWorld            - Entity is already attached to world
13:31:09.185 [FXGL Background Thread 1 ] WARN  GameWorld            - Entity is already attached to world
13:31:09.220 [FXGL Background Thread 1 ] INFO  FXGLApplication      - Game initialization took: 0.388 sec
13:31:09.227 [JavaFX Application Thread] DEBUG Input                - Clearing active input actions
13:31:09.257 [JavaFX Application Thread] DEBUG GameApplicationServi - Removing overlay from FXGLLoadingScene and adding to GameScene
13:31:09.258 [JavaFX Application Thread] DEBUG PrimaryStageWindow   - FXGLLoadingScene -> GameScene
13:31:09.267 [JavaFX Application Thread] DEBUG FXGLAssetLoaderServi - Loading from file system: file:/home/diego/Documentos/concurrente/Restaurant/personal/restaurant-simulation/target/classes/assets/textures/boy.png
13:31:09.304 [JavaFX Application Thread] WARN  FXGLAssetLoaderServi - Asset "/assets/textures/comensal.png" was not found!
13:31:09.305 [JavaFX Application Thread] WARN  FXGLAssetLoaderServi - Failed to load RESIZABLE_IMAGE
13:31:10.150 [FXGL Background Thread 2 ] INFO  UpdaterService       - Your current version:  17.2
13:31:10.151 [FXGL Background Thread 2 ] INFO  UpdaterService       - Latest stable version: 21.1
13:31:11.551 [FXGL Background Thread 3 ] DEBUG Engine               - Logging environment variables
13:31:11.553 [FXGL Background Thread 3 ] DEBUG Engine               - achievements: []
13:31:11.554 [FXGL Background Thread 3 ] DEBUG Engine               - actualHeight: 600.0
13:31:11.554 [FXGL Background Thread 3 ] DEBUG Engine               - actualHeightProperty: ReadOnlyDoubleProperty [value: 600.0]
13:31:11.555 [FXGL Background Thread 3 ] DEBUG Engine               - actualWidth: 800.0
13:31:11.555 [FXGL Background Thread 3 ] DEBUG Engine               - actualWidthProperty: ReadOnlyDoubleProperty [value: 800.0]
13:31:11.556 [FXGL Background Thread 3 ] DEBUG Engine               - appIcon: fxgl_icon.png
13:31:11.556 [FXGL Background Thread 3 ] DEBUG Engine               - applicationMode: DEVELOPER
13:31:11.556 [FXGL Background Thread 3 ] DEBUG Engine               - cSSList: [fxgl_dark.css]
13:31:11.557 [FXGL Background Thread 3 ] DEBUG Engine               - collisionDetectionStrategy: BRUTE_FORCE
13:31:11.557 [FXGL Background Thread 3 ] DEBUG Engine               - configClass: Optional.empty
13:31:11.557 [FXGL Background Thread 3 ] DEBUG Engine               - credits: []
13:31:11.560 [FXGL Background Thread 3 ] DEBUG Engine               - defaultCursor: CursorInfo(imageName=fxgl_default_cursor.png, hotspotX=7.0, hotspotY=6.0)
13:31:11.561 [FXGL Background Thread 3 ] DEBUG Engine               - devBBoxColorProperty: ObjectProperty [value: 0xff0000ff]
13:31:11.562 [FXGL Background Thread 3 ] DEBUG Engine               - devEnableDebugCameraProperty: BooleanProperty [value: false]
13:31:11.563 [FXGL Background Thread 3 ] DEBUG Engine               - devSensorColorProperty: ObjectProperty [value: 0xffff00ff]
13:31:11.563 [FXGL Background Thread 3 ] DEBUG Engine               - devShowBBoxProperty: BooleanProperty [value: false]
13:31:11.563 [FXGL Background Thread 3 ] DEBUG Engine               - devShowPositionProperty: BooleanProperty [value: false]
13:31:11.564 [FXGL Background Thread 3 ] DEBUG Engine               - enabledMenuItems: []
13:31:11.564 [FXGL Background Thread 3 ] DEBUG Engine               - engineServices: [class com.almasb.fxgl.app.services.FXGLAssetLoaderService, class com.almasb.fxgl.app.FXGLApplication$GameApplicationService, class com.almasb.fxgl.app.services.FXGLDialogService, class com.almasb.fxgl.app.services.IOTaskExecutorService, class com.almasb.fxgl.io.FileSystemService, class com.almasb.fxgl.localization.LocalizationService, class com.almasb.fxgl.app.services.SystemBundleService, class com.almasb.fxgl.profile.SaveLoadService, class com.almasb.fxgl.ui.FXGLUIFactoryServiceProvider, class com.almasb.fxgl.ui.FXGLDialogFactoryServiceProvider, class com.almasb.fxgl.audio.AudioPlayer, class com.almasb.fxgl.notification.impl.NotificationServiceProvider, class com.almasb.fxgl.achievement.AchievementService, class com.almasb.fxgl.cutscene.CutsceneService, class com.almasb.fxgl.minigames.MiniGameService, class com.almasb.fxgl.net.NetService, class com.almasb.fxgl.app.services.UpdaterService, class com.almasb.fxgl.dev.DevService]
13:31:11.564 [FXGL Background Thread 3 ] DEBUG Engine               - fontGame: Abel-Regular.ttf
13:31:11.565 [FXGL Background Thread 3 ] DEBUG Engine               - fontMono: TerminalLandMono-Regular.otf
13:31:11.565 [FXGL Background Thread 3 ] DEBUG Engine               - fontText: Courier-Prime.ttf
13:31:11.566 [FXGL Background Thread 3 ] DEBUG Engine               - fontUI: VarelaRound-Regular.ttf
13:31:11.566 [FXGL Background Thread 3 ] DEBUG Engine               - fullScreen: BooleanProperty [value: false]
13:31:11.567 [FXGL Background Thread 3 ] DEBUG Engine               - gameDifficulty: MEDIUM
13:31:11.567 [FXGL Background Thread 3 ] DEBUG Engine               - gameDifficultyProperty: ObjectProperty [value: MEDIUM]
13:31:11.567 [FXGL Background Thread 3 ] DEBUG Engine               - globalMusicVolume: 0.5
13:31:11.568 [FXGL Background Thread 3 ] DEBUG Engine               - globalMusicVolumeProperty: DoubleProperty [value: 0.5]
13:31:11.568 [FXGL Background Thread 3 ] DEBUG Engine               - globalSoundVolume: 0.5
13:31:11.568 [FXGL Background Thread 3 ] DEBUG Engine               - globalSoundVolumeProperty: DoubleProperty [value: 0.5]
13:31:11.569 [FXGL Background Thread 3 ] DEBUG Engine               - height: 600
13:31:11.569 [FXGL Background Thread 3 ] DEBUG Engine               - is3D: false
13:31:11.569 [FXGL Background Thread 3 ] DEBUG Engine               - isAndroid: false
13:31:11.570 [FXGL Background Thread 3 ] DEBUG Engine               - isBrowser: false
13:31:11.570 [FXGL Background Thread 3 ] DEBUG Engine               - isClickFeedbackEnabled: false
13:31:11.570 [FXGL Background Thread 3 ] DEBUG Engine               - isCloseConfirmation: false
13:31:11.570 [FXGL Background Thread 3 ] DEBUG Engine               - isDesktop: true
13:31:11.571 [FXGL Background Thread 3 ] DEBUG Engine               - isDeveloperMenuEnabled: false
13:31:11.571 [FXGL Background Thread 3 ] DEBUG Engine               - isEmbedded: false
13:31:11.571 [FXGL Background Thread 3 ] DEBUG Engine               - isEntityPreloadEnabled: true
13:31:11.571 [FXGL Background Thread 3 ] DEBUG Engine               - isExperimentalTiledLargeMap: false
13:31:11.572 [FXGL Background Thread 3 ] DEBUG Engine               - isFileSystemWriteAllowed: true
13:31:11.572 [FXGL Background Thread 3 ] DEBUG Engine               - isFullScreenAllowed: false
13:31:11.572 [FXGL Background Thread 3 ] DEBUG Engine               - isFullScreenFromStart: false
13:31:11.573 [FXGL Background Thread 3 ] DEBUG Engine               - isGameMenuEnabled: true
13:31:11.573 [FXGL Background Thread 3 ] DEBUG Engine               - isIOS: false
13:31:11.573 [FXGL Background Thread 3 ] DEBUG Engine               - isIntroEnabled: false
13:31:11.573 [FXGL Background Thread 3 ] DEBUG Engine               - isLinux: true
13:31:11.574 [FXGL Background Thread 3 ] DEBUG Engine               - isMac: false
13:31:11.574 [FXGL Background Thread 3 ] DEBUG Engine               - isMainMenuEnabled: false
13:31:11.574 [FXGL Background Thread 3 ] DEBUG Engine               - isManualResizeEnabled: false
13:31:11.574 [FXGL Background Thread 3 ] DEBUG Engine               - isMobile: false
13:31:11.575 [FXGL Background Thread 3 ] DEBUG Engine               - isNative: false
13:31:11.575 [FXGL Background Thread 3 ] DEBUG Engine               - isPauseMusicWhenMinimized: true
13:31:11.575 [FXGL Background Thread 3 ] DEBUG Engine               - isPreserveResizeRatio: false
13:31:11.576 [FXGL Background Thread 3 ] DEBUG Engine               - isProfilingEnabled: false
13:31:11.576 [FXGL Background Thread 3 ] DEBUG Engine               - isScaleAffectedOnResize: true
13:31:11.576 [FXGL Background Thread 3 ] DEBUG Engine               - isSingleStep: false
13:31:11.576 [FXGL Background Thread 3 ] DEBUG Engine               - isUserProfileEnabled: false
13:31:11.577 [FXGL Background Thread 3 ] DEBUG Engine               - isWindows: false
13:31:11.577 [FXGL Background Thread 3 ] DEBUG Engine               - language: ObjectProperty [value: ENGLISH]
13:31:11.577 [FXGL Background Thread 3 ] DEBUG Engine               - menuKey: ESCAPE
13:31:11.577 [FXGL Background Thread 3 ] DEBUG Engine               - mouseSensitivity: 0.2
13:31:11.578 [FXGL Background Thread 3 ] DEBUG Engine               - notificationViewClass: class com.almasb.fxgl.notification.view.XboxNotificationView
13:31:11.578 [FXGL Background Thread 3 ] DEBUG Engine               - pixelsPerMeter: 50.0
13:31:11.578 [FXGL Background Thread 3 ] DEBUG Engine               - platform: LINUX
13:31:11.579 [FXGL Background Thread 3 ] DEBUG Engine               - prefHeightProperty: ReadOnlyDoubleProperty [value: 600.0]
13:31:11.579 [FXGL Background Thread 3 ] DEBUG Engine               - prefWidthProperty: ReadOnlyDoubleProperty [value: 800.0]
13:31:11.580 [FXGL Background Thread 3 ] DEBUG Engine               - profileDir: profiles/
13:31:11.580 [FXGL Background Thread 3 ] DEBUG Engine               - profileName: StringProperty [value: DEFAULT]
13:31:11.580 [FXGL Background Thread 3 ] DEBUG Engine               - randomSeed: -1
13:31:11.582 [FXGL Background Thread 3 ] DEBUG Engine               - runtimeInfo: RuntimeInfo(platform=LINUX, version=17.2, build=20.08.2022 16.50)
13:31:11.582 [FXGL Background Thread 3 ] DEBUG Engine               - saveFileExt: sav
13:31:11.583 [FXGL Background Thread 3 ] DEBUG Engine               - scaledHeightProp$fxgl: DoubleProperty [bound, value: 600.0]
13:31:11.583 [FXGL Background Thread 3 ] DEBUG Engine               - scaledWidthProp$fxgl: DoubleProperty [bound, value: 800.0]
13:31:11.583 [FXGL Background Thread 3 ] DEBUG Engine               - sceneFactory: com.almasb.fxgl.app.scene.SceneFactory@51ef612d
13:31:11.584 [FXGL Background Thread 3 ] DEBUG Engine               - secondsIn24h: 60
13:31:11.584 [FXGL Background Thread 3 ] DEBUG Engine               - soundMenuBack: menu/back.wav
13:31:11.584 [FXGL Background Thread 3 ] DEBUG Engine               - soundMenuPress: menu/press.wav
13:31:11.584 [FXGL Background Thread 3 ] DEBUG Engine               - soundMenuSelect: menu/select.wav
13:31:11.585 [FXGL Background Thread 3 ] DEBUG Engine               - soundNotification: core/notification.wav
13:31:11.585 [FXGL Background Thread 3 ] DEBUG Engine               - stageStyle: DECORATED
13:31:11.585 [FXGL Background Thread 3 ] DEBUG Engine               - supportedLanguages: [ENGLISH, FRENCH, GERMAN, HUNGARIAN, RUSSIAN]
13:31:11.586 [FXGL Background Thread 3 ] DEBUG Engine               - ticksPerSecond: -1
13:31:11.586 [FXGL Background Thread 3 ] DEBUG Engine               - title: Restaurant Simulation
13:31:11.586 [FXGL Background Thread 3 ] DEBUG Engine               - urlGithub: https://github.com/AlmasB/FXGL
13:31:11.587 [FXGL Background Thread 3 ] DEBUG Engine               - urlLeaderboard: http://fxgl-top.herokuapp.com/
13:31:11.587 [FXGL Background Thread 3 ] DEBUG Engine               - urlPOM: https://raw.githubusercontent.com/AlmasB/FXGL/release/README.md
13:31:11.587 [FXGL Background Thread 3 ] DEBUG Engine               - userAppClass: class com.simulation.restaurant.App
13:31:11.587 [FXGL Background Thread 3 ] DEBUG Engine               - version: 0.0
13:31:11.588 [FXGL Background Thread 3 ] DEBUG Engine               - versionCheckDays: 7
13:31:11.588 [FXGL Background Thread 3 ] DEBUG Engine               - width: 800
13:31:11.588 [FXGL Background Thread 3 ] DEBUG Engine               - Logging services
13:31:11.588 [FXGL Background Thread 3 ] DEBUG Engine               - class com.almasb.fxgl.app.services.FXGLAssetLoaderService
13:31:11.589 [FXGL Background Thread 3 ] DEBUG Engine               - class com.almasb.fxgl.app.FXGLApplication$GameApplicationService
13:31:11.589 [FXGL Background Thread 3 ] DEBUG Engine               - class com.almasb.fxgl.app.services.FXGLDialogService
13:31:11.589 [FXGL Background Thread 3 ] DEBUG Engine               - class com.almasb.fxgl.app.services.IOTaskExecutorService
13:31:11.590 [FXGL Background Thread 3 ] DEBUG Engine               - class com.almasb.fxgl.io.FileSystemService
13:31:11.590 [FXGL Background Thread 3 ] DEBUG Engine               - class com.almasb.fxgl.localization.LocalizationService
13:31:11.590 [FXGL Background Thread 3 ] DEBUG Engine               - class com.almasb.fxgl.app.services.SystemBundleService
13:31:11.590 [FXGL Background Thread 3 ] DEBUG Engine               - class com.almasb.fxgl.profile.SaveLoadService
13:31:11.590 [FXGL Background Thread 3 ] DEBUG Engine               - class com.almasb.fxgl.ui.FXGLUIFactoryServiceProvider
13:31:11.591 [FXGL Background Thread 3 ] DEBUG Engine               - class com.almasb.fxgl.ui.FXGLDialogFactoryServiceProvider
13:31:11.591 [FXGL Background Thread 3 ] DEBUG Engine               - class com.almasb.fxgl.audio.AudioPlayer
13:31:11.591 [FXGL Background Thread 3 ] DEBUG Engine               - class com.almasb.fxgl.notification.impl.NotificationServiceProvider
13:31:11.591 [FXGL Background Thread 3 ] DEBUG Engine               - class com.almasb.fxgl.achievement.AchievementService
13:31:11.592 [FXGL Background Thread 3 ] DEBUG Engine               - class com.almasb.fxgl.cutscene.CutsceneService
13:31:11.592 [FXGL Background Thread 3 ] DEBUG Engine               - class com.almasb.fxgl.minigames.MiniGameService
13:31:11.592 [FXGL Background Thread 3 ] DEBUG Engine               - class com.almasb.fxgl.net.NetService
13:31:11.592 [FXGL Background Thread 3 ] DEBUG Engine               - class com.almasb.fxgl.app.services.UpdaterService
13:31:11.592 [FXGL Background Thread 3 ] DEBUG Engine               - class com.almasb.fxgl.dev.DevService
13:31:15.233 [JavaFX Application Thread] DEBUG FXGLAssetLoaderServi - Loading from file system: file:/home/diego/Documentos/concurrente/Restaurant/personal/restaurant-simulation/target/classes/assets/textures/boy2.png
13:31:15.256 [JavaFX Application Thread] WARN  FXGLAssetLoaderServi - Asset "/assets/textures/comensal.png" was not found!
13:31:15.257 [JavaFX Application Thread] WARN  FXGLAssetLoaderServi - Failed to load RESIZABLE_IMAGE
13:31:20.234 [JavaFX Application Thread] WARN  FXGLAssetLoaderServi - Asset "/assets/textures/comensal.png" was not found!
13:31:20.235 [JavaFX Application Thread] WARN  FXGLAssetLoaderServi - Failed to load RESIZABLE_IMAGE
13:31:20.243 [JavaFX Application Thread] WARN  FXGLAssetLoaderServi - Asset "/assets/textures/comensal.png" was not found!
13:31:20.244 [JavaFX Application Thread] WARN  FXGLAssetLoaderServi - Failed to load RESIZABLE_IMAGE
13:31:21.731 [JavaFX Application Thread] WARN  FXGLAssetLoaderServi - Asset "/assets/textures/comensal.png" was not found!
13:31:21.731 [JavaFX Application Thread] WARN  FXGLAssetLoaderServi - Failed to load RESIZABLE_IMAGE
13:31:21.738 [JavaFX Application Thread] WARN  FXGLAssetLoaderServi - Asset "/assets/textures/comensal.png" was not found!
13:31:21.739 [JavaFX Application Thread] WARN  FXGLAssetLoaderServi - Failed to load RESIZABLE_IMAGE
13:31:22.754 [JavaFX Application Thread] WARN  FXGLAssetLoaderServi - Asset "/assets/textures/comensal.png" was not found!
13:31:22.754 [JavaFX Application Thread] WARN  FXGLAssetLoaderServi - Failed to load RESIZABLE_IMAGE
13:31:24.857 [JavaFX Application Thread] WARN  FXGLAssetLoaderServi - Asset "/assets/textures/comensal.png" was not found!
13:31:24.858 [JavaFX Application Thread] WARN  FXGLAssetLoaderServi - Failed to load RESIZABLE_IMAGE
13:31:29.521 [JavaFX Application Thread] WARN  FXGLAssetLoaderServi - Asset "/assets/textures/comensal.png" was not found!
13:31:29.522 [JavaFX Application Thread] WARN  FXGLAssetLoaderServi - Failed to load RESIZABLE_IMAGE
13:31:37.974 [JavaFX Application Thread] WARN  FXGLAssetLoaderServi - Asset "/assets/textures/comensal.png" was not found!
13:31:37.975 [JavaFX Application Thread] WARN  FXGLAssetLoaderServi - Failed to load RESIZABLE_IMAGE
13:31:38.974 [JavaFX Application Thread] WARN  FXGLAssetLoaderServi - Asset "/assets/textures/comensal.png" was not found!
13:31:38.975 [JavaFX Application Thread] WARN  FXGLAssetLoaderServi - Failed to load RESIZABLE_IMAGE
13:31:43.492 [JavaFX Application Thread] WARN  FXGLAssetLoaderServi - Asset "/assets/textures/comensal.png" was not found!
13:31:43.493 [JavaFX Application Thread] WARN  FXGLAssetLoaderServi - Failed to load RESIZABLE_IMAGE
13:31:44.955 [JavaFX Application Thread] DEBUG FXGLApplication      - Exiting FXGL
13:31:44.956 [JavaFX Application Thread] DEBUG LoopRunner           - Stopping loop
13:31:44.956 [JavaFX Application Thread] DEBUG SystemBundleService  - Saving FXGL system data
13:31:44.963 [JavaFX Application Thread] DEBUG FileSystemAccess     - Writing to: /home/diego/Documentos/concurrente/Restaurant/personal/restaurant-simulation/system/fxgl.bundle
13:31:44.974 [JavaFX Application Thread] DEBUG Async                - Shutting down background threads
13:31:44.975 [JavaFX Application Thread] DEBUG PrimaryStageWindow   - Closing main window
13:31:44.983 [JavaFX Application Thread] DEBUG Logger               - Closing Logger
