10:30:18.106 [com.simulation.restaurant] DEBUG Logger               - Configured Logger
10:30:18.157 [com.simulation.restaurant] DEBUG GameApplication      - Logging settings
Title: Restaurant Simulation
Version: 0.0
Width: 800
Height: 600
Fullscreen: false
Intro: false
Profiling: false
Single step:false
App Mode: DEVELOPER
Menu Key: ESCAPE
Stage Style: DECORATED
Scene Factory: class com.almasb.fxgl.app.scene.SceneFactory

10:30:18.759 [JavaFX Application Thread] DEBUG FXGLApplication      - Initializing FXGL
10:30:18.771 [JavaFX Application Thread] INFO  Engine               - FXGL-17.2 (20.08.2022 16.50) on LINUX (J:21.0.5 FX:18)
10:30:18.772 [JavaFX Application Thread] DEBUG Engine               - JRE Vendor Name: Red Hat, Inc.
10:30:18.772 [JavaFX Application Thread] DEBUG Engine               - Running on OS: Linux version 6.11.8-200.fc40.x86_64
10:30:18.773 [JavaFX Application Thread] DEBUG Engine               - Architecture: amd64
10:30:18.773 [JavaFX Application Thread] INFO  Engine               - Source code and latest versions at: https://github.com/AlmasB/FXGL
10:30:18.773 [JavaFX Application Thread] INFO  Engine               -       Ask questions and discuss at: https://github.com/AlmasB/FXGL/discussions
10:30:18.774 [JavaFX Application Thread] INFO  Engine               -              Join the FXGL chat at: https://gitter.im/AlmasB/FXGL
10:30:19.114 [JavaFX Application Thread] DEBUG PrimaryStageWindow   - Creating a JavaFX scene
10:30:19.388 [JavaFX Application Thread] DEBUG PrimaryStageWindow   - Target settings size: 800.0 x 600.0
10:30:19.389 [JavaFX Application Thread] DEBUG PrimaryStageWindow   - Scaled scene size:    800.0 x 600.0
10:30:19.390 [JavaFX Application Thread] DEBUG PrimaryStageWindow   - Scaled ratio: (1.0, 1.0)
10:30:19.394 [JavaFX Application Thread] DEBUG PrimaryStageWindow   - Set initial scene to FXGLStartupScene
10:30:19.429 [JavaFX Application Thread] DEBUG PrimaryStageWindow   - Opening main window
10:30:19.729 [JavaFX Application Thread] DEBUG PrimaryStageWindow   - Window border size: (8.0, 38.0)
10:30:19.730 [JavaFX Application Thread] DEBUG PrimaryStageWindow   - Scaled size: 800.0 x 600.0
10:30:19.731 [JavaFX Application Thread] DEBUG PrimaryStageWindow   - Scaled ratio: (1.0, 1.0)
10:30:19.734 [JavaFX Application Thread] DEBUG PrimaryStageWindow   - Scene size: 800.0 x 600.0
10:30:19.735 [JavaFX Application Thread] DEBUG PrimaryStageWindow   - Stage size: 808.0 x 638.0
10:30:19.767 [FXGL Background Thread 1 ] DEBUG Engine               - Initializing environment variables
10:30:19.926 [FXGL Background Thread 1 ] DEBUG FXGLAssetLoaderServi - User app class for loading assets: class com.simulation.restaurant.App
10:30:19.927 [FXGL Background Thread 1 ] DEBUG GameApplicationServi - Applying CSS: fxgl_dark.css
10:30:19.930 [FXGL Background Thread 1 ] DEBUG FXGLAssetLoaderServi - Loading from file system: jar:file:/home/diego/.m2/repository/com/github/almasb/fxgl/17.2/fxgl-17.2.jar!/fxglassets/ui/css/fxgl_dark.css
10:30:20.182 [FXGL Background Thread 1 ] DEBUG GameApplicationServi - Initializing application scenes
10:30:20.321 [FXGL Background Thread 1 ] DEBUG GameWorld            - Game world initialized
10:30:20.572 [FXGL Background Thread 1 ] DEBUG PhysicsWorld         - Physics world initialized: appHeight=600, physics.ppm=50.0
10:30:20.573 [FXGL Background Thread 1 ] DEBUG PhysicsWorld         - Using strategy: BRUTE_FORCE
10:30:20.584 [FXGL Background Thread 1 ] DEBUG GameScene            - Game scene initialized: 800x600
10:30:20.619 [FXGL Background Thread 1 ] DEBUG FXGL.DefaultMenu     - createMenuBodyGameMenu()
10:30:20.665 [FXGL Background Thread 1 ] DEBUG FXGL.DefaultMenu     - createOptionsMenu()
10:30:20.703 [FXGL Background Thread 1 ] DEBUG FXGLAssetLoaderServi - Loading from file system: jar:file:/home/diego/.m2/repository/com/github/almasb/fxgl/17.2/fxgl-17.2.jar!/fxglassets/textures/particles/smoke.png
10:30:21.109 [FXGL Background Thread 1 ] DEBUG FXGLAssetLoaderServi - Loading from file system: jar:file:/home/diego/.m2/repository/com/github/almasb/fxgl/17.2/fxgl-17.2.jar!/fxglassets/textures/particles/trace_horizontal.png
10:30:21.184 [FXGL Background Thread 1 ] DEBUG GameApplicationServi - Application scenes initialized
10:30:21.226 [FXGL Background Thread 1 ] DEBUG SystemBundleService  - Loading FXGL system data
10:30:21.237 [FXGL Background Thread 1 ] DEBUG FileSystemAccess     - Reading from: /home/diego/Documentos/concurrente/Restaurant/diego/restaurant-simulation/system/fxgl.bundle
10:30:21.259 [FXGL Background Thread 1 ] DEBUG SystemBundleService  - Bundle FXGL: {}
10:30:21.259 [FXGL Background Thread 1 ] DEBUG UpdaterService       - Checking for updates
10:30:21.271 [FXGL Background Thread 4 ] DEBUG FXGLApplication      - Loading fonts
10:30:21.272 [FXGL Background Thread 4 ] DEBUG FXGLAssetLoaderServi - Loading from file system: jar:file:/home/diego/.m2/repository/com/github/almasb/fxgl/17.2/fxgl-17.2.jar!/fxglassets/ui/fonts/VarelaRound-Regular.ttf
10:30:21.272 [FXGL Background Thread 1 ] DEBUG FXGLApplication      - Loading default localization
10:30:21.274 [FXGL Background Thread 1 ] DEBUG FXGLAssetLoaderServi - Loading from file system: jar:file:/home/diego/.m2/repository/com/github/almasb/fxgl/17.2/fxgl-17.2.jar!/fxglassets/languages/english.lang
10:30:21.291 [FXGL Background Thread 4 ] DEBUG FXGLAssetLoaderServi - Loading from file system: jar:file:/home/diego/.m2/repository/com/github/almasb/fxgl/17.2/fxgl-17.2.jar!/fxglassets/ui/fonts/Abel-Regular.ttf
10:30:21.295 [FXGL Background Thread 4 ] DEBUG FXGLAssetLoaderServi - Loading from file system: jar:file:/home/diego/.m2/repository/com/github/almasb/fxgl/17.2/fxgl-17.2.jar!/fxglassets/ui/fonts/TerminalLandMono-Regular.otf
10:30:21.301 [FXGL Background Thread 4 ] DEBUG FXGLAssetLoaderServi - Loading from file system: jar:file:/home/diego/.m2/repository/com/github/almasb/fxgl/17.2/fxgl-17.2.jar!/fxglassets/ui/fonts/Courier-Prime.ttf
10:30:21.319 [JavaFX Application Thread] DEBUG FXGLApplication      - Registering font factories with UI factory
10:30:21.332 [FXGL Background Thread 1 ] INFO  FXGLApplication      - FXGL initialization took: 1.564 sec
10:30:21.334 [JavaFX Application Thread] DEBUG FXGLAssetLoaderServi - Loading from file system: jar:file:/home/diego/.m2/repository/com/github/almasb/fxgl/17.2/fxgl-17.2.jar!/fxglassets/textures/fxgl_icon.png
10:30:21.419 [JavaFX Application Thread] DEBUG FXGLAssetLoaderServi - Loading from file system: jar:file:/home/diego/.m2/repository/com/github/almasb/fxgl/17.2/fxgl-17.2.jar!/fxglassets/textures/fxgl_default_cursor.png
10:30:21.449 [JavaFX Application Thread] DEBUG Input                - Registered new binding: Screenshot - CTRL+8
10:30:21.451 [JavaFX Application Thread] DEBUG Input                - Registered new binding: System info dump - CTRL+9
10:30:21.452 [JavaFX Application Thread] DEBUG Input                - Registered new binding: Restart - CTRL+R
10:30:21.453 [JavaFX Application Thread] DEBUG Input                - Registered new binding: Toggle Debug Camera - CTRL+7
10:30:21.459 [JavaFX Application Thread] DEBUG LoopRunner           - Starting loop
10:30:21.459 [JavaFX Application Thread] DEBUG LoopRunner           - Initializing JavaFX AnimationTimerLoop
10:30:21.463 [JavaFX Application Thread] DEBUG GameApplicationServi - Starting new game
10:30:21.464 [JavaFX Application Thread] DEBUG Input                - Clearing active input actions
10:30:21.507 [JavaFX Application Thread] DEBUG GameApplicationServi - Removing overlay from FXGLStartupScene and adding to FXGLLoadingScene
10:30:21.508 [JavaFX Application Thread] DEBUG PrimaryStageWindow   - FXGLStartupScene -> FXGLLoadingScene
10:30:21.509 [JavaFX Application Thread] DEBUG GameApplicationServi - Clearing previous game
10:30:21.509 [JavaFX Application Thread] DEBUG GameScene            - Clearing game scene
10:30:21.509 [JavaFX Application Thread] DEBUG GameWorld            - Clearing game world
10:30:21.509 [JavaFX Application Thread] DEBUG PhysicsWorld         - Clearing physics world
10:30:21.516 [FXGL Background Thread 1 ] DEBUG FXGLApplication      - Initializing game
10:30:21.523 [FXGL Background Thread 1 ] DEBUG FXGLAssetLoaderServi - Loading from file system: file:/home/diego/Documentos/concurrente/Restaurant/diego/restaurant-simulation/target/classes/assets/textures/floor.png
10:30:21.540 [FXGL Background Thread 1 ] DEBUG FXGLAssetLoaderServi - Loading from file system: file:/home/diego/Documentos/concurrente/Restaurant/diego/restaurant-simulation/target/classes/assets/textures/table.png
10:30:21.549 [FXGL Background Thread 1 ] DEBUG FXGLAssetLoaderServi - Loading from file system: file:/home/diego/Documentos/concurrente/Restaurant/diego/restaurant-simulation/target/classes/assets/textures/receptionist.png
10:30:21.579 [FXGL Background Thread 1 ] DEBUG FXGLAssetLoaderServi - Loading from file system: file:/home/diego/Documentos/concurrente/Restaurant/diego/restaurant-simulation/target/classes/assets/textures/girl2.png
10:30:21.616 [FXGL Background Thread 1 ] DEBUG FXGLAssetLoaderServi - Loading from file system: file:/home/diego/Documentos/concurrente/Restaurant/diego/restaurant-simulation/target/classes/assets/textures/kitchen.png
10:30:21.657 [FXGL Background Thread 1 ] DEBUG FXGLAssetLoaderServi - Loading from file system: file:/home/diego/Documentos/concurrente/Restaurant/diego/restaurant-simulation/target/classes/assets/textures/chef.png
10:30:21.681 [FXGL Background Thread 1 ] DEBUG FXGLAssetLoaderServi - Loading from file system: file:/home/diego/Documentos/concurrente/Restaurant/diego/restaurant-simulation/target/classes/assets/textures/tables.png
10:30:21.758 [FXGL Background Thread 1 ] DEBUG FXGLAssetLoaderServi - Loading from file system: file:/home/diego/Documentos/concurrente/Restaurant/diego/restaurant-simulation/target/classes/assets/textures/mesera.png
10:30:21.788 [FXGL Background Thread 1 ] DEBUG FXGLAssetLoaderServi - Loading from file system: file:/home/diego/Documentos/concurrente/Restaurant/diego/restaurant-simulation/target/classes/assets/textures/food.png
10:30:21.816 [FXGL Background Thread 1 ] WARN  GameWorld            - Entity is already attached to world
10:30:21.820 [FXGL Background Thread 1 ] WARN  GameWorld            - Entity is already attached to world
10:30:21.822 [FXGL Background Thread 1 ] WARN  GameWorld            - Entity is already attached to world
10:30:21.822 [FXGL Background Thread 1 ] WARN  GameWorld            - Entity is already attached to world
10:30:21.823 [FXGL Background Thread 1 ] WARN  GameWorld            - Entity is already attached to world
10:30:21.824 [FXGL Background Thread 1 ] WARN  GameWorld            - Entity is already attached to world
10:30:21.825 [FXGL Background Thread 1 ] WARN  GameWorld            - Entity is already attached to world
10:30:21.825 [FXGL Background Thread 1 ] WARN  GameWorld            - Entity is already attached to world
10:30:21.828 [FXGL Background Thread 1 ] WARN  GameWorld            - Entity is already attached to world
10:30:21.828 [FXGL Background Thread 1 ] WARN  GameWorld            - Entity is already attached to world
10:30:21.829 [FXGL Background Thread 1 ] WARN  GameWorld            - Entity is already attached to world
10:30:21.829 [FXGL Background Thread 1 ] WARN  GameWorld            - Entity is already attached to world
10:30:21.830 [FXGL Background Thread 1 ] WARN  GameWorld            - Entity is already attached to world
10:30:21.830 [FXGL Background Thread 1 ] WARN  GameWorld            - Entity is already attached to world
10:30:21.830 [FXGL Background Thread 1 ] WARN  GameWorld            - Entity is already attached to world
10:30:21.831 [FXGL Background Thread 1 ] WARN  GameWorld            - Entity is already attached to world
10:30:21.831 [FXGL Background Thread 1 ] WARN  GameWorld            - Entity is already attached to world
10:30:21.831 [FXGL Background Thread 1 ] WARN  GameWorld            - Entity is already attached to world
10:30:21.832 [FXGL Background Thread 1 ] WARN  GameWorld            - Entity is already attached to world
10:30:21.832 [FXGL Background Thread 1 ] WARN  GameWorld            - Entity is already attached to world
10:30:21.833 [FXGL Background Thread 1 ] WARN  GameWorld            - Entity is already attached to world
10:30:21.863 [FXGL Background Thread 1 ] INFO  FXGLApplication      - Game initialization took: 0.347 sec
10:30:21.904 [JavaFX Application Thread] DEBUG Input                - Clearing active input actions
10:30:21.942 [JavaFX Application Thread] DEBUG GameApplicationServi - Removing overlay from FXGLLoadingScene and adding to GameScene
10:30:21.943 [JavaFX Application Thread] DEBUG PrimaryStageWindow   - FXGLLoadingScene -> GameScene
10:30:21.952 [JavaFX Application Thread] DEBUG FXGLAssetLoaderServi - Loading from file system: file:/home/diego/Documentos/concurrente/Restaurant/diego/restaurant-simulation/target/classes/assets/textures/boy2.png
10:30:21.985 [JavaFX Application Thread] DEBUG FXGLAssetLoaderServi - Loading from file system: file:/home/diego/Documentos/concurrente/Restaurant/diego/restaurant-simulation/target/classes/assets/textures/boy.png
10:30:23.121 [FXGL Background Thread 2 ] INFO  UpdaterService       - Your current version:  17.2
10:30:23.125 [FXGL Background Thread 2 ] INFO  UpdaterService       - Latest stable version: 21.1
10:30:23.880 [JavaFX Application Thread] DEBUG FXGLAssetLoaderServi - Loading from file system: file:/home/diego/Documentos/concurrente/Restaurant/diego/restaurant-simulation/target/classes/assets/textures/boy3.png
10:30:24.267 [FXGL Background Thread 3 ] DEBUG Engine               - Logging environment variables
10:30:24.269 [FXGL Background Thread 3 ] DEBUG Engine               - achievements: []
10:30:24.269 [FXGL Background Thread 3 ] DEBUG Engine               - actualHeight: 600.0
10:30:24.270 [FXGL Background Thread 3 ] DEBUG Engine               - actualHeightProperty: ReadOnlyDoubleProperty [value: 600.0]
10:30:24.270 [FXGL Background Thread 3 ] DEBUG Engine               - actualWidth: 800.0
10:30:24.271 [FXGL Background Thread 3 ] DEBUG Engine               - actualWidthProperty: ReadOnlyDoubleProperty [value: 800.0]
10:30:24.271 [FXGL Background Thread 3 ] DEBUG Engine               - appIcon: fxgl_icon.png
10:30:24.271 [FXGL Background Thread 3 ] DEBUG Engine               - applicationMode: DEVELOPER
10:30:24.272 [FXGL Background Thread 3 ] DEBUG Engine               - cSSList: [fxgl_dark.css]
10:30:24.272 [FXGL Background Thread 3 ] DEBUG Engine               - collisionDetectionStrategy: BRUTE_FORCE
10:30:24.272 [FXGL Background Thread 3 ] DEBUG Engine               - configClass: Optional.empty
10:30:24.273 [FXGL Background Thread 3 ] DEBUG Engine               - credits: []
10:30:24.274 [FXGL Background Thread 3 ] DEBUG Engine               - defaultCursor: CursorInfo(imageName=fxgl_default_cursor.png, hotspotX=7.0, hotspotY=6.0)
10:30:24.276 [FXGL Background Thread 3 ] DEBUG Engine               - devBBoxColorProperty: ObjectProperty [value: 0xff0000ff]
10:30:24.276 [FXGL Background Thread 3 ] DEBUG Engine               - devEnableDebugCameraProperty: BooleanProperty [value: false]
10:30:24.277 [FXGL Background Thread 3 ] DEBUG Engine               - devSensorColorProperty: ObjectProperty [value: 0xffff00ff]
10:30:24.277 [FXGL Background Thread 3 ] DEBUG Engine               - devShowBBoxProperty: BooleanProperty [value: false]
10:30:24.277 [FXGL Background Thread 3 ] DEBUG Engine               - devShowPositionProperty: BooleanProperty [value: false]
10:30:24.278 [FXGL Background Thread 3 ] DEBUG Engine               - enabledMenuItems: []
10:30:24.278 [FXGL Background Thread 3 ] DEBUG Engine               - engineServices: [class com.almasb.fxgl.app.services.FXGLAssetLoaderService, class com.almasb.fxgl.app.FXGLApplication$GameApplicationService, class com.almasb.fxgl.app.services.FXGLDialogService, class com.almasb.fxgl.app.services.IOTaskExecutorService, class com.almasb.fxgl.io.FileSystemService, class com.almasb.fxgl.localization.LocalizationService, class com.almasb.fxgl.app.services.SystemBundleService, class com.almasb.fxgl.profile.SaveLoadService, class com.almasb.fxgl.ui.FXGLUIFactoryServiceProvider, class com.almasb.fxgl.ui.FXGLDialogFactoryServiceProvider, class com.almasb.fxgl.audio.AudioPlayer, class com.almasb.fxgl.notification.impl.NotificationServiceProvider, class com.almasb.fxgl.achievement.AchievementService, class com.almasb.fxgl.cutscene.CutsceneService, class com.almasb.fxgl.minigames.MiniGameService, class com.almasb.fxgl.net.NetService, class com.almasb.fxgl.app.services.UpdaterService, class com.almasb.fxgl.dev.DevService]
10:30:24.278 [FXGL Background Thread 3 ] DEBUG Engine               - fontGame: Abel-Regular.ttf
10:30:24.279 [FXGL Background Thread 3 ] DEBUG Engine               - fontMono: TerminalLandMono-Regular.otf
10:30:24.279 [FXGL Background Thread 3 ] DEBUG Engine               - fontText: Courier-Prime.ttf
10:30:24.279 [FXGL Background Thread 3 ] DEBUG Engine               - fontUI: VarelaRound-Regular.ttf
10:30:24.280 [FXGL Background Thread 3 ] DEBUG Engine               - fullScreen: BooleanProperty [value: false]
10:30:24.280 [FXGL Background Thread 3 ] DEBUG Engine               - gameDifficulty: MEDIUM
10:30:24.280 [FXGL Background Thread 3 ] DEBUG Engine               - gameDifficultyProperty: ObjectProperty [value: MEDIUM]
10:30:24.280 [FXGL Background Thread 3 ] DEBUG Engine               - globalMusicVolume: 0.5
10:30:24.281 [FXGL Background Thread 3 ] DEBUG Engine               - globalMusicVolumeProperty: DoubleProperty [value: 0.5]
10:30:24.281 [FXGL Background Thread 3 ] DEBUG Engine               - globalSoundVolume: 0.5
10:30:24.281 [FXGL Background Thread 3 ] DEBUG Engine               - globalSoundVolumeProperty: DoubleProperty [value: 0.5]
10:30:24.282 [FXGL Background Thread 3 ] DEBUG Engine               - height: 600
10:30:24.282 [FXGL Background Thread 3 ] DEBUG Engine               - is3D: false
10:30:24.282 [FXGL Background Thread 3 ] DEBUG Engine               - isAndroid: false
10:30:24.282 [FXGL Background Thread 3 ] DEBUG Engine               - isBrowser: false
10:30:24.283 [FXGL Background Thread 3 ] DEBUG Engine               - isClickFeedbackEnabled: false
10:30:24.283 [FXGL Background Thread 3 ] DEBUG Engine               - isCloseConfirmation: false
10:30:24.283 [FXGL Background Thread 3 ] DEBUG Engine               - isDesktop: true
10:30:24.283 [FXGL Background Thread 3 ] DEBUG Engine               - isDeveloperMenuEnabled: false
10:30:24.283 [FXGL Background Thread 3 ] DEBUG Engine               - isEmbedded: false
10:30:24.284 [FXGL Background Thread 3 ] DEBUG Engine               - isEntityPreloadEnabled: true
10:30:24.284 [FXGL Background Thread 3 ] DEBUG Engine               - isExperimentalTiledLargeMap: false
10:30:24.284 [FXGL Background Thread 3 ] DEBUG Engine               - isFileSystemWriteAllowed: true
10:30:24.284 [FXGL Background Thread 3 ] DEBUG Engine               - isFullScreenAllowed: false
10:30:24.285 [FXGL Background Thread 3 ] DEBUG Engine               - isFullScreenFromStart: false
10:30:24.285 [FXGL Background Thread 3 ] DEBUG Engine               - isGameMenuEnabled: true
10:30:24.285 [FXGL Background Thread 3 ] DEBUG Engine               - isIOS: false
10:30:24.285 [FXGL Background Thread 3 ] DEBUG Engine               - isIntroEnabled: false
10:30:24.286 [FXGL Background Thread 3 ] DEBUG Engine               - isLinux: true
10:30:24.286 [FXGL Background Thread 3 ] DEBUG Engine               - isMac: false
10:30:24.286 [FXGL Background Thread 3 ] DEBUG Engine               - isMainMenuEnabled: false
10:30:24.286 [FXGL Background Thread 3 ] DEBUG Engine               - isManualResizeEnabled: false
10:30:24.287 [FXGL Background Thread 3 ] DEBUG Engine               - isMobile: false
10:30:24.287 [FXGL Background Thread 3 ] DEBUG Engine               - isNative: false
10:30:24.287 [FXGL Background Thread 3 ] DEBUG Engine               - isPauseMusicWhenMinimized: true
10:30:24.287 [FXGL Background Thread 3 ] DEBUG Engine               - isPreserveResizeRatio: false
10:30:24.288 [FXGL Background Thread 3 ] DEBUG Engine               - isProfilingEnabled: false
10:30:24.288 [FXGL Background Thread 3 ] DEBUG Engine               - isScaleAffectedOnResize: true
10:30:24.288 [FXGL Background Thread 3 ] DEBUG Engine               - isSingleStep: false
10:30:24.289 [FXGL Background Thread 3 ] DEBUG Engine               - isUserProfileEnabled: false
10:30:24.289 [FXGL Background Thread 3 ] DEBUG Engine               - isWindows: false
10:30:24.289 [FXGL Background Thread 3 ] DEBUG Engine               - language: ObjectProperty [value: ENGLISH]
10:30:24.290 [FXGL Background Thread 3 ] DEBUG Engine               - menuKey: ESCAPE
10:30:24.290 [FXGL Background Thread 3 ] DEBUG Engine               - mouseSensitivity: 0.2
10:30:24.290 [FXGL Background Thread 3 ] DEBUG Engine               - notificationViewClass: class com.almasb.fxgl.notification.view.XboxNotificationView
10:30:24.291 [FXGL Background Thread 3 ] DEBUG Engine               - pixelsPerMeter: 50.0
10:30:24.291 [FXGL Background Thread 3 ] DEBUG Engine               - platform: LINUX
10:30:24.291 [FXGL Background Thread 3 ] DEBUG Engine               - prefHeightProperty: ReadOnlyDoubleProperty [value: 600.0]
10:30:24.292 [FXGL Background Thread 3 ] DEBUG Engine               - prefWidthProperty: ReadOnlyDoubleProperty [value: 800.0]
10:30:24.292 [FXGL Background Thread 3 ] DEBUG Engine               - profileDir: profiles/
10:30:24.293 [FXGL Background Thread 3 ] DEBUG Engine               - profileName: StringProperty [value: DEFAULT]
10:30:24.293 [FXGL Background Thread 3 ] DEBUG Engine               - randomSeed: -1
10:30:24.295 [FXGL Background Thread 3 ] DEBUG Engine               - runtimeInfo: RuntimeInfo(platform=LINUX, version=17.2, build=20.08.2022 16.50)
10:30:24.295 [FXGL Background Thread 3 ] DEBUG Engine               - saveFileExt: sav
10:30:24.295 [FXGL Background Thread 3 ] DEBUG Engine               - scaledHeightProp$fxgl: DoubleProperty [bound, value: 600.0]
10:30:24.296 [FXGL Background Thread 3 ] DEBUG Engine               - scaledWidthProp$fxgl: DoubleProperty [bound, value: 800.0]
10:30:24.296 [FXGL Background Thread 3 ] DEBUG Engine               - sceneFactory: com.almasb.fxgl.app.scene.SceneFactory@51ef612d
10:30:24.296 [FXGL Background Thread 3 ] DEBUG Engine               - secondsIn24h: 60
10:30:24.297 [FXGL Background Thread 3 ] DEBUG Engine               - soundMenuBack: menu/back.wav
10:30:24.297 [FXGL Background Thread 3 ] DEBUG Engine               - soundMenuPress: menu/press.wav
10:30:24.297 [FXGL Background Thread 3 ] DEBUG Engine               - soundMenuSelect: menu/select.wav
10:30:24.297 [FXGL Background Thread 3 ] DEBUG Engine               - soundNotification: core/notification.wav
10:30:24.298 [FXGL Background Thread 3 ] DEBUG Engine               - stageStyle: DECORATED
10:30:24.298 [FXGL Background Thread 3 ] DEBUG Engine               - supportedLanguages: [ENGLISH, FRENCH, GERMAN, HUNGARIAN, RUSSIAN]
10:30:24.298 [FXGL Background Thread 3 ] DEBUG Engine               - ticksPerSecond: -1
10:30:24.298 [FXGL Background Thread 3 ] DEBUG Engine               - title: Restaurant Simulation
10:30:24.299 [FXGL Background Thread 3 ] DEBUG Engine               - urlGithub: https://github.com/AlmasB/FXGL
10:30:24.299 [FXGL Background Thread 3 ] DEBUG Engine               - urlLeaderboard: http://fxgl-top.herokuapp.com/
10:30:24.299 [FXGL Background Thread 3 ] DEBUG Engine               - urlPOM: https://raw.githubusercontent.com/AlmasB/FXGL/release/README.md
10:30:24.299 [FXGL Background Thread 3 ] DEBUG Engine               - userAppClass: class com.simulation.restaurant.App
10:30:24.300 [FXGL Background Thread 3 ] DEBUG Engine               - version: 0.0
10:30:24.300 [FXGL Background Thread 3 ] DEBUG Engine               - versionCheckDays: 7
10:30:24.300 [FXGL Background Thread 3 ] DEBUG Engine               - width: 800
10:30:24.300 [FXGL Background Thread 3 ] DEBUG Engine               - Logging services
10:30:24.301 [FXGL Background Thread 3 ] DEBUG Engine               - class com.almasb.fxgl.app.services.FXGLAssetLoaderService
10:30:24.301 [FXGL Background Thread 3 ] DEBUG Engine               - class com.almasb.fxgl.app.FXGLApplication$GameApplicationService
10:30:24.301 [FXGL Background Thread 3 ] DEBUG Engine               - class com.almasb.fxgl.app.services.FXGLDialogService
10:30:24.301 [FXGL Background Thread 3 ] DEBUG Engine               - class com.almasb.fxgl.app.services.IOTaskExecutorService
10:30:24.301 [FXGL Background Thread 3 ] DEBUG Engine               - class com.almasb.fxgl.io.FileSystemService
10:30:24.302 [FXGL Background Thread 3 ] DEBUG Engine               - class com.almasb.fxgl.localization.LocalizationService
10:30:24.302 [FXGL Background Thread 3 ] DEBUG Engine               - class com.almasb.fxgl.app.services.SystemBundleService
10:30:24.302 [FXGL Background Thread 3 ] DEBUG Engine               - class com.almasb.fxgl.profile.SaveLoadService
10:30:24.302 [FXGL Background Thread 3 ] DEBUG Engine               - class com.almasb.fxgl.ui.FXGLUIFactoryServiceProvider
10:30:24.303 [FXGL Background Thread 3 ] DEBUG Engine               - class com.almasb.fxgl.ui.FXGLDialogFactoryServiceProvider
10:30:24.303 [FXGL Background Thread 3 ] DEBUG Engine               - class com.almasb.fxgl.audio.AudioPlayer
10:30:24.303 [FXGL Background Thread 3 ] DEBUG Engine               - class com.almasb.fxgl.notification.impl.NotificationServiceProvider
10:30:24.303 [FXGL Background Thread 3 ] DEBUG Engine               - class com.almasb.fxgl.achievement.AchievementService
10:30:24.303 [FXGL Background Thread 3 ] DEBUG Engine               - class com.almasb.fxgl.cutscene.CutsceneService
10:30:24.304 [FXGL Background Thread 3 ] DEBUG Engine               - class com.almasb.fxgl.minigames.MiniGameService
10:30:24.304 [FXGL Background Thread 3 ] DEBUG Engine               - class com.almasb.fxgl.net.NetService
10:30:24.304 [FXGL Background Thread 3 ] DEBUG Engine               - class com.almasb.fxgl.app.services.UpdaterService
10:30:24.304 [FXGL Background Thread 3 ] DEBUG Engine               - class com.almasb.fxgl.dev.DevService
10:30:49.293 [JavaFX Application Thread] DEBUG FXGLApplication      - Exiting FXGL
10:30:49.294 [JavaFX Application Thread] DEBUG LoopRunner           - Stopping loop
10:30:49.294 [JavaFX Application Thread] DEBUG SystemBundleService  - Saving FXGL system data
10:30:49.302 [JavaFX Application Thread] DEBUG FileSystemAccess     - Writing to: /home/diego/Documentos/concurrente/Restaurant/diego/restaurant-simulation/system/fxgl.bundle
10:30:49.312 [JavaFX Application Thread] DEBUG Async                - Shutting down background threads
10:30:49.314 [JavaFX Application Thread] DEBUG PrimaryStageWindow   - Closing main window
10:30:49.320 [JavaFX Application Thread] DEBUG Logger               - Closing Logger
