12:09:31.315 [com.simulation.restaurant] DEBUG Logger               - Configured Logger
12:09:31.365 [com.simulation.restaurant] DEBUG GameApplication      - Logging settings
Title: Restaurant Simulation
Version: 0.0
Width: 800
Height: 600
Fullscreen: false
Intro: false
Profiling: false
Single step:false
App Mode: DEVELOPER
Menu Key: ESCAPE
Stage Style: DECORATED
Scene Factory: class com.almasb.fxgl.app.scene.SceneFactory

12:09:32.154 [JavaFX Application Thread] DEBUG FXGLApplication      - Initializing FXGL
12:09:32.178 [JavaFX Application Thread] INFO  Engine               - FXGL-17.2 (20.08.2022 16.50) on LINUX (J:21.0.5 FX:18)
12:09:32.179 [JavaFX Application Thread] DEBUG Engine               - JRE Vendor Name: Red Hat, Inc.
12:09:32.180 [JavaFX Application Thread] DEBUG Engine               - Running on OS: Linux version 6.11.8-200.fc40.x86_64
12:09:32.180 [JavaFX Application Thread] DEBUG Engine               - Architecture: amd64
12:09:32.180 [JavaFX Application Thread] INFO  Engine               - Source code and latest versions at: https://github.com/AlmasB/FXGL
12:09:32.181 [JavaFX Application Thread] INFO  Engine               -       Ask questions and discuss at: https://github.com/AlmasB/FXGL/discussions
12:09:32.182 [JavaFX Application Thread] INFO  Engine               -              Join the FXGL chat at: https://gitter.im/AlmasB/FXGL
12:09:32.731 [JavaFX Application Thread] DEBUG PrimaryStageWindow   - Creating a JavaFX scene
12:09:32.978 [JavaFX Application Thread] DEBUG PrimaryStageWindow   - Target settings size: 800.0 x 600.0
12:09:32.979 [JavaFX Application Thread] DEBUG PrimaryStageWindow   - Scaled scene size:    800.0 x 600.0
12:09:32.980 [JavaFX Application Thread] DEBUG PrimaryStageWindow   - Scaled ratio: (1.0, 1.0)
12:09:32.983 [JavaFX Application Thread] DEBUG PrimaryStageWindow   - Set initial scene to FXGLStartupScene
12:09:33.013 [JavaFX Application Thread] DEBUG PrimaryStageWindow   - Opening main window
12:09:33.236 [JavaFX Application Thread] DEBUG PrimaryStageWindow   - Window border size: (8.0, 38.0)
12:09:33.237 [JavaFX Application Thread] DEBUG PrimaryStageWindow   - Scaled size: 800.0 x 600.0
12:09:33.238 [JavaFX Application Thread] DEBUG PrimaryStageWindow   - Scaled ratio: (1.0, 1.0)
12:09:33.239 [JavaFX Application Thread] DEBUG PrimaryStageWindow   - Scene size: 800.0 x 600.0
12:09:33.240 [JavaFX Application Thread] DEBUG PrimaryStageWindow   - Stage size: 808.0 x 638.0
12:09:33.268 [FXGL Background Thread 1 ] DEBUG Engine               - Initializing environment variables
12:09:33.376 [FXGL Background Thread 1 ] DEBUG FXGLAssetLoaderServi - User app class for loading assets: class com.simulation.restaurant.App
12:09:33.376 [FXGL Background Thread 1 ] DEBUG GameApplicationServi - Applying CSS: fxgl_dark.css
12:09:33.380 [FXGL Background Thread 1 ] DEBUG FXGLAssetLoaderServi - Loading from file system: jar:file:/home/diego/.m2/repository/com/github/almasb/fxgl/17.2/fxgl-17.2.jar!/fxglassets/ui/css/fxgl_dark.css
12:09:33.534 [FXGL Background Thread 1 ] DEBUG GameApplicationServi - Initializing application scenes
12:09:33.695 [FXGL Background Thread 1 ] DEBUG GameWorld            - Game world initialized
12:09:33.912 [FXGL Background Thread 1 ] DEBUG PhysicsWorld         - Physics world initialized: appHeight=600, physics.ppm=50.0
12:09:33.913 [FXGL Background Thread 1 ] DEBUG PhysicsWorld         - Using strategy: BRUTE_FORCE
12:09:33.930 [FXGL Background Thread 1 ] DEBUG GameScene            - Game scene initialized: 800x600
12:09:34.013 [FXGL Background Thread 1 ] DEBUG FXGL.DefaultMenu     - createMenuBodyGameMenu()
12:09:34.081 [FXGL Background Thread 1 ] DEBUG FXGL.DefaultMenu     - createOptionsMenu()
12:09:34.117 [FXGL Background Thread 1 ] DEBUG FXGLAssetLoaderServi - Loading from file system: jar:file:/home/diego/.m2/repository/com/github/almasb/fxgl/17.2/fxgl-17.2.jar!/fxglassets/textures/particles/smoke.png
12:09:34.651 [FXGL Background Thread 1 ] DEBUG FXGLAssetLoaderServi - Loading from file system: jar:file:/home/diego/.m2/repository/com/github/almasb/fxgl/17.2/fxgl-17.2.jar!/fxglassets/textures/particles/trace_horizontal.png
12:09:34.762 [FXGL Background Thread 1 ] DEBUG GameApplicationServi - Application scenes initialized
12:09:34.846 [FXGL Background Thread 1 ] DEBUG SystemBundleService  - Loading FXGL system data
12:09:34.870 [FXGL Background Thread 1 ] DEBUG FileSystemAccess     - Reading from: /home/diego/Documentos/concurrente/Restaurant/personal/restaurant-simulation/system/fxgl.bundle
12:09:34.903 [FXGL Background Thread 1 ] DEBUG SystemBundleService  - Bundle FXGL: {}
12:09:34.903 [FXGL Background Thread 1 ] DEBUG UpdaterService       - Checking for updates
12:09:34.925 [FXGL Background Thread 4 ] DEBUG FXGLApplication      - Loading fonts
12:09:34.926 [FXGL Background Thread 4 ] DEBUG FXGLAssetLoaderServi - Loading from file system: jar:file:/home/diego/.m2/repository/com/github/almasb/fxgl/17.2/fxgl-17.2.jar!/fxglassets/ui/fonts/VarelaRound-Regular.ttf
12:09:34.924 [FXGL Background Thread 1 ] DEBUG FXGLApplication      - Loading default localization
12:09:34.936 [FXGL Background Thread 1 ] DEBUG FXGLAssetLoaderServi - Loading from file system: jar:file:/home/diego/.m2/repository/com/github/almasb/fxgl/17.2/fxgl-17.2.jar!/fxglassets/languages/english.lang
12:09:34.978 [FXGL Background Thread 4 ] DEBUG FXGLAssetLoaderServi - Loading from file system: jar:file:/home/diego/.m2/repository/com/github/almasb/fxgl/17.2/fxgl-17.2.jar!/fxglassets/ui/fonts/Abel-Regular.ttf
12:09:34.988 [FXGL Background Thread 4 ] DEBUG FXGLAssetLoaderServi - Loading from file system: jar:file:/home/diego/.m2/repository/com/github/almasb/fxgl/17.2/fxgl-17.2.jar!/fxglassets/ui/fonts/TerminalLandMono-Regular.otf
12:09:35.007 [FXGL Background Thread 4 ] DEBUG FXGLAssetLoaderServi - Loading from file system: jar:file:/home/diego/.m2/repository/com/github/almasb/fxgl/17.2/fxgl-17.2.jar!/fxglassets/ui/fonts/Courier-Prime.ttf
12:09:35.038 [JavaFX Application Thread] DEBUG FXGLApplication      - Registering font factories with UI factory
12:09:35.039 [FXGL Background Thread 1 ] INFO  FXGLApplication      - FXGL initialization took: 1.772 sec
12:09:35.059 [JavaFX Application Thread] DEBUG FXGLAssetLoaderServi - Loading from file system: jar:file:/home/diego/.m2/repository/com/github/almasb/fxgl/17.2/fxgl-17.2.jar!/fxglassets/textures/fxgl_icon.png
12:09:35.202 [JavaFX Application Thread] DEBUG FXGLAssetLoaderServi - Loading from file system: jar:file:/home/diego/.m2/repository/com/github/almasb/fxgl/17.2/fxgl-17.2.jar!/fxglassets/textures/fxgl_default_cursor.png
12:09:35.239 [JavaFX Application Thread] DEBUG Input                - Registered new binding: Screenshot - CTRL+8
12:09:35.241 [JavaFX Application Thread] DEBUG Input                - Registered new binding: System info dump - CTRL+9
12:09:35.243 [JavaFX Application Thread] DEBUG Input                - Registered new binding: Restart - CTRL+R
12:09:35.245 [JavaFX Application Thread] DEBUG Input                - Registered new binding: Toggle Debug Camera - CTRL+7
12:09:35.256 [JavaFX Application Thread] DEBUG LoopRunner           - Starting loop
12:09:35.257 [JavaFX Application Thread] DEBUG LoopRunner           - Initializing JavaFX AnimationTimerLoop
12:09:35.265 [JavaFX Application Thread] DEBUG GameApplicationServi - Starting new game
12:09:35.267 [JavaFX Application Thread] DEBUG Input                - Clearing active input actions
12:09:35.343 [JavaFX Application Thread] DEBUG GameApplicationServi - Removing overlay from FXGLStartupScene and adding to FXGLLoadingScene
12:09:35.345 [JavaFX Application Thread] DEBUG PrimaryStageWindow   - FXGLStartupScene -> FXGLLoadingScene
12:09:35.345 [JavaFX Application Thread] DEBUG GameApplicationServi - Clearing previous game
12:09:35.345 [JavaFX Application Thread] DEBUG GameScene            - Clearing game scene
12:09:35.346 [JavaFX Application Thread] DEBUG GameWorld            - Clearing game world
12:09:35.346 [JavaFX Application Thread] DEBUG PhysicsWorld         - Clearing physics world
12:09:35.359 [FXGL Background Thread 1 ] DEBUG FXGLApplication      - Initializing game
12:09:35.643 [JavaFX Application Thread] DEBUG FXGLApplication      - Exiting FXGL
12:09:35.644 [JavaFX Application Thread] DEBUG LoopRunner           - Stopping loop
12:09:35.644 [JavaFX Application Thread] DEBUG SystemBundleService  - Saving FXGL system data
12:09:35.652 [JavaFX Application Thread] DEBUG FileSystemAccess     - Writing to: /home/diego/Documentos/concurrente/Restaurant/personal/restaurant-simulation/system/fxgl.bundle
12:09:35.661 [JavaFX Application Thread] DEBUG Async                - Shutting down background threads
12:09:35.663 [JavaFX Application Thread] DEBUG PrimaryStageWindow   - Closing main window
12:09:35.674 [JavaFX Application Thread] DEBUG Logger               - Closing Logger
