13:23:32.955 [com.simulation.restaurant] DEBUG Logger               - Configured Logger
13:23:33.007 [com.simulation.restaurant] DEBUG GameApplication      - Logging settings
Title: Restaurant Simulation
Version: 0.0
Width: 800
Height: 600
Fullscreen: false
Intro: false
Profiling: false
Single step:false
App Mode: DEVELOPER
Menu Key: ESCAPE
Stage Style: DECORATED
Scene Factory: class com.almasb.fxgl.app.scene.SceneFactory

13:23:33.593 [JavaFX Application Thread] DEBUG FXGLApplication      - Initializing FXGL
13:23:33.607 [JavaFX Application Thread] INFO  Engine               - FXGL-17.2 (20.08.2022 16.50) on LINUX (J:21.0.5 FX:18)
13:23:33.608 [JavaFX Application Thread] DEBUG Engine               - JRE Vendor Name: Red Hat, Inc.
13:23:33.608 [JavaFX Application Thread] DEBUG Engine               - Running on OS: Linux version 6.11.8-200.fc40.x86_64
13:23:33.610 [JavaFX Application Thread] DEBUG Engine               - Architecture: amd64
13:23:33.610 [JavaFX Application Thread] INFO  Engine               - Source code and latest versions at: https://github.com/AlmasB/FXGL
13:23:33.611 [JavaFX Application Thread] INFO  Engine               -       Ask questions and discuss at: https://github.com/AlmasB/FXGL/discussions
13:23:33.611 [JavaFX Application Thread] INFO  Engine               -              Join the FXGL chat at: https://gitter.im/AlmasB/FXGL
13:23:33.985 [JavaFX Application Thread] DEBUG PrimaryStageWindow   - Creating a JavaFX scene
13:23:34.259 [JavaFX Application Thread] DEBUG PrimaryStageWindow   - Target settings size: 800.0 x 600.0
13:23:34.260 [JavaFX Application Thread] DEBUG PrimaryStageWindow   - Scaled scene size:    800.0 x 600.0
13:23:34.260 [JavaFX Application Thread] DEBUG PrimaryStageWindow   - Scaled ratio: (1.0, 1.0)
13:23:34.264 [JavaFX Application Thread] DEBUG PrimaryStageWindow   - Set initial scene to FXGLStartupScene
13:23:34.290 [JavaFX Application Thread] DEBUG PrimaryStageWindow   - Opening main window
13:23:34.507 [JavaFX Application Thread] DEBUG PrimaryStageWindow   - Window border size: (8.0, 38.0)
13:23:34.508 [JavaFX Application Thread] DEBUG PrimaryStageWindow   - Scaled size: 800.0 x 600.0
13:23:34.508 [JavaFX Application Thread] DEBUG PrimaryStageWindow   - Scaled ratio: (1.0, 1.0)
13:23:34.509 [JavaFX Application Thread] DEBUG PrimaryStageWindow   - Scene size: 800.0 x 600.0
13:23:34.509 [JavaFX Application Thread] DEBUG PrimaryStageWindow   - Stage size: 808.0 x 638.0
13:23:34.531 [FXGL Background Thread 1 ] DEBUG Engine               - Initializing environment variables
13:23:34.630 [FXGL Background Thread 1 ] DEBUG FXGLAssetLoaderServi - User app class for loading assets: class com.simulation.restaurant.App
13:23:34.631 [FXGL Background Thread 1 ] DEBUG GameApplicationServi - Applying CSS: fxgl_dark.css
13:23:34.633 [FXGL Background Thread 1 ] DEBUG FXGLAssetLoaderServi - Loading from file system: jar:file:/home/diego/.m2/repository/com/github/almasb/fxgl/17.2/fxgl-17.2.jar!/fxglassets/ui/css/fxgl_dark.css
13:23:34.913 [FXGL Background Thread 1 ] DEBUG GameApplicationServi - Initializing application scenes
13:23:35.267 [FXGL Background Thread 1 ] DEBUG GameWorld            - Game world initialized
13:23:35.579 [FXGL Background Thread 1 ] DEBUG PhysicsWorld         - Physics world initialized: appHeight=600, physics.ppm=50.0
13:23:35.580 [FXGL Background Thread 1 ] DEBUG PhysicsWorld         - Using strategy: BRUTE_FORCE
13:23:35.599 [FXGL Background Thread 1 ] DEBUG GameScene            - Game scene initialized: 800x600
13:23:35.639 [FXGL Background Thread 1 ] DEBUG FXGL.DefaultMenu     - createMenuBodyGameMenu()
13:23:35.704 [FXGL Background Thread 1 ] DEBUG FXGL.DefaultMenu     - createOptionsMenu()
13:23:35.751 [FXGL Background Thread 1 ] DEBUG FXGLAssetLoaderServi - Loading from file system: jar:file:/home/diego/.m2/repository/com/github/almasb/fxgl/17.2/fxgl-17.2.jar!/fxglassets/textures/particles/smoke.png
13:23:36.188 [FXGL Background Thread 1 ] DEBUG FXGLAssetLoaderServi - Loading from file system: jar:file:/home/diego/.m2/repository/com/github/almasb/fxgl/17.2/fxgl-17.2.jar!/fxglassets/textures/particles/trace_horizontal.png
13:23:36.262 [FXGL Background Thread 1 ] DEBUG GameApplicationServi - Application scenes initialized
13:23:36.299 [FXGL Background Thread 1 ] DEBUG SystemBundleService  - Loading FXGL system data
13:23:36.309 [FXGL Background Thread 1 ] DEBUG FileSystemAccess     - Reading from: /home/diego/Documentos/concurrente/Restaurant/personal/restaurant-simulation/system/fxgl.bundle
13:23:36.333 [FXGL Background Thread 1 ] DEBUG SystemBundleService  - Bundle FXGL: {}
13:23:36.334 [FXGL Background Thread 1 ] DEBUG UpdaterService       - Checking for updates
13:23:36.346 [FXGL Background Thread 4 ] DEBUG FXGLApplication      - Loading fonts
13:23:36.347 [FXGL Background Thread 4 ] DEBUG FXGLAssetLoaderServi - Loading from file system: jar:file:/home/diego/.m2/repository/com/github/almasb/fxgl/17.2/fxgl-17.2.jar!/fxglassets/ui/fonts/VarelaRound-Regular.ttf
13:23:36.348 [FXGL Background Thread 1 ] DEBUG FXGLApplication      - Loading default localization
13:23:36.349 [FXGL Background Thread 1 ] DEBUG FXGLAssetLoaderServi - Loading from file system: jar:file:/home/diego/.m2/repository/com/github/almasb/fxgl/17.2/fxgl-17.2.jar!/fxglassets/languages/english.lang
13:23:36.375 [FXGL Background Thread 4 ] DEBUG FXGLAssetLoaderServi - Loading from file system: jar:file:/home/diego/.m2/repository/com/github/almasb/fxgl/17.2/fxgl-17.2.jar!/fxglassets/ui/fonts/Abel-Regular.ttf
13:23:36.379 [FXGL Background Thread 4 ] DEBUG FXGLAssetLoaderServi - Loading from file system: jar:file:/home/diego/.m2/repository/com/github/almasb/fxgl/17.2/fxgl-17.2.jar!/fxglassets/ui/fonts/TerminalLandMono-Regular.otf
13:23:36.386 [FXGL Background Thread 4 ] DEBUG FXGLAssetLoaderServi - Loading from file system: jar:file:/home/diego/.m2/repository/com/github/almasb/fxgl/17.2/fxgl-17.2.jar!/fxglassets/ui/fonts/Courier-Prime.ttf
13:23:36.396 [JavaFX Application Thread] DEBUG FXGLApplication      - Registering font factories with UI factory
13:23:36.403 [FXGL Background Thread 1 ] INFO  FXGLApplication      - FXGL initialization took: 1.872 sec
13:23:36.407 [JavaFX Application Thread] DEBUG FXGLAssetLoaderServi - Loading from file system: jar:file:/home/diego/.m2/repository/com/github/almasb/fxgl/17.2/fxgl-17.2.jar!/fxglassets/textures/fxgl_icon.png
13:23:36.500 [JavaFX Application Thread] DEBUG FXGLAssetLoaderServi - Loading from file system: jar:file:/home/diego/.m2/repository/com/github/almasb/fxgl/17.2/fxgl-17.2.jar!/fxglassets/textures/fxgl_default_cursor.png
13:23:36.539 [JavaFX Application Thread] DEBUG Input                - Registered new binding: Screenshot - CTRL+8
13:23:36.543 [JavaFX Application Thread] DEBUG Input                - Registered new binding: System info dump - CTRL+9
13:23:36.545 [JavaFX Application Thread] DEBUG Input                - Registered new binding: Restart - CTRL+R
13:23:36.548 [JavaFX Application Thread] DEBUG Input                - Registered new binding: Toggle Debug Camera - CTRL+7
13:23:36.559 [JavaFX Application Thread] DEBUG LoopRunner           - Starting loop
13:23:36.561 [JavaFX Application Thread] DEBUG LoopRunner           - Initializing JavaFX AnimationTimerLoop
13:23:36.566 [JavaFX Application Thread] DEBUG GameApplicationServi - Starting new game
13:23:36.571 [JavaFX Application Thread] DEBUG Input                - Clearing active input actions
13:23:36.657 [JavaFX Application Thread] DEBUG GameApplicationServi - Removing overlay from FXGLStartupScene and adding to FXGLLoadingScene
13:23:36.658 [JavaFX Application Thread] DEBUG PrimaryStageWindow   - FXGLStartupScene -> FXGLLoadingScene
13:23:36.659 [JavaFX Application Thread] DEBUG GameApplicationServi - Clearing previous game
13:23:36.659 [JavaFX Application Thread] DEBUG GameScene            - Clearing game scene
13:23:36.659 [JavaFX Application Thread] DEBUG GameWorld            - Clearing game world
13:23:36.663 [JavaFX Application Thread] DEBUG PhysicsWorld         - Clearing physics world
13:23:36.675 [FXGL Background Thread 1 ] DEBUG FXGLApplication      - Initializing game
13:23:36.686 [FXGL Background Thread 1 ] DEBUG FXGLAssetLoaderServi - Loading from file system: file:/home/diego/Documentos/concurrente/Restaurant/personal/restaurant-simulation/target/classes/assets/textures/floor.png
13:23:36.705 [FXGL Background Thread 1 ] DEBUG FXGLAssetLoaderServi - Loading from file system: file:/home/diego/Documentos/concurrente/Restaurant/personal/restaurant-simulation/target/classes/assets/textures/table.png
13:23:36.716 [FXGL Background Thread 1 ] DEBUG FXGLAssetLoaderServi - Loading from file system: file:/home/diego/Documentos/concurrente/Restaurant/personal/restaurant-simulation/target/classes/assets/textures/receptionist.png
13:23:36.774 [FXGL Background Thread 1 ] DEBUG FXGLAssetLoaderServi - Loading from file system: file:/home/diego/Documentos/concurrente/Restaurant/personal/restaurant-simulation/target/classes/assets/textures/girl2.png
13:23:36.812 [FXGL Background Thread 1 ] DEBUG FXGLAssetLoaderServi - Loading from file system: file:/home/diego/Documentos/concurrente/Restaurant/personal/restaurant-simulation/target/classes/assets/textures/kitchen.png
13:23:36.839 [FXGL Background Thread 1 ] DEBUG FXGLAssetLoaderServi - Loading from file system: file:/home/diego/Documentos/concurrente/Restaurant/personal/restaurant-simulation/target/classes/assets/textures/chef.png
13:23:36.868 [FXGL Background Thread 1 ] DEBUG FXGLAssetLoaderServi - Loading from file system: file:/home/diego/Documentos/concurrente/Restaurant/personal/restaurant-simulation/target/classes/assets/textures/tables.png
13:23:36.923 [FXGL Background Thread 1 ] DEBUG FXGLAssetLoaderServi - Loading from file system: file:/home/diego/Documentos/concurrente/Restaurant/personal/restaurant-simulation/target/classes/assets/textures/mesera.png
13:23:36.994 [FXGL Background Thread 1 ] DEBUG FXGLAssetLoaderServi - Loading from file system: file:/home/diego/Documentos/concurrente/Restaurant/personal/restaurant-simulation/target/classes/assets/textures/food.png
13:23:37.042 [FXGL Background Thread 1 ] WARN  GameWorld            - Entity is already attached to world
13:23:37.044 [FXGL Background Thread 1 ] WARN  GameWorld            - Entity is already attached to world
13:23:37.048 [FXGL Background Thread 1 ] WARN  GameWorld            - Entity is already attached to world
13:23:37.048 [FXGL Background Thread 1 ] WARN  GameWorld            - Entity is already attached to world
13:23:37.049 [FXGL Background Thread 1 ] WARN  GameWorld            - Entity is already attached to world
13:23:37.049 [FXGL Background Thread 1 ] WARN  GameWorld            - Entity is already attached to world
13:23:37.049 [FXGL Background Thread 1 ] WARN  GameWorld            - Entity is already attached to world
13:23:37.052 [FXGL Background Thread 1 ] WARN  GameWorld            - Entity is already attached to world
13:23:37.052 [FXGL Background Thread 1 ] WARN  GameWorld            - Entity is already attached to world
13:23:37.053 [FXGL Background Thread 1 ] WARN  GameWorld            - Entity is already attached to world
13:23:37.053 [FXGL Background Thread 1 ] WARN  GameWorld            - Entity is already attached to world
13:23:37.053 [FXGL Background Thread 1 ] WARN  GameWorld            - Entity is already attached to world
13:23:37.055 [FXGL Background Thread 1 ] WARN  GameWorld            - Entity is already attached to world
13:23:37.055 [FXGL Background Thread 1 ] WARN  GameWorld            - Entity is already attached to world
13:23:37.059 [FXGL Background Thread 1 ] WARN  GameWorld            - Entity is already attached to world
13:23:37.059 [FXGL Background Thread 1 ] WARN  GameWorld            - Entity is already attached to world
13:23:37.060 [FXGL Background Thread 1 ] WARN  GameWorld            - Entity is already attached to world
13:23:37.060 [FXGL Background Thread 1 ] WARN  GameWorld            - Entity is already attached to world
13:23:37.061 [FXGL Background Thread 1 ] WARN  GameWorld            - Entity is already attached to world
13:23:37.061 [FXGL Background Thread 1 ] WARN  GameWorld            - Entity is already attached to world
13:23:37.061 [FXGL Background Thread 1 ] WARN  GameWorld            - Entity is already attached to world
13:23:37.094 [FXGL Background Thread 1 ] INFO  FXGLApplication      - Game initialization took: 0.419 sec
13:23:37.181 [JavaFX Application Thread] DEBUG Input                - Clearing active input actions
13:23:37.280 [JavaFX Application Thread] DEBUG GameApplicationServi - Removing overlay from FXGLLoadingScene and adding to GameScene
13:23:37.287 [JavaFX Application Thread] DEBUG PrimaryStageWindow   - FXGLLoadingScene -> GameScene
13:23:37.290 [JavaFX Application Thread] WARN  FXGLAssetLoaderServi - Asset "/assets/textures/comensal.png" was not found!
13:23:37.296 [JavaFX Application Thread] WARN  FXGLAssetLoaderServi - Failed to load RESIZABLE_IMAGE
13:23:37.354 [JavaFX Application Thread] WARN  FXGLAssetLoaderServi - Asset "/assets/textures/comensal.png" was not found!
13:23:37.356 [JavaFX Application Thread] WARN  FXGLAssetLoaderServi - Failed to load RESIZABLE_IMAGE
13:23:39.341 [FXGL Background Thread 3 ] DEBUG Engine               - Logging environment variables
13:23:39.344 [FXGL Background Thread 3 ] DEBUG Engine               - achievements: []
13:23:39.345 [FXGL Background Thread 3 ] DEBUG Engine               - actualHeight: 600.0
13:23:39.345 [FXGL Background Thread 3 ] DEBUG Engine               - actualHeightProperty: ReadOnlyDoubleProperty [value: 600.0]
13:23:39.346 [FXGL Background Thread 3 ] DEBUG Engine               - actualWidth: 800.0
13:23:39.346 [FXGL Background Thread 3 ] DEBUG Engine               - actualWidthProperty: ReadOnlyDoubleProperty [value: 800.0]
13:23:39.346 [FXGL Background Thread 3 ] DEBUG Engine               - appIcon: fxgl_icon.png
13:23:39.347 [FXGL Background Thread 3 ] DEBUG Engine               - applicationMode: DEVELOPER
13:23:39.347 [FXGL Background Thread 3 ] DEBUG Engine               - cSSList: [fxgl_dark.css]
13:23:39.347 [FXGL Background Thread 3 ] DEBUG Engine               - collisionDetectionStrategy: BRUTE_FORCE
13:23:39.348 [FXGL Background Thread 3 ] DEBUG Engine               - configClass: Optional.empty
13:23:39.348 [FXGL Background Thread 3 ] DEBUG Engine               - credits: []
13:23:39.350 [FXGL Background Thread 3 ] DEBUG Engine               - defaultCursor: CursorInfo(imageName=fxgl_default_cursor.png, hotspotX=7.0, hotspotY=6.0)
13:23:39.351 [FXGL Background Thread 3 ] DEBUG Engine               - devBBoxColorProperty: ObjectProperty [value: 0xff0000ff]
13:23:39.352 [FXGL Background Thread 3 ] DEBUG Engine               - devEnableDebugCameraProperty: BooleanProperty [value: false]
13:23:39.353 [FXGL Background Thread 3 ] DEBUG Engine               - devSensorColorProperty: ObjectProperty [value: 0xffff00ff]
13:23:39.353 [FXGL Background Thread 3 ] DEBUG Engine               - devShowBBoxProperty: BooleanProperty [value: false]
13:23:39.353 [FXGL Background Thread 3 ] DEBUG Engine               - devShowPositionProperty: BooleanProperty [value: false]
13:23:39.354 [FXGL Background Thread 3 ] DEBUG Engine               - enabledMenuItems: []
13:23:39.354 [FXGL Background Thread 3 ] DEBUG Engine               - engineServices: [class com.almasb.fxgl.app.services.FXGLAssetLoaderService, class com.almasb.fxgl.app.FXGLApplication$GameApplicationService, class com.almasb.fxgl.app.services.FXGLDialogService, class com.almasb.fxgl.app.services.IOTaskExecutorService, class com.almasb.fxgl.io.FileSystemService, class com.almasb.fxgl.localization.LocalizationService, class com.almasb.fxgl.app.services.SystemBundleService, class com.almasb.fxgl.profile.SaveLoadService, class com.almasb.fxgl.ui.FXGLUIFactoryServiceProvider, class com.almasb.fxgl.ui.FXGLDialogFactoryServiceProvider, class com.almasb.fxgl.audio.AudioPlayer, class com.almasb.fxgl.notification.impl.NotificationServiceProvider, class com.almasb.fxgl.achievement.AchievementService, class com.almasb.fxgl.cutscene.CutsceneService, class com.almasb.fxgl.minigames.MiniGameService, class com.almasb.fxgl.net.NetService, class com.almasb.fxgl.app.services.UpdaterService, class com.almasb.fxgl.dev.DevService]
13:23:39.354 [FXGL Background Thread 3 ] DEBUG Engine               - fontGame: Abel-Regular.ttf
13:23:39.355 [FXGL Background Thread 3 ] DEBUG Engine               - fontMono: TerminalLandMono-Regular.otf
13:23:39.355 [FXGL Background Thread 3 ] DEBUG Engine               - fontText: Courier-Prime.ttf
13:23:39.356 [FXGL Background Thread 3 ] DEBUG Engine               - fontUI: VarelaRound-Regular.ttf
13:23:39.356 [FXGL Background Thread 3 ] DEBUG Engine               - fullScreen: BooleanProperty [value: false]
13:23:39.357 [FXGL Background Thread 3 ] DEBUG Engine               - gameDifficulty: MEDIUM
13:23:39.357 [FXGL Background Thread 3 ] DEBUG Engine               - gameDifficultyProperty: ObjectProperty [value: MEDIUM]
13:23:39.357 [FXGL Background Thread 3 ] DEBUG Engine               - globalMusicVolume: 0.5
13:23:39.358 [FXGL Background Thread 3 ] DEBUG Engine               - globalMusicVolumeProperty: DoubleProperty [value: 0.5]
13:23:39.358 [FXGL Background Thread 3 ] DEBUG Engine               - globalSoundVolume: 0.5
13:23:39.359 [FXGL Background Thread 3 ] DEBUG Engine               - globalSoundVolumeProperty: DoubleProperty [value: 0.5]
13:23:39.359 [FXGL Background Thread 3 ] DEBUG Engine               - height: 600
13:23:39.359 [FXGL Background Thread 3 ] DEBUG Engine               - is3D: false
13:23:39.360 [FXGL Background Thread 3 ] DEBUG Engine               - isAndroid: false
13:23:39.360 [FXGL Background Thread 3 ] DEBUG Engine               - isBrowser: false
13:23:39.360 [FXGL Background Thread 3 ] DEBUG Engine               - isClickFeedbackEnabled: false
13:23:39.360 [FXGL Background Thread 3 ] DEBUG Engine               - isCloseConfirmation: false
13:23:39.361 [FXGL Background Thread 3 ] DEBUG Engine               - isDesktop: true
13:23:39.361 [FXGL Background Thread 3 ] DEBUG Engine               - isDeveloperMenuEnabled: false
13:23:39.362 [FXGL Background Thread 3 ] DEBUG Engine               - isEmbedded: false
13:23:39.362 [FXGL Background Thread 3 ] DEBUG Engine               - isEntityPreloadEnabled: true
13:23:39.362 [FXGL Background Thread 3 ] DEBUG Engine               - isExperimentalTiledLargeMap: false
13:23:39.363 [FXGL Background Thread 3 ] DEBUG Engine               - isFileSystemWriteAllowed: true
13:23:39.363 [FXGL Background Thread 3 ] DEBUG Engine               - isFullScreenAllowed: false
13:23:39.363 [FXGL Background Thread 3 ] DEBUG Engine               - isFullScreenFromStart: false
13:23:39.364 [FXGL Background Thread 3 ] DEBUG Engine               - isGameMenuEnabled: true
13:23:39.364 [FXGL Background Thread 3 ] DEBUG Engine               - isIOS: false
13:23:39.364 [FXGL Background Thread 3 ] DEBUG Engine               - isIntroEnabled: false
13:23:39.364 [FXGL Background Thread 3 ] DEBUG Engine               - isLinux: true
13:23:39.365 [FXGL Background Thread 3 ] DEBUG Engine               - isMac: false
13:23:39.365 [FXGL Background Thread 3 ] DEBUG Engine               - isMainMenuEnabled: false
13:23:39.365 [FXGL Background Thread 3 ] DEBUG Engine               - isManualResizeEnabled: false
13:23:39.366 [FXGL Background Thread 3 ] DEBUG Engine               - isMobile: false
13:23:39.366 [FXGL Background Thread 3 ] DEBUG Engine               - isNative: false
13:23:39.366 [FXGL Background Thread 3 ] DEBUG Engine               - isPauseMusicWhenMinimized: true
13:23:39.367 [FXGL Background Thread 3 ] DEBUG Engine               - isPreserveResizeRatio: false
13:23:39.367 [FXGL Background Thread 3 ] DEBUG Engine               - isProfilingEnabled: false
13:23:39.367 [FXGL Background Thread 3 ] DEBUG Engine               - isScaleAffectedOnResize: true
13:23:39.368 [FXGL Background Thread 3 ] DEBUG Engine               - isSingleStep: false
13:23:39.368 [FXGL Background Thread 3 ] DEBUG Engine               - isUserProfileEnabled: false
13:23:39.368 [FXGL Background Thread 3 ] DEBUG Engine               - isWindows: false
13:23:39.368 [FXGL Background Thread 3 ] DEBUG Engine               - language: ObjectProperty [value: ENGLISH]
13:23:39.369 [FXGL Background Thread 3 ] DEBUG Engine               - menuKey: ESCAPE
13:23:39.369 [FXGL Background Thread 3 ] DEBUG Engine               - mouseSensitivity: 0.2
13:23:39.370 [FXGL Background Thread 3 ] DEBUG Engine               - notificationViewClass: class com.almasb.fxgl.notification.view.XboxNotificationView
13:23:39.370 [FXGL Background Thread 3 ] DEBUG Engine               - pixelsPerMeter: 50.0
13:23:39.371 [FXGL Background Thread 3 ] DEBUG Engine               - platform: LINUX
13:23:39.371 [FXGL Background Thread 3 ] DEBUG Engine               - prefHeightProperty: ReadOnlyDoubleProperty [value: 600.0]
13:23:39.372 [FXGL Background Thread 3 ] DEBUG Engine               - prefWidthProperty: ReadOnlyDoubleProperty [value: 800.0]
13:23:39.372 [FXGL Background Thread 3 ] DEBUG Engine               - profileDir: profiles/
13:23:39.373 [FXGL Background Thread 3 ] DEBUG Engine               - profileName: StringProperty [value: DEFAULT]
13:23:39.373 [FXGL Background Thread 3 ] DEBUG Engine               - randomSeed: -1
13:23:39.375 [FXGL Background Thread 3 ] DEBUG Engine               - runtimeInfo: RuntimeInfo(platform=LINUX, version=17.2, build=20.08.2022 16.50)
13:23:39.375 [FXGL Background Thread 3 ] DEBUG Engine               - saveFileExt: sav
13:23:39.376 [FXGL Background Thread 3 ] DEBUG Engine               - scaledHeightProp$fxgl: DoubleProperty [bound, value: 600.0]
13:23:39.376 [FXGL Background Thread 3 ] DEBUG Engine               - scaledWidthProp$fxgl: DoubleProperty [bound, value: 800.0]
13:23:39.376 [FXGL Background Thread 3 ] DEBUG Engine               - sceneFactory: com.almasb.fxgl.app.scene.SceneFactory@16d713b1
13:23:39.377 [FXGL Background Thread 3 ] DEBUG Engine               - secondsIn24h: 60
13:23:39.377 [FXGL Background Thread 3 ] DEBUG Engine               - soundMenuBack: menu/back.wav
13:23:39.377 [FXGL Background Thread 3 ] DEBUG Engine               - soundMenuPress: menu/press.wav
13:23:39.378 [FXGL Background Thread 3 ] DEBUG Engine               - soundMenuSelect: menu/select.wav
13:23:39.378 [FXGL Background Thread 3 ] DEBUG Engine               - soundNotification: core/notification.wav
13:23:39.378 [FXGL Background Thread 3 ] DEBUG Engine               - stageStyle: DECORATED
13:23:39.378 [FXGL Background Thread 3 ] DEBUG Engine               - supportedLanguages: [ENGLISH, FRENCH, GERMAN, HUNGARIAN, RUSSIAN]
13:23:39.379 [FXGL Background Thread 3 ] DEBUG Engine               - ticksPerSecond: -1
13:23:39.379 [FXGL Background Thread 3 ] DEBUG Engine               - title: Restaurant Simulation
13:23:39.380 [FXGL Background Thread 3 ] DEBUG Engine               - urlGithub: https://github.com/AlmasB/FXGL
13:23:39.380 [FXGL Background Thread 3 ] DEBUG Engine               - urlLeaderboard: http://fxgl-top.herokuapp.com/
13:23:39.380 [FXGL Background Thread 3 ] DEBUG Engine               - urlPOM: https://raw.githubusercontent.com/AlmasB/FXGL/release/README.md
13:23:39.381 [FXGL Background Thread 3 ] DEBUG Engine               - userAppClass: class com.simulation.restaurant.App
13:23:39.381 [FXGL Background Thread 3 ] DEBUG Engine               - version: 0.0
13:23:39.381 [FXGL Background Thread 3 ] DEBUG Engine               - versionCheckDays: 7
13:23:39.381 [FXGL Background Thread 3 ] DEBUG Engine               - width: 800
13:23:39.382 [FXGL Background Thread 3 ] DEBUG Engine               - Logging services
13:23:39.382 [FXGL Background Thread 3 ] DEBUG Engine               - class com.almasb.fxgl.app.services.FXGLAssetLoaderService
13:23:39.382 [FXGL Background Thread 3 ] DEBUG Engine               - class com.almasb.fxgl.app.FXGLApplication$GameApplicationService
13:23:39.382 [FXGL Background Thread 3 ] DEBUG Engine               - class com.almasb.fxgl.app.services.FXGLDialogService
13:23:39.383 [FXGL Background Thread 3 ] DEBUG Engine               - class com.almasb.fxgl.app.services.IOTaskExecutorService
13:23:39.383 [FXGL Background Thread 3 ] DEBUG Engine               - class com.almasb.fxgl.io.FileSystemService
13:23:39.383 [FXGL Background Thread 3 ] DEBUG Engine               - class com.almasb.fxgl.localization.LocalizationService
13:23:39.383 [FXGL Background Thread 3 ] DEBUG Engine               - class com.almasb.fxgl.app.services.SystemBundleService
13:23:39.384 [FXGL Background Thread 3 ] DEBUG Engine               - class com.almasb.fxgl.profile.SaveLoadService
13:23:39.384 [FXGL Background Thread 3 ] DEBUG Engine               - class com.almasb.fxgl.ui.FXGLUIFactoryServiceProvider
13:23:39.384 [FXGL Background Thread 3 ] DEBUG Engine               - class com.almasb.fxgl.ui.FXGLDialogFactoryServiceProvider
13:23:39.384 [FXGL Background Thread 3 ] DEBUG Engine               - class com.almasb.fxgl.audio.AudioPlayer
13:23:39.385 [FXGL Background Thread 3 ] DEBUG Engine               - class com.almasb.fxgl.notification.impl.NotificationServiceProvider
13:23:39.385 [FXGL Background Thread 3 ] DEBUG Engine               - class com.almasb.fxgl.achievement.AchievementService
13:23:39.385 [FXGL Background Thread 3 ] DEBUG Engine               - class com.almasb.fxgl.cutscene.CutsceneService
13:23:39.385 [FXGL Background Thread 3 ] DEBUG Engine               - class com.almasb.fxgl.minigames.MiniGameService
13:23:39.386 [FXGL Background Thread 3 ] DEBUG Engine               - class com.almasb.fxgl.net.NetService
13:23:39.386 [FXGL Background Thread 3 ] DEBUG Engine               - class com.almasb.fxgl.app.services.UpdaterService
13:23:39.386 [FXGL Background Thread 3 ] DEBUG Engine               - class com.almasb.fxgl.dev.DevService
13:23:41.105 [JavaFX Application Thread] WARN  FXGLAssetLoaderServi - Asset "/assets/textures/comensal.png" was not found!
13:23:41.107 [JavaFX Application Thread] WARN  FXGLAssetLoaderServi - Failed to load RESIZABLE_IMAGE
13:23:41.113 [JavaFX Application Thread] WARN  FXGLAssetLoaderServi - Asset "/assets/textures/comensal.png" was not found!
13:23:41.114 [JavaFX Application Thread] WARN  FXGLAssetLoaderServi - Failed to load RESIZABLE_IMAGE
13:23:42.800 [FXGL Background Thread 2 ] INFO  UpdaterService       - Your current version:  17.2
13:23:42.801 [FXGL Background Thread 2 ] INFO  UpdaterService       - Latest stable version: 21.1
13:23:43.107 [JavaFX Application Thread] WARN  FXGLAssetLoaderServi - Asset "/assets/textures/comensal.png" was not found!
13:23:43.108 [JavaFX Application Thread] WARN  FXGLAssetLoaderServi - Failed to load RESIZABLE_IMAGE
13:23:43.115 [JavaFX Application Thread] WARN  FXGLAssetLoaderServi - Asset "/assets/textures/comensal.png" was not found!
13:23:43.116 [JavaFX Application Thread] WARN  FXGLAssetLoaderServi - Failed to load RESIZABLE_IMAGE
13:23:44.106 [JavaFX Application Thread] WARN  FXGLAssetLoaderServi - Asset "/assets/textures/comensal.png" was not found!
13:23:44.107 [JavaFX Application Thread] WARN  FXGLAssetLoaderServi - Failed to load RESIZABLE_IMAGE
13:23:44.112 [JavaFX Application Thread] WARN  FXGLAssetLoaderServi - Asset "/assets/textures/comensal.png" was not found!
13:23:44.113 [JavaFX Application Thread] WARN  FXGLAssetLoaderServi - Failed to load RESIZABLE_IMAGE
13:23:46.298 [JavaFX Application Thread] WARN  FXGLAssetLoaderServi - Asset "/assets/textures/comensal.png" was not found!
13:23:46.299 [JavaFX Application Thread] WARN  FXGLAssetLoaderServi - Failed to load RESIZABLE_IMAGE
13:23:46.302 [JavaFX Application Thread] WARN  FXGLAssetLoaderServi - Asset "/assets/textures/comensal.png" was not found!
13:23:46.303 [JavaFX Application Thread] WARN  FXGLAssetLoaderServi - Failed to load RESIZABLE_IMAGE
13:23:50.930 [JavaFX Application Thread] WARN  FXGLAssetLoaderServi - Asset "/assets/textures/comensal.png" was not found!
13:23:50.931 [JavaFX Application Thread] WARN  FXGLAssetLoaderServi - Failed to load RESIZABLE_IMAGE
13:23:50.935 [JavaFX Application Thread] WARN  FXGLAssetLoaderServi - Asset "/assets/textures/comensal.png" was not found!
13:23:50.936 [JavaFX Application Thread] WARN  FXGLAssetLoaderServi - Failed to load RESIZABLE_IMAGE
13:23:56.202 [JavaFX Application Thread] WARN  FXGLAssetLoaderServi - Asset "/assets/textures/comensal.png" was not found!
13:23:56.202 [JavaFX Application Thread] WARN  FXGLAssetLoaderServi - Failed to load RESIZABLE_IMAGE
13:23:56.206 [JavaFX Application Thread] WARN  FXGLAssetLoaderServi - Asset "/assets/textures/comensal.png" was not found!
13:23:56.207 [JavaFX Application Thread] WARN  FXGLAssetLoaderServi - Failed to load RESIZABLE_IMAGE
13:24:00.566 [JavaFX Application Thread] WARN  FXGLAssetLoaderServi - Asset "/assets/textures/comensal.png" was not found!
13:24:00.567 [JavaFX Application Thread] WARN  FXGLAssetLoaderServi - Failed to load RESIZABLE_IMAGE
13:24:00.572 [JavaFX Application Thread] WARN  FXGLAssetLoaderServi - Asset "/assets/textures/comensal.png" was not found!
13:24:00.572 [JavaFX Application Thread] WARN  FXGLAssetLoaderServi - Failed to load RESIZABLE_IMAGE
13:24:04.566 [JavaFX Application Thread] WARN  FXGLAssetLoaderServi - Asset "/assets/textures/comensal.png" was not found!
13:24:04.567 [JavaFX Application Thread] WARN  FXGLAssetLoaderServi - Failed to load RESIZABLE_IMAGE
13:24:04.571 [JavaFX Application Thread] WARN  FXGLAssetLoaderServi - Asset "/assets/textures/comensal.png" was not found!
13:24:04.572 [JavaFX Application Thread] WARN  FXGLAssetLoaderServi - Failed to load RESIZABLE_IMAGE
13:24:08.344 [JavaFX Application Thread] WARN  FXGLAssetLoaderServi - Asset "/assets/textures/comensal.png" was not found!
13:24:08.345 [JavaFX Application Thread] WARN  FXGLAssetLoaderServi - Failed to load RESIZABLE_IMAGE
13:24:08.348 [JavaFX Application Thread] WARN  FXGLAssetLoaderServi - Asset "/assets/textures/comensal.png" was not found!
13:24:08.349 [JavaFX Application Thread] WARN  FXGLAssetLoaderServi - Failed to load RESIZABLE_IMAGE
13:24:12.857 [JavaFX Application Thread] WARN  FXGLAssetLoaderServi - Asset "/assets/textures/comensal.png" was not found!
13:24:12.858 [JavaFX Application Thread] WARN  FXGLAssetLoaderServi - Failed to load RESIZABLE_IMAGE
13:24:12.861 [JavaFX Application Thread] WARN  FXGLAssetLoaderServi - Asset "/assets/textures/comensal.png" was not found!
13:24:12.862 [JavaFX Application Thread] WARN  FXGLAssetLoaderServi - Failed to load RESIZABLE_IMAGE
13:24:17.879 [JavaFX Application Thread] WARN  FXGLAssetLoaderServi - Asset "/assets/textures/comensal.png" was not found!
13:24:17.880 [JavaFX Application Thread] WARN  FXGLAssetLoaderServi - Failed to load RESIZABLE_IMAGE
13:24:17.883 [JavaFX Application Thread] WARN  FXGLAssetLoaderServi - Asset "/assets/textures/comensal.png" was not found!
13:24:17.885 [JavaFX Application Thread] WARN  FXGLAssetLoaderServi - Failed to load RESIZABLE_IMAGE
13:24:23.157 [JavaFX Application Thread] WARN  FXGLAssetLoaderServi - Asset "/assets/textures/comensal.png" was not found!
13:24:23.158 [JavaFX Application Thread] WARN  FXGLAssetLoaderServi - Failed to load RESIZABLE_IMAGE
13:24:23.161 [JavaFX Application Thread] WARN  FXGLAssetLoaderServi - Asset "/assets/textures/comensal.png" was not found!
13:24:23.162 [JavaFX Application Thread] WARN  FXGLAssetLoaderServi - Failed to load RESIZABLE_IMAGE
13:24:28.548 [JavaFX Application Thread] WARN  FXGLAssetLoaderServi - Asset "/assets/textures/comensal.png" was not found!
13:24:28.553 [JavaFX Application Thread] WARN  FXGLAssetLoaderServi - Failed to load RESIZABLE_IMAGE
13:24:28.557 [JavaFX Application Thread] WARN  FXGLAssetLoaderServi - Asset "/assets/textures/comensal.png" was not found!
13:24:28.558 [JavaFX Application Thread] WARN  FXGLAssetLoaderServi - Failed to load RESIZABLE_IMAGE
13:24:29.539 [JavaFX Application Thread] WARN  FXGLAssetLoaderServi - Asset "/assets/textures/comensal.png" was not found!
13:24:29.540 [JavaFX Application Thread] WARN  FXGLAssetLoaderServi - Failed to load RESIZABLE_IMAGE
13:24:29.544 [JavaFX Application Thread] WARN  FXGLAssetLoaderServi - Asset "/assets/textures/comensal.png" was not found!
13:24:29.544 [JavaFX Application Thread] WARN  FXGLAssetLoaderServi - Failed to load RESIZABLE_IMAGE
13:24:37.426 [JavaFX Application Thread] WARN  FXGLAssetLoaderServi - Asset "/assets/textures/comensal.png" was not found!
13:24:37.430 [JavaFX Application Thread] WARN  FXGLAssetLoaderServi - Failed to load RESIZABLE_IMAGE
13:24:37.433 [JavaFX Application Thread] WARN  FXGLAssetLoaderServi - Asset "/assets/textures/comensal.png" was not found!
13:24:37.433 [JavaFX Application Thread] WARN  FXGLAssetLoaderServi - Failed to load RESIZABLE_IMAGE
13:24:43.342 [JavaFX Application Thread] WARN  FXGLAssetLoaderServi - Asset "/assets/textures/comensal.png" was not found!
13:24:43.342 [JavaFX Application Thread] WARN  FXGLAssetLoaderServi - Failed to load RESIZABLE_IMAGE
13:24:43.346 [JavaFX Application Thread] WARN  FXGLAssetLoaderServi - Asset "/assets/textures/comensal.png" was not found!
13:24:43.346 [JavaFX Application Thread] WARN  FXGLAssetLoaderServi - Failed to load RESIZABLE_IMAGE
13:24:49.040 [JavaFX Application Thread] WARN  FXGLAssetLoaderServi - Asset "/assets/textures/comensal.png" was not found!
13:24:49.041 [JavaFX Application Thread] WARN  FXGLAssetLoaderServi - Failed to load RESIZABLE_IMAGE
13:24:49.045 [JavaFX Application Thread] WARN  FXGLAssetLoaderServi - Asset "/assets/textures/comensal.png" was not found!
13:24:49.045 [JavaFX Application Thread] WARN  FXGLAssetLoaderServi - Failed to load RESIZABLE_IMAGE
13:24:54.146 [JavaFX Application Thread] WARN  FXGLAssetLoaderServi - Asset "/assets/textures/comensal.png" was not found!
13:24:54.147 [JavaFX Application Thread] WARN  FXGLAssetLoaderServi - Failed to load RESIZABLE_IMAGE
13:24:54.151 [JavaFX Application Thread] WARN  FXGLAssetLoaderServi - Asset "/assets/textures/comensal.png" was not found!
13:24:54.152 [JavaFX Application Thread] WARN  FXGLAssetLoaderServi - Failed to load RESIZABLE_IMAGE
13:24:58.111 [JavaFX Application Thread] DEBUG FXGLApplication      - Exiting FXGL
13:24:58.111 [JavaFX Application Thread] DEBUG LoopRunner           - Stopping loop
13:24:58.111 [JavaFX Application Thread] DEBUG SystemBundleService  - Saving FXGL system data
13:24:58.119 [JavaFX Application Thread] DEBUG FileSystemAccess     - Writing to: /home/diego/Documentos/concurrente/Restaurant/personal/restaurant-simulation/system/fxgl.bundle
13:24:58.130 [JavaFX Application Thread] DEBUG Async                - Shutting down background threads
13:24:58.131 [JavaFX Application Thread] DEBUG PrimaryStageWindow   - Closing main window
13:24:58.138 [JavaFX Application Thread] DEBUG Logger               - Closing Logger
